<?xml version="1.0" encoding="UTF-8" ?>
<testsuite errors="0" failures="0" hostname="ben-OptiPlex-780" name="com.xrtb.tests.TestServer" skipped="0" tests="1" time="9.277" timestamp="2015-12-17T18:59:14">
  <properties>
    <property name="java.vendor" value="Oracle Corporation" />
    <property name="lib.dir" value="libs" />
    <property name="sun.java.launcher" value="SUN_STANDARD" />
    <property name="sun.management.compiler" value="HotSpot 64-Bit Tiered Compilers" />
    <property name="os.name" value="Linux" />
    <property name="sun.boot.class.path" value="/usr/lib/jvm/java-8-oracle/jre/lib/resources.jar:/usr/lib/jvm/java-8-oracle/jre/lib/rt.jar:/usr/lib/jvm/java-8-oracle/jre/lib/sunrsasign.jar:/usr/lib/jvm/java-8-oracle/jre/lib/jsse.jar:/usr/lib/jvm/java-8-oracle/jre/lib/jce.jar:/usr/lib/jvm/java-8-oracle/jre/lib/charsets.jar:/usr/lib/jvm/java-8-oracle/jre/lib/jfr.jar:/usr/lib/jvm/java-8-oracle/jre/classes" />
    <property name="sun.desktop" value="gnome" />
    <property name="java.vm.specification.vendor" value="Oracle Corporation" />
    <property name="ant.home" value="/usr/share/ant" />
    <property name="jar.dir" value="libs" />
    <property name="java.runtime.version" value="1.8.0_45-b14" />
    <property name="user.name" value="ben" />
    <property name="build.dir" value="build" />
    <property name="user.language" value="en" />
    <property name="sun.boot.library.path" value="/usr/lib/jvm/java-8-oracle/jre/lib/amd64" />
    <property name="ant.project.default-target" value="jar" />
    <property name="ant.project.name" value="xrtb" />
    <property name="java.version" value="1.8.0_45" />
    <property name="user.timezone" value="America/Los_Angeles" />
    <property name="sun.arch.data.model" value="64" />
    <property name="java.endorsed.dirs" value="/usr/lib/jvm/java-8-oracle/jre/lib/endorsed" />
    <property name="sun.cpu.isalist" value="" />
    <property name="sun.jnu.encoding" value="UTF-8" />
    <property name="file.encoding.pkg" value="sun.io" />
    <property name="file.separator" value="/" />
    <property name="java.specification.name" value="Java Platform API Specification" />
    <property name="classes.dir" value="build/classes" />
    <property name="java.class.version" value="52.0" />
    <property name="user.country" value="US" />
    <property name="java.home" value="/usr/lib/jvm/java-8-oracle/jre" />
    <property name="java.vm.info" value="mixed mode" />
    <property name="ant.file.xrtb" value="/home/ben/workspace/XRTB/build.xml" />
    <property name="main-class" value="com.xrtb.bidder.RTBServer" />
    <property name="ant.file" value="/home/ben/workspace/XRTB/build.xml" />
    <property name="os.version" value="4.2.0-19-generic" />
    <property name="ant.file.type.xrtb" value="file" />
    <property name="path.separator" value=":" />
    <property name="java.vm.version" value="25.45-b02" />
    <property name="report.dir" value="/home/ben/workspace/XRTB/reports" />
    <property name="ant.library.dir" value="/usr/share/ant/lib" />
    <property name="java.awt.printerjob" value="sun.print.PSPrinterJob" />
    <property name="sun.io.unicode.encoding" value="UnicodeLittle" />
    <property name="awt.toolkit" value="sun.awt.X11.XToolkit" />
    <property name="user.home" value="/home/ben" />
    <property name="java.specification.vendor" value="Oracle Corporation" />
    <property name="java.library.path" value="/usr/java/packages/lib/amd64:/usr/lib64:/lib64:/lib:/usr/lib" />
    <property name="java.vendor.url" value="http://java.oracle.com/" />
    <property name="java.vm.vendor" value="Oracle Corporation" />
    <property name="java.runtime.name" value="Java(TM) SE Runtime Environment" />
    <property name="sun.java.command" value="org.apache.tools.ant.taskdefs.optional.junit.JUnitTestRunner com.xrtb.tests.TestServer skipNonTests=false filtertrace=true haltOnError=false haltOnFailure=false formatter=org.apache.tools.ant.taskdefs.optional.junit.SummaryJUnitResultFormatter showoutput=true outputtoformatters=true logfailedtests=true threadid=0 logtestlistenerevents=false formatter=org.apache.tools.ant.taskdefs.optional.junit.XMLJUnitResultFormatter,/home/ben/workspace/XRTB/reports/TEST-com.xrtb.tests.TestServer.xml crashfile=/home/ben/workspace/XRTB/junitvmwatcher6815595286345019275.properties propsfile=/home/ben/workspace/XRTB/junit5043490721147527031.properties" />
    <property name="java.class.path" value="/home/ben/workspace/XRTB/libs/asm-4.2.jar:/home/ben/workspace/XRTB/libs/cdi-core-9.3.1.v20150714.jar:/home/ben/workspace/XRTB/libs/cdi-servlet-9.3.1.v20150714.jar:/home/ben/workspace/XRTB/libs/cdi-websocket-9.3.1.v20150714.jar:/home/ben/workspace/XRTB/libs/devicemap-client-java-1.1.0.jar:/home/ben/workspace/XRTB/libs/devicemap-data-1.0.3.jar:/home/ben/workspace/XRTB/libs/gson-2.4.jar:/home/ben/workspace/XRTB/libs/hamcrest-all-1.3.jar:/home/ben/workspace/XRTB/libs/hamcrest-core-1.3.jar:/home/ben/workspace/XRTB/libs/hamcrest-library-1.3.jar:/home/ben/workspace/XRTB/libs/jackson-annotations-2.4.0.jar:/home/ben/workspace/XRTB/libs/jackson-core-2.4.4.jar:/home/ben/workspace/XRTB/libs/jackson-databind-2.4.4.jar:/home/ben/workspace/XRTB/libs/jedis-2.7.2.jar:/home/ben/workspace/XRTB/libs/jetty-alpn-server-9.3.1.v20150714.jar:/home/ben/workspace/XRTB/libs/jetty-annotations-9.3.1.v20150714.jar:/home/ben/workspace/XRTB/libs/jetty-client-9.3.1.v20150714.jar:/home/ben/workspace/XRTB/libs/jetty-continuation-9.3.1.v20150714.jar:/home/ben/workspace/XRTB/libs/jetty-deploy-9.3.1.v20150714.jar:/home/ben/workspace/XRTB/libs/jetty-http-9.3.1.v20150714.jar:/home/ben/workspace/XRTB/libs/jetty-infinispan-9.3.1.v20150714.jar:/home/ben/workspace/XRTB/libs/jetty-io-9.3.1.v20150714.jar:/home/ben/workspace/XRTB/libs/jetty-jaas-9.3.1.v20150714.jar:/home/ben/workspace/XRTB/libs/jetty-jaspi-9.3.1.v20150714.jar:/home/ben/workspace/XRTB/libs/jetty-jmx-9.3.1.v20150714.jar:/home/ben/workspace/XRTB/libs/jetty-jndi-9.3.1.v20150714.jar:/home/ben/workspace/XRTB/libs/jetty-nosql-9.3.1.v20150714.jar:/home/ben/workspace/XRTB/libs/jetty-plus-9.3.1.v20150714.jar:/home/ben/workspace/XRTB/libs/jetty-proxy-9.3.1.v20150714.jar:/home/ben/workspace/XRTB/libs/jetty-quickstart-9.3.1.v20150714.jar:/home/ben/workspace/XRTB/libs/jetty-rewrite-9.3.1.v20150714.jar:/home/ben/workspace/XRTB/libs/jetty-schemas-3.1.jar:/home/ben/workspace/XRTB/libs/jetty-security-9.3.1.v20150714.jar:/home/ben/workspace/XRTB/libs/jetty-server-9.3.1.v20150714.jar:/home/ben/workspace/XRTB/libs/jetty-servlet-9.3.1.v20150714.jar:/home/ben/workspace/XRTB/libs/jetty-servlets-9.3.1.v20150714.jar:/home/ben/workspace/XRTB/libs/jetty-util-9.3.1.v20150714.jar:/home/ben/workspace/XRTB/libs/jetty-webapp-9.3.1.v20150714.jar:/home/ben/workspace/XRTB/libs/jetty-xml-9.3.1.v20150714.jar:/home/ben/workspace/XRTB/libs/jmockit-1.12.jar:/home/ben/workspace/XRTB/libs/junit-4.11.jar:/home/ben/workspace/XRTB/libs/kryo-3.0.0.jar:/home/ben/workspace/XRTB/libs/minlog-1.3.0.jar:/home/ben/workspace/XRTB/libs/netty-buffer-4.0.27.Final.jar:/home/ben/workspace/XRTB/libs/netty-codec-4.0.27.Final.jar:/home/ben/workspace/XRTB/libs/netty-codec-http-4.0.27.Final.jar:/home/ben/workspace/XRTB/libs/netty-common-4.0.27.Final.jar:/home/ben/workspace/XRTB/libs/netty-handler-4.0.27.Final.jar:/home/ben/workspace/XRTB/libs/netty-transport-4.0.27.Final.jar:/home/ben/workspace/XRTB/libs/objenesis-2.1.jar:/home/ben/workspace/XRTB/libs/privatex.jar:/home/ben/workspace/XRTB/libs/redisson-2.2.0.jar:/home/ben/workspace/XRTB/libs/reflectasm-1.10.0.jar:/home/ben/workspace/XRTB/libs/servlet-api-3.1.jar:/home/ben/workspace/XRTB/libs/slf4j-api-1.7.10.jar:/home/ben/workspace/XRTB/libs/slf4j-simple-1.7.10.jar:/home/ben/workspace/XRTB/libs/xrtb.jar:/home/ben/workspace/XRTB/build/classes:/usr/share/ant/lib/junit.jar:/usr/share/java/ant-launcher-1.9.6.jar:/usr/share/ant/lib/ant.jar:/usr/share/ant/lib/ant-junit.jar:/usr/share/ant/lib/ant-junit4.jar" />
    <property name="ant.version" value="Apache Ant(TM) version 1.9.6 compiled on July 8 2015" />
    <property name="java.vm.specification.name" value="Java Virtual Machine Specification" />
    <property name="ant.file.type" value="file" />
    <property name="java.vm.specification.version" value="1.8" />
    <property name="sun.cpu.endian" value="little" />
    <property name="sun.os.patch.level" value="unknown" />
    <property name="java.io.tmpdir" value="/tmp" />
    <property name="java.vendor.url.bug" value="http://bugreport.sun.com/bugreport/" />
    <property name="os.arch" value="amd64" />
    <property name="java.awt.graphicsenv" value="sun.awt.X11GraphicsEnvironment" />
    <property name="java.ext.dirs" value="/usr/lib/jvm/java-8-oracle/jre/lib/ext:/usr/java/packages/lib/ext" />
    <property name="user.dir" value="/home/ben/workspace/XRTB" />
    <property name="line.separator" value="&#xa;" />
    <property name="java.vm.name" value="Java HotSpot(TM) 64-Bit Server VM" />
    <property name="basedir" value="/home/ben/workspace/XRTB" />
    <property name="ant.java.version" value="1.8" />
    <property name="ant.core.lib" value="/usr/share/ant/lib/ant.jar" />
    <property name="file.encoding" value="UTF-8" />
    <property name="java.specification.version" value="1.8" />
    <property name="src.dir" value="src" />
    <property name="ant.project.invoked-targets" value="junitreport" />
  </properties>
  <testcase classname="com.xrtb.tests.TestServer" name="testBid" time="0.136" />
  <system-out><![CDATA[[ {
  "name" : "ben",
  "directory" : "web/users/ben",
  "origin" : 1431197706849,
  "lastAccess" : 1431197706849,
  "password" : "iamspartacus",
  "phone" : "123-555-1212",
  "email" : "ben.faul@gmail.com",
  "creditcard" : "111-222-333-444",
  "campaigns" : [ {
    "owner" : "ben",
    "adId" : "ben:payday",
    "adomain" : "originator.com",
    "template" : {
      "default" : "<a href='{redirect_url}/{ad_id}/{pub}/{bid_id}?url={campaign_forward_url}'><img src='{pixel_url}/{pub}/{ad_id}/{bid_id}/${AUCTION_PRICE}/{creative_id}' height='1' width='1'></img><img src='{campaign_image_url}' height='{campaign_ad_height}' width='{campaign_ad_width}'></img></a>",
      "exchange" : {
        "mopub" : "<a href='mopub template here' </a>",
        "mobclix" : "<a href='mobclix template here' </a>",
        "nexage" : "<a href='{redirect_url}/{ad_id}/{pub}/{bid_id}?url={campaign_forward_url}'><img src='{pixel_url}/{pub}/{ad_id}/{bid_id}/${AUCTION_PRICE}/{creative_id}' height='1' width='1'></img><img src='{campaign_image_url}' height='{campaign_ad_height}' width='{campaign_ad_width}'></img></a>",
        "privatex" : "<a href='{redirect_urlL}/{ad_id}/{pub}/{bid_id}?url={campaign_forward_url}'><img src='{pixel_url}/{pub}/{ad_id}/{bid_id}/${AUCTION_PRICE}/{creative_id}' height='1' width='1'></img><img src='{campaign_image_url}' height='{campaign_ad_height}' width='{campaign_ad_width}'></img></a>"
      }
    },
    "attributes" : [ {
      "value" : [ "chive.com", "junk.com" ],
      "op" : "NOT_MEMBER",
      "notPresentOk" : true,
      "bidRequestValues" : [ "site", "domain" ]
    }, {
      "value" : [ "USA", "MEX" ],
      "op" : "MEMBER",
      "notPresentOk" : true,
      "bidRequestValues" : [ "user", "geo", "country" ]
    }, {
      "value" : [ "CA", "NY", "MA" ],
      "op" : "MEMBER",
      "notPresentOk" : true,
      "bidRequestValues" : [ "rtb4free", "geocode", "state" ]
    } ],
    "creatives" : [ {
      "impid" : "iAmAnAppWall",
      "w" : 0.0,
      "h" : 0.0,
      "attributes" : [ ],
      "price" : 10.0,
      "nativead" : {
        "assets" : [ {
          "title" : {
            "text" : "Install BOA"
          },
          "link" : {
            "url" : "http://i.am.a/URL"
          }
        }, {
          "img" : {
            "url" : "http://cdn.mobad.com/ad.png",
            "w" : 64,
            "h" : 64
          }
        }, {
          "link" : {
            "url" : "http://i.am.a/URL"
          },
          "data" : {
            "value" : "Install",
            "type" : 2
          }
        }, {
          "data" : {
            "value" : "5",
            "type" : 3
          }
        } ],
        "link" : {
          "url" : "deeplink://deeplink/url/into/app",
          "fallback" : "http: //i.am.a/URL",
          "clicktrackers" : [ "http: //a.com/a", "http: //b.com/b" ]
        },
        "imptrackers" : [ "http: //a.com/a", "http: //b.com/b" ],
        "nativeAdType" : 2
      }
    }, {
      "impid" : "iAmStreamingContentVideo",
      "w" : 0.0,
      "h" : 0.0,
      "attributes" : [ ],
      "price" : 10.5,
      "nativead" : {
        "assets" : [ {
          "title" : {
            "text" : "Install BOA"
          }
        }, {
          "img" : {
            "url" : "http://cdn.mobad.com/ad.png",
            "w" : 64,
            "h" : 64
          }
        }, {
          "video" : {
            "value" : "<VAST version='2.0'></VAST>",
            "duration" : 25,
            "linearity" : 1,
            "protocol" : "VAST 2.0"
          }
        }, {
          "data" : {
            "value" : "Click",
            "type" : 2
          }
        } ],
        "link" : {
          "url" : "deeplink://deeplink/url/into/app",
          "fallback" : "http: //i.am.a/URL",
          "clicktrackers" : [ "http: //a.com/a", "http: //b.com/b" ]
        },
        "imptrackers" : [ "http: //a.com/a", "http: //b.com/b" ],
        "nativeAdType" : 6
      }
    }, {
      "forwardurl" : "http://localhost:8080/contact.html?{site_id}&adid={ad_id}&crid={creative_id}",
      "imageurl" : "http://localhost:8080/images/320x50.jpg?adid={ad_id}&bidid={bid_id}",
      "impid" : "23skiddoo",
      "w" : 320.0,
      "h" : 50.0,
      "attributes" : [ ],
      "price" : 5.0
    }, {
      "forwardurl" : "http://localhost:8080/contact.html?{site_id}&adid={ad_id}&crid={creative_id}",
      "imageurl" : "http://localhost:8080/images/320x50.gif?adid={ad_id}&bidid={bid_id}",
      "impid" : "66skiddoo",
      "w" : 640.0,
      "h" : 480.0,
      "attributes" : [ ],
      "price" : 4.0
    }, {
      "impid" : "iAmVideo",
      "w" : 400.0,
      "h" : 200.0,
      "attributes" : [ ],
      "adm" : [ "http://localhost:8080/vast/onion270.xml" ],
      "videoProtocol" : 2,
      "videoDuration" : 30,
      "videoLinearity" : 1,
      "videoMimeType" : "application/x-shockwave-flash",
      "price" : 3.0
    } ],
    "date" : [ 20130205, 20200101 ],
    "category" : [ "IAB1", "IAB2" ]
  }, {
    "owner" : "ben",
    "adId" : "ben:fyber",
    "adomain" : "originator.com",
    "template" : {
      "default" : "999",
      "exchange" : {
        "mopub" : "<a href='mopub template here' </a>",
        "mobclix" : "<a href='mobclix template here' </a>",
        "nexage" : "<a href='{redirect_url}/{ad_id}/{pub}/{bid_id}?url={campaign_forward_url}'><img src='{pixel_url}/{pub}/{ad_id}/{bid_id}/${AUCTION_PRICE}/{creative_id}' height='1' width='1'></img><img src='{campaign_image_url}' height='{campaign_ad_height}' width='{campaign_ad_width}'></img></a>"
      }
    },
    "attributes" : [ {
      "value" : "EUR",
      "op" : "MEMBER",
      "notPresentOk" : true,
      "bidRequestValues" : [ "cur" ]
    }, {
      "value" : "seat1",
      "op" : "MEMBER",
      "notPresentOk" : true,
      "bidRequestValues" : [ "wseat" ]
    } ],
    "creatives" : [ {
      "impid" : "1",
      "w" : 640.0,
      "h" : 480.0,
      "attributes" : [ ],
      "adm" : [ "http://localhost:8080/vast/onion270.xml" ],
      "videoProtocol" : 3,
      "videoDuration" : 10,
      "videoLinearity" : 1,
      "price" : 6.91156
    } ],
    "date" : [ 20130205, 20200101 ],
    "category" : [ ]
  }, {
    "owner" : "ben",
    "adId" : "ben:extended-device",
    "adomain" : "originator.com",
    "template" : {
      "default" : "<a your specification goes here></a>",
      "exchange" : {
        "mopub" : "<a href='mopub template here' </a>",
        "mobclix" : "<a href='mobclix template here' </a>",
        "nexage" : "<a href='{redirect_url}/{ad_id}/{pub}/{bid_id}?url={campaign_forward_url}'><img src='{pixel_url}/{pub}/{ad_id}/{bid_id}/${AUCTION_PRICE}/{creative_id}' height='1' width='1'></img><img src='{campaign_image_url}' height='{campaign_ad_height}' width='{campaign_ad_width}'></img></a>"
      }
    },
    "attributes" : [ {
      "value" : [ "chive.com", "junk.com" ],
      "op" : "NOT_MEMBER",
      "notPresentOk" : true,
      "bidRequestValues" : [ "site", "domain" ]
    }, {
      "value" : [ "USA", "MEX" ],
      "op" : "MEMBER",
      "notPresentOk" : true,
      "bidRequestValues" : [ "user", "geo", "country" ]
    }, {
      "value" : 480.0,
      "op" : "GREATER_THAN_EQUALS",
      "notPresentOk" : true,
      "bidRequestValues" : [ "rtb4free", "device", "displayHeight" ]
    } ],
    "creatives" : [ {
      "forwardurl" : "http://localhost:8080/forward?{site_id}",
      "imageurl" : "http://localhost:8080/images/320x50.jpg?adid={ad_id}&bidid={bid_id}",
      "impid" : "23skiddoo",
      "w" : 320.0,
      "h" : 50.0,
      "attributes" : [ ],
      "price" : 2.0
    }, {
      "forwardurl" : "http://localhost:8080/forward?{site_id}",
      "imageurl" : "http://localhost:8080/images/320x50.gif?adid={ad_id}&bidid={bid_id}",
      "impid" : "66skiddoo",
      "w" : 640.0,
      "h" : 480.0,
      "attributes" : [ ],
      "price" : 1.0
    } ],
    "date" : [ 20130205, 20200101 ],
    "category" : [ ]
  } ]
} ]
Database init complete.
*** Shut Down Hook Attached. ***
[2015-12-17 10:59:20.384] - 1 - ben-OptiPlex-780:8080 - initialization:campaign - Loaded  User/Campaign ben/ben:payday
[2015-12-17 10:59:21.394] - 1 - ben-OptiPlex-780:8080 - initialization:campaign - Loaded  User/Campaign ben/ben:fyber
[2015-12-17 10:59:22.031] - 1 - ben-OptiPlex-780:8080 - initialization - System start on port: 8080
http://localhost:8080/images/320x50.jpg?adid=ben:payday&bidid=35c22289-06e2-48e9-a0cd-94aeb79fab43
[2015-12-17 10:59:23.620] - 1 - ben-OptiPlex-780:8080 - initialization - HALT: : java.lang.InterruptedException
[2015-12-17 10:59:23.628] - 3 - ben-OptiPlex-780:8080 - NameNodeManager - INTERRUPT: ben-OptiPlex-780:8080
[2015-12-17 10:59:23.641] - 0 - ben-OptiPlex-780:8080 - initalization - System shutdown
]]></system-out>
  <system-err><![CDATA[[main] WARN io.netty.util.internal.ThreadLocalRandom - Failed to generate a seed from SecureRandom within 3 seconds. Not enough entrophy?
[Thread-9] INFO org.eclipse.jetty.util.log - Logging initialized @8201ms
[Thread-9] INFO org.eclipse.jetty.server.Server - jetty-9.3.1.v20150714
[Thread-9] INFO org.eclipse.jetty.server.ServerConnector - Started ServerConnector@4ca1185f{HTTP/1.1,[http/1.1]}{0.0.0.0:8080}
[Thread-9] INFO org.eclipse.jetty.server.Server - Started @8302ms
[main] INFO org.eclipse.jetty.server.ServerConnector - Stopped ServerConnector@4ca1185f{HTTP/1.1,[http/1.1]}{0.0.0.0:8080}
]]></system-err>
</testsuite>
