<?xml version="1.0" encoding="UTF-8" ?>
<testsuite errors="0" failures="0" hostname="ben-OptiPlex-780" name="com.xrtb.tests.TestValidBids" skipped="0" tests="7" time="7.21" timestamp="2015-12-11T02:16:23">
  <properties>
    <property name="java.vendor" value="Oracle Corporation" />
    <property name="lib.dir" value="libs" />
    <property name="sun.java.launcher" value="SUN_STANDARD" />
    <property name="sun.management.compiler" value="HotSpot 64-Bit Tiered Compilers" />
    <property name="os.name" value="Linux" />
    <property name="sun.boot.class.path" value="/usr/lib/jvm/java-8-oracle/jre/lib/resources.jar:/usr/lib/jvm/java-8-oracle/jre/lib/rt.jar:/usr/lib/jvm/java-8-oracle/jre/lib/sunrsasign.jar:/usr/lib/jvm/java-8-oracle/jre/lib/jsse.jar:/usr/lib/jvm/java-8-oracle/jre/lib/jce.jar:/usr/lib/jvm/java-8-oracle/jre/lib/charsets.jar:/usr/lib/jvm/java-8-oracle/jre/lib/jfr.jar:/usr/lib/jvm/java-8-oracle/jre/classes" />
    <property name="sun.desktop" value="gnome" />
    <property name="java.vm.specification.vendor" value="Oracle Corporation" />
    <property name="ant.home" value="/usr/share/ant" />
    <property name="jar.dir" value="libs" />
    <property name="java.runtime.version" value="1.8.0_45-b14" />
    <property name="user.name" value="ben" />
    <property name="build.dir" value="build" />
    <property name="user.language" value="en" />
    <property name="sun.boot.library.path" value="/usr/lib/jvm/java-8-oracle/jre/lib/amd64" />
    <property name="ant.project.default-target" value="jar" />
    <property name="ant.project.name" value="xrtb" />
    <property name="java.version" value="1.8.0_45" />
    <property name="user.timezone" value="America/Los_Angeles" />
    <property name="sun.arch.data.model" value="64" />
    <property name="java.endorsed.dirs" value="/usr/lib/jvm/java-8-oracle/jre/lib/endorsed" />
    <property name="sun.cpu.isalist" value="" />
    <property name="sun.jnu.encoding" value="UTF-8" />
    <property name="file.encoding.pkg" value="sun.io" />
    <property name="file.separator" value="/" />
    <property name="java.specification.name" value="Java Platform API Specification" />
    <property name="classes.dir" value="build/classes" />
    <property name="java.class.version" value="52.0" />
    <property name="user.country" value="US" />
    <property name="java.home" value="/usr/lib/jvm/java-8-oracle/jre" />
    <property name="java.vm.info" value="mixed mode" />
    <property name="ant.file.xrtb" value="/home/ben/workspace/XRTB/build.xml" />
    <property name="main-class" value="com.xrtb.bidder.RTBServer" />
    <property name="ant.file" value="/home/ben/workspace/XRTB/build.xml" />
    <property name="os.version" value="3.19.0-37-generic" />
    <property name="ant.file.type.xrtb" value="file" />
    <property name="path.separator" value=":" />
    <property name="java.vm.version" value="25.45-b02" />
    <property name="report.dir" value="/home/ben/workspace/XRTB/reports" />
    <property name="ant.library.dir" value="/usr/share/ant/lib" />
    <property name="java.awt.printerjob" value="sun.print.PSPrinterJob" />
    <property name="sun.io.unicode.encoding" value="UnicodeLittle" />
    <property name="awt.toolkit" value="sun.awt.X11.XToolkit" />
    <property name="user.home" value="/home/ben" />
    <property name="java.specification.vendor" value="Oracle Corporation" />
    <property name="java.library.path" value="/usr/java/packages/lib/amd64:/usr/lib64:/lib64:/lib:/usr/lib" />
    <property name="java.vendor.url" value="http://java.oracle.com/" />
    <property name="java.vm.vendor" value="Oracle Corporation" />
    <property name="java.runtime.name" value="Java(TM) SE Runtime Environment" />
    <property name="sun.java.command" value="org.apache.tools.ant.taskdefs.optional.junit.JUnitTestRunner com.xrtb.tests.TestValidBids skipNonTests=false filtertrace=true haltOnError=false haltOnFailure=false formatter=org.apache.tools.ant.taskdefs.optional.junit.SummaryJUnitResultFormatter showoutput=true outputtoformatters=true logfailedtests=true threadid=0 logtestlistenerevents=false formatter=org.apache.tools.ant.taskdefs.optional.junit.XMLJUnitResultFormatter,/home/ben/workspace/XRTB/reports/TEST-com.xrtb.tests.TestValidBids.xml crashfile=/home/ben/workspace/XRTB/junitvmwatcher3177061315318859695.properties propsfile=/home/ben/workspace/XRTB/junit5079379256603637088.properties" />
    <property name="java.class.path" value="/home/ben/workspace/XRTB/libs/asm-4.2.jar:/home/ben/workspace/XRTB/libs/cdi-core-9.3.1.v20150714.jar:/home/ben/workspace/XRTB/libs/cdi-servlet-9.3.1.v20150714.jar:/home/ben/workspace/XRTB/libs/cdi-websocket-9.3.1.v20150714.jar:/home/ben/workspace/XRTB/libs/devicemap-client-java-1.1.0.jar:/home/ben/workspace/XRTB/libs/devicemap-data-1.0.3.jar:/home/ben/workspace/XRTB/libs/gson-2.4.jar:/home/ben/workspace/XRTB/libs/hamcrest-all-1.3.jar:/home/ben/workspace/XRTB/libs/hamcrest-core-1.3.jar:/home/ben/workspace/XRTB/libs/hamcrest-library-1.3.jar:/home/ben/workspace/XRTB/libs/jackson-annotations-2.4.0.jar:/home/ben/workspace/XRTB/libs/jackson-core-2.4.4.jar:/home/ben/workspace/XRTB/libs/jackson-databind-2.4.4.jar:/home/ben/workspace/XRTB/libs/jedis-2.7.2.jar:/home/ben/workspace/XRTB/libs/jetty-alpn-server-9.3.1.v20150714.jar:/home/ben/workspace/XRTB/libs/jetty-annotations-9.3.1.v20150714.jar:/home/ben/workspace/XRTB/libs/jetty-client-9.3.1.v20150714.jar:/home/ben/workspace/XRTB/libs/jetty-continuation-9.3.1.v20150714.jar:/home/ben/workspace/XRTB/libs/jetty-deploy-9.3.1.v20150714.jar:/home/ben/workspace/XRTB/libs/jetty-http-9.3.1.v20150714.jar:/home/ben/workspace/XRTB/libs/jetty-infinispan-9.3.1.v20150714.jar:/home/ben/workspace/XRTB/libs/jetty-io-9.3.1.v20150714.jar:/home/ben/workspace/XRTB/libs/jetty-jaas-9.3.1.v20150714.jar:/home/ben/workspace/XRTB/libs/jetty-jaspi-9.3.1.v20150714.jar:/home/ben/workspace/XRTB/libs/jetty-jmx-9.3.1.v20150714.jar:/home/ben/workspace/XRTB/libs/jetty-jndi-9.3.1.v20150714.jar:/home/ben/workspace/XRTB/libs/jetty-nosql-9.3.1.v20150714.jar:/home/ben/workspace/XRTB/libs/jetty-plus-9.3.1.v20150714.jar:/home/ben/workspace/XRTB/libs/jetty-proxy-9.3.1.v20150714.jar:/home/ben/workspace/XRTB/libs/jetty-quickstart-9.3.1.v20150714.jar:/home/ben/workspace/XRTB/libs/jetty-rewrite-9.3.1.v20150714.jar:/home/ben/workspace/XRTB/libs/jetty-schemas-3.1.jar:/home/ben/workspace/XRTB/libs/jetty-security-9.3.1.v20150714.jar:/home/ben/workspace/XRTB/libs/jetty-server-9.3.1.v20150714.jar:/home/ben/workspace/XRTB/libs/jetty-servlet-9.3.1.v20150714.jar:/home/ben/workspace/XRTB/libs/jetty-servlets-9.3.1.v20150714.jar:/home/ben/workspace/XRTB/libs/jetty-util-9.3.1.v20150714.jar:/home/ben/workspace/XRTB/libs/jetty-webapp-9.3.1.v20150714.jar:/home/ben/workspace/XRTB/libs/jetty-xml-9.3.1.v20150714.jar:/home/ben/workspace/XRTB/libs/jmockit-1.12.jar:/home/ben/workspace/XRTB/libs/junit-4.11.jar:/home/ben/workspace/XRTB/libs/kryo-3.0.0.jar:/home/ben/workspace/XRTB/libs/minlog-1.3.0.jar:/home/ben/workspace/XRTB/libs/netty-buffer-4.0.27.Final.jar:/home/ben/workspace/XRTB/libs/netty-codec-4.0.27.Final.jar:/home/ben/workspace/XRTB/libs/netty-codec-http-4.0.27.Final.jar:/home/ben/workspace/XRTB/libs/netty-common-4.0.27.Final.jar:/home/ben/workspace/XRTB/libs/netty-handler-4.0.27.Final.jar:/home/ben/workspace/XRTB/libs/netty-transport-4.0.27.Final.jar:/home/ben/workspace/XRTB/libs/objenesis-2.1.jar:/home/ben/workspace/XRTB/libs/privatex.jar:/home/ben/workspace/XRTB/libs/redisson-2.2.0.jar:/home/ben/workspace/XRTB/libs/reflectasm-1.10.0.jar:/home/ben/workspace/XRTB/libs/servlet-api-3.1.jar:/home/ben/workspace/XRTB/libs/slf4j-api-1.7.10.jar:/home/ben/workspace/XRTB/libs/slf4j-simple-1.7.10.jar:/home/ben/workspace/XRTB/libs/xrtb.jar:/home/ben/workspace/XRTB/build/classes:/usr/share/ant/lib/junit.jar:/usr/share/java/ant-launcher-1.9.4.jar:/usr/share/ant/lib/ant.jar:/usr/share/ant/lib/ant-junit.jar:/usr/share/ant/lib/ant-junit4.jar" />
    <property name="ant.version" value="Apache Ant(TM) version 1.9.4 compiled on January 27 2015" />
    <property name="java.vm.specification.name" value="Java Virtual Machine Specification" />
    <property name="ant.file.type" value="file" />
    <property name="java.vm.specification.version" value="1.8" />
    <property name="sun.cpu.endian" value="little" />
    <property name="sun.os.patch.level" value="unknown" />
    <property name="java.io.tmpdir" value="/tmp" />
    <property name="java.vendor.url.bug" value="http://bugreport.sun.com/bugreport/" />
    <property name="os.arch" value="amd64" />
    <property name="java.awt.graphicsenv" value="sun.awt.X11GraphicsEnvironment" />
    <property name="java.ext.dirs" value="/usr/lib/jvm/java-8-oracle/jre/lib/ext:/usr/java/packages/lib/ext" />
    <property name="user.dir" value="/home/ben/workspace/XRTB" />
    <property name="line.separator" value="&#xa;" />
    <property name="java.vm.name" value="Java HotSpot(TM) 64-Bit Server VM" />
    <property name="basedir" value="/home/ben/workspace/XRTB" />
    <property name="ant.java.version" value="1.8" />
    <property name="ant.core.lib" value="/usr/share/ant/lib/ant.jar" />
    <property name="file.encoding" value="UTF-8" />
    <property name="java.specification.version" value="1.8" />
    <property name="src.dir" value="src" />
    <property name="ant.project.invoked-targets" value="junitreport" />
  </properties>
  <testcase classname="com.xrtb.tests.TestValidBids" name="testNativeContentStreaming" time="0.16" />
  <testcase classname="com.xrtb.tests.TestValidBids" name="testRespondWithNoBid" time="0.006" />
  <testcase classname="com.xrtb.tests.TestValidBids" name="testNativeAppWall" time="0.058" />
  <testcase classname="com.xrtb.tests.TestValidBids" name="testVideoRespondWithBidAfterRecompile" time="1.022" />
  <testcase classname="com.xrtb.tests.TestValidBids" name="testFyberPrivateMkt" time="0.016" />
  <testcase classname="com.xrtb.tests.TestValidBids" name="testBannerRespondWithBid" time="0.013" />
  <testcase classname="com.xrtb.tests.TestValidBids" name="testVideoRespondWithBid" time="0.011" />
  <system-out><![CDATA[[2015-12-10 18:16:25.966] - 5 - ben-OptiPlex-780:8080 - BidRequest:compile - Compiling for domain: : originator.com
[2015-12-10 18:16:25.967] - 5 - ben-OptiPlex-780:8080 - BidRequest:compile - Compile unit: originator.com:site.domain, values: [site, domain]
[2015-12-10 18:16:25.967] - 5 - ben-OptiPlex-780:8080 - BidRequest:compile - Compile unit: originator.com:user.geo.country, values: [user, geo, country]
[2015-12-10 18:16:25.968] - 5 - ben-OptiPlex-780:8080 - BidRequest:compile - Compile unit: originator.com:rtb4free.geocode.state, values: [rtb4free, geocode, state]
[2015-12-10 18:16:25.968] - 5 - ben-OptiPlex-780:8080 - BidRequest:compile - Compiling creatives for: originator.com:iAmAnAppWall
[2015-12-10 18:16:25.969] - 5 - ben-OptiPlex-780:8080 - BidRequest:compile - Compiling creatives for: originator.com:iAmStreamingContentVideo
[2015-12-10 18:16:25.969] - 5 - ben-OptiPlex-780:8080 - BidRequest:compile - Compiling creatives for: originator.com:23skiddoo
[2015-12-10 18:16:25.969] - 5 - ben-OptiPlex-780:8080 - BidRequest:compile - Compiling creatives for: originator.com:66skiddoo
[2015-12-10 18:16:25.970] - 5 - ben-OptiPlex-780:8080 - BidRequest:compile - Compiling creatives for: originator.com:iAmVideo
[2015-12-10 18:16:25.970] - 1 - ben-OptiPlex-780:8080 - initialization:campaign - Loaded  User/Campaign ben/ben:payday
[2015-12-10 18:16:26.978] - 5 - ben-OptiPlex-780:8080 - BidRequest:compile - Compiling for domain: : originator.com
[2015-12-10 18:16:26.978] - 5 - ben-OptiPlex-780:8080 - BidRequest:compile - Compile unit: originator.com:site.domain, values: [site, domain]
[2015-12-10 18:16:26.979] - 5 - ben-OptiPlex-780:8080 - BidRequest:compile - Compile unit: originator.com:user.geo.country, values: [user, geo, country]
[2015-12-10 18:16:26.979] - 5 - ben-OptiPlex-780:8080 - BidRequest:compile - Compile unit: originator.com:rtb4free.geocode.state, values: [rtb4free, geocode, state]
[2015-12-10 18:16:26.980] - 5 - ben-OptiPlex-780:8080 - BidRequest:compile - Compiling creatives for: originator.com:iAmAnAppWall
[2015-12-10 18:16:26.980] - 5 - ben-OptiPlex-780:8080 - BidRequest:compile - Compiling creatives for: originator.com:iAmStreamingContentVideo
[2015-12-10 18:16:26.981] - 5 - ben-OptiPlex-780:8080 - BidRequest:compile - Compiling creatives for: originator.com:23skiddoo
[2015-12-10 18:16:26.981] - 5 - ben-OptiPlex-780:8080 - BidRequest:compile - Compiling creatives for: originator.com:66skiddoo
[2015-12-10 18:16:26.981] - 5 - ben-OptiPlex-780:8080 - BidRequest:compile - Compiling creatives for: originator.com:iAmVideo
[2015-12-10 18:16:26.982] - 5 - ben-OptiPlex-780:8080 - BidRequest:compile - Compiling for domain: : originator.com
[2015-12-10 18:16:26.982] - 5 - ben-OptiPlex-780:8080 - BidRequest:compile - Compile unit: originator.com:cur, values: [cur]
[2015-12-10 18:16:26.982] - 5 - ben-OptiPlex-780:8080 - BidRequest:compile - Compile unit: originator.com:wseat, values: [wseat]
[2015-12-10 18:16:26.983] - 5 - ben-OptiPlex-780:8080 - BidRequest:compile - Compiling creatives for: originator.com:1
[2015-12-10 18:16:26.983] - 1 - ben-OptiPlex-780:8080 - initialization:campaign - Loaded  User/Campaign ben/ben:fyber
[2015-12-10 18:16:27.670] - 5 - ben-OptiPlex-780:8080 - BidRequest:compile - Compiling for domain: : originator.com
[2015-12-10 18:16:27.670] - 5 - ben-OptiPlex-780:8080 - BidRequest:compile - Compile unit: originator.com:site.domain, values: [site, domain]
[2015-12-10 18:16:27.671] - 5 - ben-OptiPlex-780:8080 - BidRequest:compile - Compile unit: originator.com:user.geo.country, values: [user, geo, country]
[2015-12-10 18:16:27.671] - 5 - ben-OptiPlex-780:8080 - BidRequest:compile - Compile unit: originator.com:rtb4free.geocode.state, values: [rtb4free, geocode, state]
[2015-12-10 18:16:27.671] - 5 - ben-OptiPlex-780:8080 - BidRequest:compile - Compiling creatives for: originator.com:iAmAnAppWall
[2015-12-10 18:16:27.671] - 5 - ben-OptiPlex-780:8080 - BidRequest:compile - Compiling creatives for: originator.com:iAmStreamingContentVideo
[2015-12-10 18:16:27.672] - 5 - ben-OptiPlex-780:8080 - BidRequest:compile - Compiling creatives for: originator.com:23skiddoo
[2015-12-10 18:16:27.672] - 5 - ben-OptiPlex-780:8080 - BidRequest:compile - Compiling creatives for: originator.com:66skiddoo
[2015-12-10 18:16:27.672] - 5 - ben-OptiPlex-780:8080 - BidRequest:compile - Compiling creatives for: originator.com:iAmVideo
[2015-12-10 18:16:27.672] - 5 - ben-OptiPlex-780:8080 - BidRequest:compile - Compiling for domain: : originator.com
[2015-12-10 18:16:27.673] - 5 - ben-OptiPlex-780:8080 - BidRequest:compile - Compile unit: originator.com:cur, values: [cur]
[2015-12-10 18:16:27.673] - 5 - ben-OptiPlex-780:8080 - BidRequest:compile - Compile unit: originator.com:wseat, values: [wseat]
[2015-12-10 18:16:27.673] - 5 - ben-OptiPlex-780:8080 - BidRequest:compile - Compiling creatives for: originator.com:1
[2015-12-10 18:16:27.683] - 1 - ben-OptiPlex-780:8080 - initialization - System start on port: 8080
[2015-12-10 18:16:29.240] - 5 - ben-OptiPlex-780:8080 - CampaignProcessor:run:creative-failed - ben:payday:iAmAnAppWall Native ad layouts don't match
[2015-12-10 18:16:29.240] - 5 - ben-OptiPlex-780:8080 - CampaignProcessor:run:creative-failed - ben:fyber:1 Creative is video, request is not
[2015-12-10 18:16:29.241] - 5 - ben-OptiPlex-780:8080 - CampaignProcessor:run:campaign:is-candidate - ben:payday

{"seatbid":[{"seat":"99999999","bid":[{"impid":"iAmStreamingContentVideo","id":"35c22289-06e2-48e9-a0cd-94aeb79fab43","cat":["IAB1","IAB2"],"price":10.5,"adid":"ben:payday","nurl":"http://localhost:8080/rtb/win/nexage/10.5/42.378/-71.227/ben:payday/iAmStreamingContentVideo/35c22289-06e2-48e9-a0cd-94aeb79fab43/null/null","cid":"ben:payday","crid":"iAmStreamingContentVideo","iurl":"null","adomain": ["originator.com"],"adm":"%7B%22native%22%3A%7B%22ver%22%3A1%2C%22link%22%3A%7B%22ur%22%3A%22deeplink%3A%2F%2Fdeeplink%2Furl%2Finto%2Fapp%22%2C%22fallback%22%3A%22http%3A%20%2F%2Fi.am.a%2FURL%22%2C%22clicktrackers%22%3A%5B%22http%3A%20%2F%2Fa.com%2Fa%22%2C%22http%3A%20%2F%2Fb.com%2Fb%22%5D%7D%2C%22assets%22%3A%5B%7B%22id%22%3A1%2C%22title%22%3A%7B%22text%22%3A%22Install%20BOA%22%7D%7D%2C%7B%22id%22%3A3%2C%22img%22%3A%7B%22url%22%3A%22http%3A%2F%2Fcdn.mobad.com%2Fad.png%22%2C%22w%22%3A64%2C%22h%22%3A64%7D%7D%2C%7B%22id%22%3A4%2C%22video%22%3A%7B%22vasttag%22%3A%22%3CVAST%20version%3D'2.0'%3E%3C%2FVAST%3E%22%7D%7D%2C%7B%22id%22%3A5%2C%22data%22%3A%7B%22value%22%3A%22Click%22%7D%7D%5D%7D%7D"}]}],"id":"35c22289-06e2-48e9-a0cd-94aeb79fab43","bidid":"35c22289-06e2-48e9-a0cd-94aeb79fab43"}

[2015-12-10 18:16:29.245] - 5 - ben-OptiPlex-780:8080 - CampaignProcessor:run:campaign-selected - ben:payday
[2015-12-10 18:16:29.258] - 5 - ben-OptiPlex-780:8080 - Handler:response - {"seatbid":[{"seat":"99999999","bid":[{"impid":"iAmStreamingContentVideo","id":"35c22289-06e2-48e9-a0cd-94aeb79fab43","cat":["IAB1","IAB2"],"price":10.5,"adid":"ben:payday","nurl":"http://localhost:8080/rtb/win/nexage/10.5/42.378/-71.227/ben:payday/iAmStreamingContentVideo/35c22289-06e2-48e9-a0cd-94aeb79fab43/null/null","cid":"ben:payday","crid":"iAmStreamingContentVideo","iurl":"null","adomain": ["originator.com"],"adm":"%7B%22native%22%3A%7B%22ver%22%3A1%2C%22link%22%3A%7B%22ur%22%3A%22deeplink%3A%2F%2Fdeeplink%2Furl%2Finto%2Fapp%22%2C%22fallback%22%3A%22http%3A%20%2F%2Fi.am.a%2FURL%22%2C%22clicktrackers%22%3A%5B%22http%3A%20%2F%2Fa.com%2Fa%22%2C%22http%3A%20%2F%2Fb.com%2Fb%22%5D%7D%2C%22assets%22%3A%5B%7B%22id%22%3A1%2C%22title%22%3A%7B%22text%22%3A%22Install%20BOA%22%7D%7D%2C%7B%22id%22%3A3%2C%22img%22%3A%7B%22url%22%3A%22http%3A%2F%2Fcdn.mobad.com%2Fad.png%22%2C%22w%22%3A64%2C%22h%22%3A64%7D%7D%2C%7B%22id%22%3A4%2C%22video%22%3A%7B%22vasttag%22%3A%22%3CVAST%20version%3D'2.0'%3E%3C%2FVAST%3E%22%7D%7D%2C%7B%22id%22%3A5%2C%22data%22%3A%7B%22value%22%3A%22Click%22%7D%7D%5D%7D%7D"}]}],"id":"35c22289-06e2-48e9-a0cd-94aeb79fab43","bidid":"35c22289-06e2-48e9-a0cd-94aeb79fab43"}
[2015-12-10 18:16:29.274] - 5 - ben-OptiPlex-780:8080 - CampaignProcessor:run:creative-failed - ben:payday:iAmAnAppWall Native ad layouts don't match
[2015-12-10 18:16:29.274] - 5 - ben-OptiPlex-780:8080 - CampaignProcessor:run:creative-failed - ben:fyber:1 Creative is video, request is not
[2015-12-10 18:16:29.274] - 5 - ben-OptiPlex-780:8080 - CampaignProcessor:run:campaign:is-candidate - ben:payday

{"seatbid":[{"seat":"99999999","bid":[{"impid":"iAmStreamingContentVideo","id":"35c22289-06e2-48e9-a0cd-94aeb79fab43","cat":["IAB1","IAB2"],"price":10.5,"adid":"ben:payday","nurl":"http://localhost:8080/rtb/win/nexage/10.5/42.378/-71.227/ben:payday/iAmStreamingContentVideo/35c22289-06e2-48e9-a0cd-94aeb79fab43/null/null","cid":"ben:payday","crid":"iAmStreamingContentVideo","iurl":"null","adomain": ["originator.com"],"adm":"%7B%22native%22%3A%7B%22ver%22%3A1%2C%22link%22%3A%7B%22ur%22%3A%22deeplink%3A%2F%2Fdeeplink%2Furl%2Finto%2Fapp%22%2C%22fallback%22%3A%22http%3A%20%2F%2Fi.am.a%2FURL%22%2C%22clicktrackers%22%3A%5B%22http%3A%20%2F%2Fa.com%2Fa%22%2C%22http%3A%20%2F%2Fb.com%2Fb%22%5D%7D%2C%22assets%22%3A%5B%7B%22id%22%3A1%2C%22title%22%3A%7B%22text%22%3A%22Install%20BOA%22%7D%7D%2C%7B%22id%22%3A3%2C%22img%22%3A%7B%22url%22%3A%22http%3A%2F%2Fcdn.mobad.com%2Fad.png%22%2C%22w%22%3A64%2C%22h%22%3A64%7D%7D%2C%7B%22id%22%3A4%2C%22video%22%3A%7B%22vasttag%22%3A%22%3CVAST%20version%3D'2.0'%3E%3C%2FVAST%3E%22%7D%7D%2C%7B%22id%22%3A5%2C%22data%22%3A%7B%22value%22%3A%22Click%22%7D%7D%5D%7D%7D"}]}],"id":"35c22289-06e2-48e9-a0cd-94aeb79fab43","bidid":"35c22289-06e2-48e9-a0cd-94aeb79fab43"}

[2015-12-10 18:16:29.276] - 5 - ben-OptiPlex-780:8080 - CampaignProcessor:run:campaign-selected - ben:payday
[2015-12-10 18:16:29.278] - 5 - ben-OptiPlex-780:8080 - Handler:response - {"seatbid":[{"seat":"99999999","bid":[{"impid":"iAmStreamingContentVideo","id":"35c22289-06e2-48e9-a0cd-94aeb79fab43","cat":["IAB1","IAB2"],"price":10.5,"adid":"ben:payday","nurl":"http://localhost:8080/rtb/win/nexage/10.5/42.378/-71.227/ben:payday/iAmStreamingContentVideo/35c22289-06e2-48e9-a0cd-94aeb79fab43/null/null","cid":"ben:payday","crid":"iAmStreamingContentVideo","iurl":"null","adomain": ["originator.com"],"adm":"%7B%22native%22%3A%7B%22ver%22%3A1%2C%22link%22%3A%7B%22ur%22%3A%22deeplink%3A%2F%2Fdeeplink%2Furl%2Finto%2Fapp%22%2C%22fallback%22%3A%22http%3A%20%2F%2Fi.am.a%2FURL%22%2C%22clicktrackers%22%3A%5B%22http%3A%20%2F%2Fa.com%2Fa%22%2C%22http%3A%20%2F%2Fb.com%2Fb%22%5D%7D%2C%22assets%22%3A%5B%7B%22id%22%3A1%2C%22title%22%3A%7B%22text%22%3A%22Install%20BOA%22%7D%7D%2C%7B%22id%22%3A3%2C%22img%22%3A%7B%22url%22%3A%22http%3A%2F%2Fcdn.mobad.com%2Fad.png%22%2C%22w%22%3A64%2C%22h%22%3A64%7D%7D%2C%7B%22id%22%3A4%2C%22video%22%3A%7B%22vasttag%22%3A%22%3CVAST%20version%3D'2.0'%3E%3C%2FVAST%3E%22%7D%7D%2C%7B%22id%22%3A5%2C%22data%22%3A%7B%22value%22%3A%22Click%22%7D%7D%5D%7D%7D"}]}],"id":"35c22289-06e2-48e9-a0cd-94aeb79fab43","bidid":"35c22289-06e2-48e9-a0cd-94aeb79fab43"}
{"seatbid":[{"seat":"99999999","bid":[{"impid":"iAmStreamingContentVideo","id":"35c22289-06e2-48e9-a0cd-94aeb79fab43","cat":["IAB1","IAB2"],"price":10.5,"adid":"ben:payday","nurl":"http://localhost:8080/rtb/win/nexage/10.5/42.378/-71.227/ben:payday/iAmStreamingContentVideo/35c22289-06e2-48e9-a0cd-94aeb79fab43/null/null","cid":"ben:payday","crid":"iAmStreamingContentVideo","iurl":"null","adomain": ["originator.com"],"adm":"%7B%22native%22%3A%7B%22ver%22%3A1%2C%22link%22%3A%7B%22ur%22%3A%22deeplink%3A%2F%2Fdeeplink%2Furl%2Finto%2Fapp%22%2C%22fallback%22%3A%22http%3A%20%2F%2Fi.am.a%2FURL%22%2C%22clicktrackers%22%3A%5B%22http%3A%20%2F%2Fa.com%2Fa%22%2C%22http%3A%20%2F%2Fb.com%2Fb%22%5D%7D%2C%22assets%22%3A%5B%7B%22id%22%3A1%2C%22title%22%3A%7B%22text%22%3A%22Install%20BOA%22%7D%7D%2C%7B%22id%22%3A3%2C%22img%22%3A%7B%22url%22%3A%22http%3A%2F%2Fcdn.mobad.com%2Fad.png%22%2C%22w%22%3A64%2C%22h%22%3A64%7D%7D%2C%7B%22id%22%3A4%2C%22video%22%3A%7B%22vasttag%22%3A%22%3CVAST%20version%3D'2.0'%3E%3C%2FVAST%3E%22%7D%7D%2C%7B%22id%22%3A5%2C%22data%22%3A%7B%22value%22%3A%22Click%22%7D%7D%5D%7D%7D"}]}],"id":"35c22289-06e2-48e9-a0cd-94aeb79fab43","bidid":"35c22289-06e2-48e9-a0cd-94aeb79fab43"}

----------
XTIME: 5
RTTIME: 8
{"seatbid":[{"seat":"99999999","bid":[{"impid":"iAmStreamingContentVideo","id":"35c22289-06e2-48e9-a0cd-94aeb79fab43","cat":["IAB1","IAB2"],"price":10.5,"adid":"ben:payday","nurl":"http://localhost:8080/rtb/win/nexage/10.5/42.378/-71.227/ben:payday/iAmStreamingContentVideo/35c22289-06e2-48e9-a0cd-94aeb79fab43/null/null","cid":"ben:payday","crid":"iAmStreamingContentVideo","iurl":"null","adomain": ["originator.com"],"adm":"%7B%22native%22%3A%7B%22ver%22%3A1%2C%22link%22%3A%7B%22ur%22%3A%22deeplink%3A%2F%2Fdeeplink%2Furl%2Finto%2Fapp%22%2C%22fallback%22%3A%22http%3A%20%2F%2Fi.am.a%2FURL%22%2C%22clicktrackers%22%3A%5B%22http%3A%20%2F%2Fa.com%2Fa%22%2C%22http%3A%20%2F%2Fb.com%2Fb%22%5D%7D%2C%22assets%22%3A%5B%7B%22id%22%3A1%2C%22title%22%3A%7B%22text%22%3A%22Install%20BOA%22%7D%7D%2C%7B%22id%22%3A3%2C%22img%22%3A%7B%22url%22%3A%22http%3A%2F%2Fcdn.mobad.com%2Fad.png%22%2C%22w%22%3A64%2C%22h%22%3A64%7D%7D%2C%7B%22id%22%3A4%2C%22video%22%3A%7B%22vasttag%22%3A%22%3CVAST%20version%3D'2.0'%3E%3C%2FVAST%3E%22%7D%7D%2C%7B%22id%22%3A5%2C%22data%22%3A%7B%22value%22%3A%22Click%22%7D%7D%5D%7D%7D"}]}],"id":"35c22289-06e2-48e9-a0cd-94aeb79fab43","bidid":"35c22289-06e2-48e9-a0cd-94aeb79fab43"}

[2015-12-10 18:16:29.289] - 5 - ben-OptiPlex-780:8080 - CampaignProcessor:run:creative-failed - ben:payday:iAmAnAppWall Native ad request wants a video, creative has none.
[2015-12-10 18:16:29.289] - 5 - ben-OptiPlex-780:8080 - CampaignProcessor:run:creative-failed - ben:fyber:1 Creative is video, request is not
[2015-12-10 18:16:29.289] - 5 - ben-OptiPlex-780:8080 - CampaignProcessor:run:campaign:is-candidate - ben:payday

{"seatbid":[{"seat":"99999999","bid":[{"impid":"iAmStreamingContentVideo","id":"35c22289-06e2-48e9-a0cd-94aeb79fab43","cat":["IAB1","IAB2"],"price":10.5,"adid":"ben:payday","nurl":"http://localhost:8080/rtb/win/nexage/10.5/42.378/-71.227/ben:payday/iAmStreamingContentVideo/35c22289-06e2-48e9-a0cd-94aeb79fab43/null/null","cid":"ben:payday","crid":"iAmStreamingContentVideo","iurl":"null","adomain": ["originator.com"],"adm":"%7B%22native%22%3A%7B%22ver%22%3A1%2C%22link%22%3A%7B%22ur%22%3A%22deeplink%3A%2F%2Fdeeplink%2Furl%2Finto%2Fapp%22%2C%22fallback%22%3A%22http%3A%20%2F%2Fi.am.a%2FURL%22%2C%22clicktrackers%22%3A%5B%22http%3A%20%2F%2Fa.com%2Fa%22%2C%22http%3A%20%2F%2Fb.com%2Fb%22%5D%7D%2C%22assets%22%3A%5B%7B%22id%22%3A1%2C%22title%22%3A%7B%22text%22%3A%22Install%20BOA%22%7D%7D%2C%7B%22id%22%3A3%2C%22img%22%3A%7B%22url%22%3A%22http%3A%2F%2Fcdn.mobad.com%2Fad.png%22%2C%22w%22%3A64%2C%22h%22%3A64%7D%7D%2C%7B%22id%22%3A4%2C%22video%22%3A%7B%22vasttag%22%3A%22%3CVAST%20version%3D'2.0'%3E%3C%2FVAST%3E%22%7D%7D%2C%7B%22id%22%3A5%2C%22data%22%3A%7B%22value%22%3A%22Click%22%7D%7D%5D%7D%7D"}]}],"id":"35c22289-06e2-48e9-a0cd-94aeb79fab43","bidid":"35c22289-06e2-48e9-a0cd-94aeb79fab43"}

[2015-12-10 18:16:29.292] - 5 - ben-OptiPlex-780:8080 - CampaignProcessor:run:campaign-selected - ben:payday
[2015-12-10 18:16:29.292] - 5 - ben-OptiPlex-780:8080 - Handler:response - {"seatbid":[{"seat":"99999999","bid":[{"impid":"iAmStreamingContentVideo","id":"35c22289-06e2-48e9-a0cd-94aeb79fab43","cat":["IAB1","IAB2"],"price":10.5,"adid":"ben:payday","nurl":"http://localhost:8080/rtb/win/nexage/10.5/42.378/-71.227/ben:payday/iAmStreamingContentVideo/35c22289-06e2-48e9-a0cd-94aeb79fab43/null/null","cid":"ben:payday","crid":"iAmStreamingContentVideo","iurl":"null","adomain": ["originator.com"],"adm":"%7B%22native%22%3A%7B%22ver%22%3A1%2C%22link%22%3A%7B%22ur%22%3A%22deeplink%3A%2F%2Fdeeplink%2Furl%2Finto%2Fapp%22%2C%22fallback%22%3A%22http%3A%20%2F%2Fi.am.a%2FURL%22%2C%22clicktrackers%22%3A%5B%22http%3A%20%2F%2Fa.com%2Fa%22%2C%22http%3A%20%2F%2Fb.com%2Fb%22%5D%7D%2C%22assets%22%3A%5B%7B%22id%22%3A1%2C%22title%22%3A%7B%22text%22%3A%22Install%20BOA%22%7D%7D%2C%7B%22id%22%3A3%2C%22img%22%3A%7B%22url%22%3A%22http%3A%2F%2Fcdn.mobad.com%2Fad.png%22%2C%22w%22%3A64%2C%22h%22%3A64%7D%7D%2C%7B%22id%22%3A4%2C%22video%22%3A%7B%22vasttag%22%3A%22%3CVAST%20version%3D'2.0'%3E%3C%2FVAST%3E%22%7D%7D%2C%7B%22id%22%3A5%2C%22data%22%3A%7B%22value%22%3A%22Click%22%7D%7D%5D%7D%7D"}]}],"id":"35c22289-06e2-48e9-a0cd-94aeb79fab43","bidid":"35c22289-06e2-48e9-a0cd-94aeb79fab43"}
[2015-12-10 18:16:29.298] - 5 - ben-OptiPlex-780:8080 - CampaignProcessor:run:creative-failed - ben:fyber:1 Creative is video, request is not
[2015-12-10 18:16:29.298] - 5 - ben-OptiPlex-780:8080 - CampaignProcessor:run:creative-failed - ben:payday:iAmAnAppWall Creative is native content, request is not
[2015-12-10 18:16:29.299] - 5 - ben-OptiPlex-780:8080 - CampaignProcessor:run:creative-failed - ben:payday:iAmStreamingContentVideo Creative is native content, request is not
[2015-12-10 18:16:29.299] - 5 - ben-OptiPlex-780:8080 - CampaignProcessor:run:creative-failed - ben:payday:23skiddoo Creative  w or h attributes dont match
[2015-12-10 18:16:29.300] - 5 - ben-OptiPlex-780:8080 - CampaignProcessor:run:creative-failed - ben:payday:66skiddoo Creative  w or h attributes dont match
[2015-12-10 18:16:29.300] - 5 - ben-OptiPlex-780:8080 - CampaignProcessor:run:creative-failed - ben:payday:iAmVideo Creative is video, request is not
No bid: No matching campaign
[2015-12-10 18:16:29.301] - 5 - ben-OptiPlex-780:8080 - Handler:response - No matching campaign
[2015-12-10 18:16:29.304] - 5 - ben-OptiPlex-780:8080 - CampaignProcessor:run:creative-failed - ben:fyber:1 Creative is video, request is not
[2015-12-10 18:16:29.304] - 5 - ben-OptiPlex-780:8080 - CampaignProcessor:run:campaign:is-candidate - ben:payday

{"seatbid":[{"seat":"99999999","bid":[{"impid":"iAmAnAppWall","id":"35c22289-06e2-48e9-a0cd-94aeb79fab43","cat":["IAB1","IAB2"],"price":10.0,"adid":"ben:payday","nurl":"http://localhost:8080/rtb/win/nexage/10.0/42.378/-71.227/ben:payday/iAmAnAppWall/35c22289-06e2-48e9-a0cd-94aeb79fab43/null/null","cid":"ben:payday","crid":"iAmAnAppWall","iurl":"null","adomain": ["originator.com"],"adm":"%7B%22native%22%3A%7B%22ver%22%3A1%2C%22link%22%3A%7B%22ur%22%3A%22deeplink%3A%2F%2Fdeeplink%2Furl%2Finto%2Fapp%22%2C%22fallback%22%3A%22http%3A%20%2F%2Fi.am.a%2FURL%22%2C%22clicktrackers%22%3A%5B%22http%3A%20%2F%2Fa.com%2Fa%22%2C%22http%3A%20%2F%2Fb.com%2Fb%22%5D%7D%2C%22assets%22%3A%5B%7B%22id%22%3A1%2C%22title%22%3A%7B%22text%22%3A%22Install%20BOA%22%7D%2C%22link%22%3A%7B%22url%22%3A%22http%3A%2F%2Fi.am.a%2FURL%22%7D%7D%2C%7B%22id%22%3A3%2C%22img%22%3A%7B%22url%22%3A%22http%3A%2F%2Fcdn.mobad.com%2Fad.png%22%2C%22w%22%3A64%2C%22h%22%3A64%7D%7D%2C%7B%22id%22%3A4%2C%22data%22%3A%7B%22value%22%3A%22Install%22%7D%2C%22link%22%3A%7B%22url%22%3A%22http%3A%2F%2Fi.am.a%2FURL%22%7D%7D%2C%7B%22id%22%3A2%2C%22data%22%3A%7B%22value%22%3A%225%22%7D%7D%5D%7D%7D"}]}],"id":"35c22289-06e2-48e9-a0cd-94aeb79fab43","bidid":"35c22289-06e2-48e9-a0cd-94aeb79fab43"}

[2015-12-10 18:16:29.307] - 5 - ben-OptiPlex-780:8080 - CampaignProcessor:run:campaign-selected - ben:payday
[2015-12-10 18:16:29.308] - 5 - ben-OptiPlex-780:8080 - Handler:response - {"seatbid":[{"seat":"99999999","bid":[{"impid":"iAmAnAppWall","id":"35c22289-06e2-48e9-a0cd-94aeb79fab43","cat":["IAB1","IAB2"],"price":10.0,"adid":"ben:payday","nurl":"http://localhost:8080/rtb/win/nexage/10.0/42.378/-71.227/ben:payday/iAmAnAppWall/35c22289-06e2-48e9-a0cd-94aeb79fab43/null/null","cid":"ben:payday","crid":"iAmAnAppWall","iurl":"null","adomain": ["originator.com"],"adm":"%7B%22native%22%3A%7B%22ver%22%3A1%2C%22link%22%3A%7B%22ur%22%3A%22deeplink%3A%2F%2Fdeeplink%2Furl%2Finto%2Fapp%22%2C%22fallback%22%3A%22http%3A%20%2F%2Fi.am.a%2FURL%22%2C%22clicktrackers%22%3A%5B%22http%3A%20%2F%2Fa.com%2Fa%22%2C%22http%3A%20%2F%2Fb.com%2Fb%22%5D%7D%2C%22assets%22%3A%5B%7B%22id%22%3A1%2C%22title%22%3A%7B%22text%22%3A%22Install%20BOA%22%7D%2C%22link%22%3A%7B%22url%22%3A%22http%3A%2F%2Fi.am.a%2FURL%22%7D%7D%2C%7B%22id%22%3A3%2C%22img%22%3A%7B%22url%22%3A%22http%3A%2F%2Fcdn.mobad.com%2Fad.png%22%2C%22w%22%3A64%2C%22h%22%3A64%7D%7D%2C%7B%22id%22%3A4%2C%22data%22%3A%7B%22value%22%3A%22Install%22%7D%2C%22link%22%3A%7B%22url%22%3A%22http%3A%2F%2Fi.am.a%2FURL%22%7D%7D%2C%7B%22id%22%3A2%2C%22data%22%3A%7B%22value%22%3A%225%22%7D%7D%5D%7D%7D"}]}],"id":"35c22289-06e2-48e9-a0cd-94aeb79fab43","bidid":"35c22289-06e2-48e9-a0cd-94aeb79fab43"}
[2015-12-10 18:16:29.311] - 5 - ben-OptiPlex-780:8080 - CampaignProcessor:run:creative-failed - ben:fyber:1 Creative is video, request is not
[2015-12-10 18:16:29.311] - 5 - ben-OptiPlex-780:8080 - CampaignProcessor:run:campaign:is-candidate - ben:payday

{"seatbid":[{"seat":"99999999","bid":[{"impid":"iAmAnAppWall","id":"35c22289-06e2-48e9-a0cd-94aeb79fab43","cat":["IAB1","IAB2"],"price":10.0,"adid":"ben:payday","nurl":"http://localhost:8080/rtb/win/nexage/10.0/42.378/-71.227/ben:payday/iAmAnAppWall/35c22289-06e2-48e9-a0cd-94aeb79fab43/null/null","cid":"ben:payday","crid":"iAmAnAppWall","iurl":"null","adomain": ["originator.com"],"adm":"%7B%22native%22%3A%7B%22ver%22%3A1%2C%22link%22%3A%7B%22ur%22%3A%22deeplink%3A%2F%2Fdeeplink%2Furl%2Finto%2Fapp%22%2C%22fallback%22%3A%22http%3A%20%2F%2Fi.am.a%2FURL%22%2C%22clicktrackers%22%3A%5B%22http%3A%20%2F%2Fa.com%2Fa%22%2C%22http%3A%20%2F%2Fb.com%2Fb%22%5D%7D%2C%22assets%22%3A%5B%7B%22id%22%3A1%2C%22title%22%3A%7B%22text%22%3A%22Install%20BOA%22%7D%2C%22link%22%3A%7B%22url%22%3A%22http%3A%2F%2Fi.am.a%2FURL%22%7D%7D%2C%7B%22id%22%3A3%2C%22img%22%3A%7B%22url%22%3A%22http%3A%2F%2Fcdn.mobad.com%2Fad.png%22%2C%22w%22%3A64%2C%22h%22%3A64%7D%7D%2C%7B%22id%22%3A4%2C%22data%22%3A%7B%22value%22%3A%22Install%22%7D%2C%22link%22%3A%7B%22url%22%3A%22http%3A%2F%2Fi.am.a%2FURL%22%7D%7D%2C%7B%22id%22%3A2%2C%22data%22%3A%7B%22value%22%3A%225%22%7D%7D%5D%7D%7D"}]}],"id":"35c22289-06e2-48e9-a0cd-94aeb79fab43","bidid":"35c22289-06e2-48e9-a0cd-94aeb79fab43"}

[2015-12-10 18:16:29.314] - 5 - ben-OptiPlex-780:8080 - CampaignProcessor:run:campaign-selected - ben:payday
[2015-12-10 18:16:29.315] - 5 - ben-OptiPlex-780:8080 - Handler:response - {"seatbid":[{"seat":"99999999","bid":[{"impid":"iAmAnAppWall","id":"35c22289-06e2-48e9-a0cd-94aeb79fab43","cat":["IAB1","IAB2"],"price":10.0,"adid":"ben:payday","nurl":"http://localhost:8080/rtb/win/nexage/10.0/42.378/-71.227/ben:payday/iAmAnAppWall/35c22289-06e2-48e9-a0cd-94aeb79fab43/null/null","cid":"ben:payday","crid":"iAmAnAppWall","iurl":"null","adomain": ["originator.com"],"adm":"%7B%22native%22%3A%7B%22ver%22%3A1%2C%22link%22%3A%7B%22ur%22%3A%22deeplink%3A%2F%2Fdeeplink%2Furl%2Finto%2Fapp%22%2C%22fallback%22%3A%22http%3A%20%2F%2Fi.am.a%2FURL%22%2C%22clicktrackers%22%3A%5B%22http%3A%20%2F%2Fa.com%2Fa%22%2C%22http%3A%20%2F%2Fb.com%2Fb%22%5D%7D%2C%22assets%22%3A%5B%7B%22id%22%3A1%2C%22title%22%3A%7B%22text%22%3A%22Install%20BOA%22%7D%2C%22link%22%3A%7B%22url%22%3A%22http%3A%2F%2Fi.am.a%2FURL%22%7D%7D%2C%7B%22id%22%3A3%2C%22img%22%3A%7B%22url%22%3A%22http%3A%2F%2Fcdn.mobad.com%2Fad.png%22%2C%22w%22%3A64%2C%22h%22%3A64%7D%7D%2C%7B%22id%22%3A4%2C%22data%22%3A%7B%22value%22%3A%22Install%22%7D%2C%22link%22%3A%7B%22url%22%3A%22http%3A%2F%2Fi.am.a%2FURL%22%7D%7D%2C%7B%22id%22%3A2%2C%22data%22%3A%7B%22value%22%3A%225%22%7D%7D%5D%7D%7D"}]}],"id":"35c22289-06e2-48e9-a0cd-94aeb79fab43","bidid":"35c22289-06e2-48e9-a0cd-94aeb79fab43"}
{"seatbid":[{"seat":"99999999","bid":[{"impid":"iAmAnAppWall","id":"35c22289-06e2-48e9-a0cd-94aeb79fab43","cat":["IAB1","IAB2"],"price":10.0,"adid":"ben:payday","nurl":"http://localhost:8080/rtb/win/nexage/10.0/42.378/-71.227/ben:payday/iAmAnAppWall/35c22289-06e2-48e9-a0cd-94aeb79fab43/null/null","cid":"ben:payday","crid":"iAmAnAppWall","iurl":"null","adomain": ["originator.com"],"adm":"%7B%22native%22%3A%7B%22ver%22%3A1%2C%22link%22%3A%7B%22ur%22%3A%22deeplink%3A%2F%2Fdeeplink%2Furl%2Finto%2Fapp%22%2C%22fallback%22%3A%22http%3A%20%2F%2Fi.am.a%2FURL%22%2C%22clicktrackers%22%3A%5B%22http%3A%20%2F%2Fa.com%2Fa%22%2C%22http%3A%20%2F%2Fb.com%2Fb%22%5D%7D%2C%22assets%22%3A%5B%7B%22id%22%3A1%2C%22title%22%3A%7B%22text%22%3A%22Install%20BOA%22%7D%2C%22link%22%3A%7B%22url%22%3A%22http%3A%2F%2Fi.am.a%2FURL%22%7D%7D%2C%7B%22id%22%3A3%2C%22img%22%3A%7B%22url%22%3A%22http%3A%2F%2Fcdn.mobad.com%2Fad.png%22%2C%22w%22%3A64%2C%22h%22%3A64%7D%7D%2C%7B%22id%22%3A4%2C%22data%22%3A%7B%22value%22%3A%22Install%22%7D%2C%22link%22%3A%7B%22url%22%3A%22http%3A%2F%2Fi.am.a%2FURL%22%7D%7D%2C%7B%22id%22%3A2%2C%22data%22%3A%7B%22value%22%3A%225%22%7D%7D%5D%7D%7D"}]}],"id":"35c22289-06e2-48e9-a0cd-94aeb79fab43","bidid":"35c22289-06e2-48e9-a0cd-94aeb79fab43"}

----------
XTIME: 6
RTTIME: 7
{"seatbid":[{"seat":"99999999","bid":[{"impid":"iAmAnAppWall","id":"35c22289-06e2-48e9-a0cd-94aeb79fab43","cat":["IAB1","IAB2"],"price":10.0,"adid":"ben:payday","nurl":"http://localhost:8080/rtb/win/nexage/10.0/42.378/-71.227/ben:payday/iAmAnAppWall/35c22289-06e2-48e9-a0cd-94aeb79fab43/null/null","cid":"ben:payday","crid":"iAmAnAppWall","iurl":"null","adomain": ["originator.com"],"adm":"%7B%22native%22%3A%7B%22ver%22%3A1%2C%22link%22%3A%7B%22ur%22%3A%22deeplink%3A%2F%2Fdeeplink%2Furl%2Finto%2Fapp%22%2C%22fallback%22%3A%22http%3A%20%2F%2Fi.am.a%2FURL%22%2C%22clicktrackers%22%3A%5B%22http%3A%20%2F%2Fa.com%2Fa%22%2C%22http%3A%20%2F%2Fb.com%2Fb%22%5D%7D%2C%22assets%22%3A%5B%7B%22id%22%3A1%2C%22title%22%3A%7B%22text%22%3A%22Install%20BOA%22%7D%2C%22link%22%3A%7B%22url%22%3A%22http%3A%2F%2Fi.am.a%2FURL%22%7D%7D%2C%7B%22id%22%3A3%2C%22img%22%3A%7B%22url%22%3A%22http%3A%2F%2Fcdn.mobad.com%2Fad.png%22%2C%22w%22%3A64%2C%22h%22%3A64%7D%7D%2C%7B%22id%22%3A4%2C%22data%22%3A%7B%22value%22%3A%22Install%22%7D%2C%22link%22%3A%7B%22url%22%3A%22http%3A%2F%2Fi.am.a%2FURL%22%7D%7D%2C%7B%22id%22%3A2%2C%22data%22%3A%7B%22value%22%3A%225%22%7D%7D%5D%7D%7D"}]}],"id":"35c22289-06e2-48e9-a0cd-94aeb79fab43","bidid":"35c22289-06e2-48e9-a0cd-94aeb79fab43"}

[2015-12-10 18:16:29.321] - 5 - ben-OptiPlex-780:8080 - CampaignProcessor:run:campaign:is-candidate - ben:payday
[2015-12-10 18:16:29.321] - 5 - ben-OptiPlex-780:8080 - CampaignProcessor:run:creative-failed - ben:fyber:1 Creative is video, request is not

{"seatbid":[{"seat":"99999999","bid":[{"impid":"iAmAnAppWall","id":"35c22289-06e2-48e9-a0cd-94aeb79fab43","cat":["IAB1","IAB2"],"price":10.0,"adid":"ben:payday","nurl":"http://localhost:8080/rtb/win/nexage/10.0/42.378/-71.227/ben:payday/iAmAnAppWall/35c22289-06e2-48e9-a0cd-94aeb79fab43/null/null","cid":"ben:payday","crid":"iAmAnAppWall","iurl":"null","adomain": ["originator.com"],"adm":"%7B%22native%22%3A%7B%22ver%22%3A1%2C%22link%22%3A%7B%22ur%22%3A%22deeplink%3A%2F%2Fdeeplink%2Furl%2Finto%2Fapp%22%2C%22fallback%22%3A%22http%3A%20%2F%2Fi.am.a%2FURL%22%2C%22clicktrackers%22%3A%5B%22http%3A%20%2F%2Fa.com%2Fa%22%2C%22http%3A%20%2F%2Fb.com%2Fb%22%5D%7D%2C%22assets%22%3A%5B%7B%22id%22%3A1%2C%22title%22%3A%7B%22text%22%3A%22Install%20BOA%22%7D%2C%22link%22%3A%7B%22url%22%3A%22http%3A%2F%2Fi.am.a%2FURL%22%7D%7D%2C%7B%22id%22%3A3%2C%22img%22%3A%7B%22url%22%3A%22http%3A%2F%2Fcdn.mobad.com%2Fad.png%22%2C%22w%22%3A64%2C%22h%22%3A64%7D%7D%2C%7B%22id%22%3A4%2C%22data%22%3A%7B%22value%22%3A%22Install%22%7D%2C%22link%22%3A%7B%22url%22%3A%22http%3A%2F%2Fi.am.a%2FURL%22%7D%7D%2C%7B%22id%22%3A2%2C%22data%22%3A%7B%22value%22%3A%225%22%7D%7D%5D%7D%7D"}]}],"id":"35c22289-06e2-48e9-a0cd-94aeb79fab43","bidid":"35c22289-06e2-48e9-a0cd-94aeb79fab43"}

[2015-12-10 18:16:29.324] - 5 - ben-OptiPlex-780:8080 - CampaignProcessor:run:campaign-selected - ben:payday
[2015-12-10 18:16:29.324] - 5 - ben-OptiPlex-780:8080 - Handler:response - {"seatbid":[{"seat":"99999999","bid":[{"impid":"iAmAnAppWall","id":"35c22289-06e2-48e9-a0cd-94aeb79fab43","cat":["IAB1","IAB2"],"price":10.0,"adid":"ben:payday","nurl":"http://localhost:8080/rtb/win/nexage/10.0/42.378/-71.227/ben:payday/iAmAnAppWall/35c22289-06e2-48e9-a0cd-94aeb79fab43/null/null","cid":"ben:payday","crid":"iAmAnAppWall","iurl":"null","adomain": ["originator.com"],"adm":"%7B%22native%22%3A%7B%22ver%22%3A1%2C%22link%22%3A%7B%22ur%22%3A%22deeplink%3A%2F%2Fdeeplink%2Furl%2Finto%2Fapp%22%2C%22fallback%22%3A%22http%3A%20%2F%2Fi.am.a%2FURL%22%2C%22clicktrackers%22%3A%5B%22http%3A%20%2F%2Fa.com%2Fa%22%2C%22http%3A%20%2F%2Fb.com%2Fb%22%5D%7D%2C%22assets%22%3A%5B%7B%22id%22%3A1%2C%22title%22%3A%7B%22text%22%3A%22Install%20BOA%22%7D%2C%22link%22%3A%7B%22url%22%3A%22http%3A%2F%2Fi.am.a%2FURL%22%7D%7D%2C%7B%22id%22%3A3%2C%22img%22%3A%7B%22url%22%3A%22http%3A%2F%2Fcdn.mobad.com%2Fad.png%22%2C%22w%22%3A64%2C%22h%22%3A64%7D%7D%2C%7B%22id%22%3A4%2C%22data%22%3A%7B%22value%22%3A%22Install%22%7D%2C%22link%22%3A%7B%22url%22%3A%22http%3A%2F%2Fi.am.a%2FURL%22%7D%7D%2C%7B%22id%22%3A2%2C%22data%22%3A%7B%22value%22%3A%225%22%7D%7D%5D%7D%7D"}]}],"id":"35c22289-06e2-48e9-a0cd-94aeb79fab43","bidid":"35c22289-06e2-48e9-a0cd-94aeb79fab43"}
{
  "id": "35c22289-06e2-48e9-a0cd-94aeb79fab43",
  "at": 2.0,
  "imp": [
    {
      "id": "39c22289-06e2-48e9-a0cd-94aeb79fab43-1\u003d3",
      "instl": 0.0,
      "native": {
        "layout": 2.0,
        "assets": [
          {
            "id": 1.0,
            "required": 1.0,
            "title": {
              "len": 1
            }
          },
          {
            "id": 2.0,
            "required": 0.0,
            "data": {
              "type": 3.0,
              "len": 5.0
            }
          },
          {
            "id": 3.0,
            "required": 1.0,
            "img": {
              "type": 1.0,
              "w": 64.0,
              "h": 64.0,
              "mimes": [
                "image/png"
              ]
            }
          },
          {
            "id": 4.0,
            "required": 0.0,
            "data": {
              "type": 2.0,
              "len": 10.0
            }
          }
        ]
      },
      "ext": {
        "nex_screen": 0.0
      }
    }
  ],
  "site": {
    "id": "99201",
    "name": "Bidder Test Mobile WEB",
    "domain": "junk1.com",
    "cat": [
      "IAB1"
    ],
    "keywords": "radiation",
    "page": "http://www.nexage.com",
    "ref": "http://www.iab.net",
    "search": "radiation",
    "publisher": {
      "id": "98401",
      "name": "RTB Bidder Integration Test Publisher"
    },
    "ext": {
      "nex_coppa": 0.0
    }
  },
  "device": {
    "didsha1": "132079238ec783b0b89dff308e1f9bdd08576273",
    "dpidsha1": "f22711a823044bb9ce7ace097955de0286eb0182",
    "ip": "166.137.138.18",
    "carrier": "ATT",
    "ua": "Mozilla/5.0 (iPhone; U; CPU iPhone OS 4_2_1 like Mac OS X; el-gr) AppleWebKit/533.17.9 (KHTML, like Gecko) Version/5.0.2 Mobile/8C148 Safari/6533.18.5",
    "make": "Apple",
    "model": "iPhone",
    "osv": "3.1.2",
    "connectiontype": 3.0,
    "devicetype": 1.0,
    "geo": {
      "lat": 42.378,
      "lon": -71.227,
      "country": "USA"
    }
  },
  "user": {
    "id": "ASDFJKL",
    "yob": 1961.0,
    "gender": "F",
    "keywords": "sports",
    "geo": {
      "country": "USA",
      "city": "Waltham",
      "zip": "02451",
      "region": "MA",
      "type": 3.0
    },
    "ext": {
      "nex_eth": "4",
      "nex_marital": "M",
      "nex_kids": "N",
      "nex_hhi": 75000.0,
      "nex_dma": "Boston"
    }
  }
}
[2015-12-10 18:16:29.329] - 5 - ben-OptiPlex-780:8080 - CampaignProcessor:run:creative-failed - ben:payday:iAmAnAppWall Native ad title length is too long
[2015-12-10 18:16:29.329] - 5 - ben-OptiPlex-780:8080 - CampaignProcessor:run:creative-failed - ben:fyber:1 Creative is video, request is not
[2015-12-10 18:16:29.329] - 5 - ben-OptiPlex-780:8080 - CampaignProcessor:run:creative-failed - ben:payday:iAmStreamingContentVideo Native ad layouts don't match
[2015-12-10 18:16:29.330] - 5 - ben-OptiPlex-780:8080 - CampaignProcessor:run:creative-failed - ben:payday:23skiddoo Creative is banner, request is not
[2015-12-10 18:16:29.330] - 5 - ben-OptiPlex-780:8080 - CampaignProcessor:run:creative-failed - ben:payday:66skiddoo Creative is banner, request is not
[2015-12-10 18:16:29.331] - 5 - ben-OptiPlex-780:8080 - CampaignProcessor:run:creative-failed - ben:payday:iAmVideo Creative is video, request is not
No bid: No matching campaign
[2015-12-10 18:16:29.332] - 5 - ben-OptiPlex-780:8080 - Handler:response - No matching campaign
[2015-12-10 18:16:29.336] - 5 - ben-OptiPlex-780:8080 - CampaignProcessor:run:creative-failed - ben:payday:iAmAnAppWall Native ad img widths dont match
[2015-12-10 18:16:29.336] - 5 - ben-OptiPlex-780:8080 - CampaignProcessor:run:creative-failed - ben:fyber:1 Creative is video, request is not
[2015-12-10 18:16:29.337] - 5 - ben-OptiPlex-780:8080 - CampaignProcessor:run:creative-failed - ben:payday:iAmStreamingContentVideo Native ad layouts don't match
[2015-12-10 18:16:29.337] - 5 - ben-OptiPlex-780:8080 - CampaignProcessor:run:creative-failed - ben:payday:23skiddoo Creative is banner, request is not
[2015-12-10 18:16:29.337] - 5 - ben-OptiPlex-780:8080 - CampaignProcessor:run:creative-failed - ben:payday:66skiddoo Creative is banner, request is not
[2015-12-10 18:16:29.337] - 5 - ben-OptiPlex-780:8080 - CampaignProcessor:run:creative-failed - ben:payday:iAmVideo Creative is video, request is not
No bid: No matching campaign
[2015-12-10 18:16:29.339] - 5 - ben-OptiPlex-780:8080 - Handler:response - No matching campaign
[2015-12-10 18:16:29.344] - 5 - ben-OptiPlex-780:8080 - CampaignProcessor:run:creative-failed - ben:fyber:1 Creative is video, request is not
[2015-12-10 18:16:29.344] - 5 - ben-OptiPlex-780:8080 - CampaignProcessor:run:creative-failed - ben:payday:iAmAnAppWall Native ad img heoghts dont match
[2015-12-10 18:16:29.344] - 5 - ben-OptiPlex-780:8080 - CampaignProcessor:run:creative-failed - ben:payday:iAmStreamingContentVideo Native ad layouts don't match
[2015-12-10 18:16:29.345] - 5 - ben-OptiPlex-780:8080 - CampaignProcessor:run:creative-failed - ben:payday:23skiddoo Creative is banner, request is not
[2015-12-10 18:16:29.345] - 5 - ben-OptiPlex-780:8080 - CampaignProcessor:run:creative-failed - ben:payday:66skiddoo Creative is banner, request is not
[2015-12-10 18:16:29.345] - 5 - ben-OptiPlex-780:8080 - CampaignProcessor:run:creative-failed - ben:payday:iAmVideo Creative is video, request is not
No bid: No matching campaign
[2015-12-10 18:16:29.346] - 5 - ben-OptiPlex-780:8080 - Handler:response - No matching campaign
[2015-12-10 18:16:29.350] - 5 - ben-OptiPlex-780:8080 - CampaignProcessor:run:creative-failed - ben:fyber:1 Creative is video, request is not
[2015-12-10 18:16:29.350] - 5 - ben-OptiPlex-780:8080 - CampaignProcessor:run:creative-failed - ben:payday:iAmAnAppWall Native ad data item of type 2 length is too long for request
[2015-12-10 18:16:29.351] - 5 - ben-OptiPlex-780:8080 - CampaignProcessor:run:creative-failed - ben:payday:iAmStreamingContentVideo Native ad layouts don't match
[2015-12-10 18:16:29.351] - 5 - ben-OptiPlex-780:8080 - CampaignProcessor:run:creative-failed - ben:payday:23skiddoo Creative is banner, request is not
[2015-12-10 18:16:29.351] - 5 - ben-OptiPlex-780:8080 - CampaignProcessor:run:creative-failed - ben:payday:66skiddoo Creative is banner, request is not
[2015-12-10 18:16:29.351] - 5 - ben-OptiPlex-780:8080 - CampaignProcessor:run:creative-failed - ben:payday:iAmVideo Creative is video, request is not
No bid: No matching campaign
[2015-12-10 18:16:29.352] - 5 - ben-OptiPlex-780:8080 - Handler:response - No matching campaign
[2015-12-10 18:16:29.357] - 5 - ben-OptiPlex-780:8080 - CampaignProcessor:run:creative-failed - ben:payday:iAmAnAppWall Native ad layouts don't match
[2015-12-10 18:16:29.357] - 5 - ben-OptiPlex-780:8080 - CampaignProcessor:run:creative-failed - ben:payday:iAmStreamingContentVideo Native ad layouts don't match
[2015-12-10 18:16:29.357] - 5 - ben-OptiPlex-780:8080 - CampaignProcessor:run:creative-failed - ben:payday:23skiddoo Creative is banner, request is not
[2015-12-10 18:16:29.357] - 5 - ben-OptiPlex-780:8080 - CampaignProcessor:run:creative-failed - ben:payday:66skiddoo Creative is banner, request is not
[2015-12-10 18:16:29.357] - 5 - ben-OptiPlex-780:8080 - CampaignProcessor:run:creative-failed - ben:fyber:1 Creative is video, request is not
[2015-12-10 18:16:29.358] - 5 - ben-OptiPlex-780:8080 - CampaignProcessor:run:creative-failed - ben:payday:iAmVideo Creative is video, request is not
No bid: No matching campaign
[2015-12-10 18:16:29.359] - 5 - ben-OptiPlex-780:8080 - Handler:response - No matching campaign
[2015-12-10 18:16:29.363] - 5 - ben-OptiPlex-780:8080 - CampaignProcessor:run:creative-failed - ben:payday:iAmAnAppWall Creative is native content, request is not
[2015-12-10 18:16:29.363] - 5 - ben-OptiPlex-780:8080 - CampaignProcessor:run:creative-failed - ben:fyber:1 Creative  w or h attributes dont match
[2015-12-10 18:16:29.363] - 5 - ben-OptiPlex-780:8080 - CampaignProcessor:run:creative-failed - ben:payday:iAmStreamingContentVideo Creative is native content, request is not
[2015-12-10 18:16:29.368] - 5 - ben-OptiPlex-780:8080 - CampaignProcessor:run:creative-failed - ben:payday:23skiddoo Creative is banner, request is not
[2015-12-10 18:16:29.368] - 5 - ben-OptiPlex-780:8080 - CampaignProcessor:run:creative-failed - ben:payday:66skiddoo Creative is banner, request is not
[2015-12-10 18:16:29.369] - 5 - ben-OptiPlex-780:8080 - CampaignProcessor:run:campaign:is-candidate - ben:payday

{"seatbid":[{"seat":"99999999","bid":[{"impid":"iAmVideo","id":"35c22289-06e2-48e9-a0cd-94aeb79fab43","cat":["IAB1","IAB2"],"price":3.0,"adid":"ben:payday","nurl":"http://localhost:8080/rtb/win/nexage/3.0/42.378/-71.227/ben:payday/iAmVideo/35c22289-06e2-48e9-a0cd-94aeb79fab43/null/null","cid":"ben:payday","crid":"iAmVideo","iurl":"null","adomain": ["originator.com"],"adm":"http%3A%2F%2Flocalhost%3A8080%2Fvast%2Fonion270.xml"}]}],"id":"35c22289-06e2-48e9-a0cd-94aeb79fab43","bidid":"35c22289-06e2-48e9-a0cd-94aeb79fab43"}

[2015-12-10 18:16:29.370] - 5 - ben-OptiPlex-780:8080 - CampaignProcessor:run:campaign-selected - ben:payday
[2015-12-10 18:16:29.370] - 5 - ben-OptiPlex-780:8080 - Handler:response - {"seatbid":[{"seat":"99999999","bid":[{"impid":"iAmVideo","id":"35c22289-06e2-48e9-a0cd-94aeb79fab43","cat":["IAB1","IAB2"],"price":3.0,"adid":"ben:payday","nurl":"http://localhost:8080/rtb/win/nexage/3.0/42.378/-71.227/ben:payday/iAmVideo/35c22289-06e2-48e9-a0cd-94aeb79fab43/null/null","cid":"ben:payday","crid":"iAmVideo","iurl":"null","adomain": ["originator.com"],"adm":"http%3A%2F%2Flocalhost%3A8080%2Fvast%2Fonion270.xml"}]}],"id":"35c22289-06e2-48e9-a0cd-94aeb79fab43","bidid":"35c22289-06e2-48e9-a0cd-94aeb79fab43"}
[2015-12-10 18:16:30.371] - 5 - ben-OptiPlex-780:8080 - BidRequest:compile - Compiling for domain: : originator.com
[2015-12-10 18:16:30.371] - 5 - ben-OptiPlex-780:8080 - BidRequest:compile - Compile unit: originator.com:site.domain, values: [site, domain]
[2015-12-10 18:16:30.371] - 5 - ben-OptiPlex-780:8080 - BidRequest:compile - Compile unit: originator.com:user.geo.country, values: [user, geo, country]
[2015-12-10 18:16:30.372] - 5 - ben-OptiPlex-780:8080 - BidRequest:compile - Compile unit: originator.com:rtb4free.geocode.state, values: [rtb4free, geocode, state]
[2015-12-10 18:16:30.372] - 5 - ben-OptiPlex-780:8080 - BidRequest:compile - Compiling creatives for: originator.com:iAmAnAppWall
[2015-12-10 18:16:30.372] - 5 - ben-OptiPlex-780:8080 - BidRequest:compile - Compiling creatives for: originator.com:iAmStreamingContentVideo
[2015-12-10 18:16:30.372] - 5 - ben-OptiPlex-780:8080 - BidRequest:compile - Compiling creatives for: originator.com:23skiddoo
[2015-12-10 18:16:30.372] - 5 - ben-OptiPlex-780:8080 - BidRequest:compile - Compiling creatives for: originator.com:66skiddoo
[2015-12-10 18:16:30.372] - 5 - ben-OptiPlex-780:8080 - BidRequest:compile - Compiling creatives for: originator.com:iAmVideo
[2015-12-10 18:16:30.373] - 5 - ben-OptiPlex-780:8080 - BidRequest:compile - Compiling for domain: : originator.com
[2015-12-10 18:16:30.373] - 5 - ben-OptiPlex-780:8080 - BidRequest:compile - Compile unit: originator.com:cur, values: [cur]
[2015-12-10 18:16:30.373] - 5 - ben-OptiPlex-780:8080 - BidRequest:compile - Compile unit: originator.com:wseat, values: [wseat]
[2015-12-10 18:16:30.374] - 5 - ben-OptiPlex-780:8080 - BidRequest:compile - Compiling creatives for: originator.com:1
[2015-12-10 18:16:30.377] - 5 - ben-OptiPlex-780:8080 - CampaignProcessor:run:creative-failed - ben:payday:iAmAnAppWall Creative is native content, request is not
[2015-12-10 18:16:30.377] - 5 - ben-OptiPlex-780:8080 - CampaignProcessor:run:creative-failed - ben:fyber:1 Creative  w or h attributes dont match
[2015-12-10 18:16:30.377] - 5 - ben-OptiPlex-780:8080 - CampaignProcessor:run:creative-failed - ben:payday:iAmStreamingContentVideo Creative is native content, request is not
[2015-12-10 18:16:30.378] - 5 - ben-OptiPlex-780:8080 - CampaignProcessor:run:creative-failed - ben:payday:23skiddoo Creative is banner, request is not
[2015-12-10 18:16:30.379] - 5 - ben-OptiPlex-780:8080 - CampaignProcessor:run:creative-failed - ben:payday:66skiddoo Creative is banner, request is not
[2015-12-10 18:16:30.379] - 5 - ben-OptiPlex-780:8080 - CampaignProcessor:run:campaign:is-candidate - ben:payday

{"seatbid":[{"seat":"99999999","bid":[{"impid":"iAmVideo","id":"35c22289-06e2-48e9-a0cd-94aeb79fab43","cat":["IAB1","IAB2"],"price":3.0,"adid":"ben:payday","nurl":"http://localhost:8080/rtb/win/nexage/3.0/42.378/-71.227/ben:payday/iAmVideo/35c22289-06e2-48e9-a0cd-94aeb79fab43/null/null","cid":"ben:payday","crid":"iAmVideo","iurl":"null","adomain": ["originator.com"],"adm":"http%3A%2F%2Flocalhost%3A8080%2Fvast%2Fonion270.xml"}]}],"id":"35c22289-06e2-48e9-a0cd-94aeb79fab43","bidid":"35c22289-06e2-48e9-a0cd-94aeb79fab43"}

[2015-12-10 18:16:30.380] - 5 - ben-OptiPlex-780:8080 - CampaignProcessor:run:campaign-selected - ben:payday
[2015-12-10 18:16:30.381] - 5 - ben-OptiPlex-780:8080 - Handler:response - {"seatbid":[{"seat":"99999999","bid":[{"impid":"iAmVideo","id":"35c22289-06e2-48e9-a0cd-94aeb79fab43","cat":["IAB1","IAB2"],"price":3.0,"adid":"ben:payday","nurl":"http://localhost:8080/rtb/win/nexage/3.0/42.378/-71.227/ben:payday/iAmVideo/35c22289-06e2-48e9-a0cd-94aeb79fab43/null/null","cid":"ben:payday","crid":"iAmVideo","iurl":"null","adomain": ["originator.com"],"adm":"http%3A%2F%2Flocalhost%3A8080%2Fvast%2Fonion270.xml"}]}],"id":"35c22289-06e2-48e9-a0cd-94aeb79fab43","bidid":"35c22289-06e2-48e9-a0cd-94aeb79fab43"}
{"seatbid":[{"seat":"99999999","bid":[{"impid":"iAmVideo","id":"35c22289-06e2-48e9-a0cd-94aeb79fab43","cat":["IAB1","IAB2"],"price":3.0,"adid":"ben:payday","nurl":"http://localhost:8080/rtb/win/nexage/3.0/42.378/-71.227/ben:payday/iAmVideo/35c22289-06e2-48e9-a0cd-94aeb79fab43/null/null","cid":"ben:payday","crid":"iAmVideo","iurl":"null","adomain": ["originator.com"],"adm":"http%3A%2F%2Flocalhost%3A8080%2Fvast%2Fonion270.xml"}]}],"id":"35c22289-06e2-48e9-a0cd-94aeb79fab43","bidid":"35c22289-06e2-48e9-a0cd-94aeb79fab43"}

----------
XTIME: 6
RTTIME: 7
{"seatbid":[{"seat":"99999999","bid":[{"impid":"iAmVideo","id":"35c22289-06e2-48e9-a0cd-94aeb79fab43","cat":["IAB1","IAB2"],"price":3.0,"adid":"ben:payday","nurl":"http://localhost:8080/rtb/win/nexage/3.0/42.378/-71.227/ben:payday/iAmVideo/35c22289-06e2-48e9-a0cd-94aeb79fab43/null/null","cid":"ben:payday","crid":"iAmVideo","iurl":"null","adomain": ["originator.com"],"adm":"http%3A%2F%2Flocalhost%3A8080%2Fvast%2Fonion270.xml"}]}],"id":"35c22289-06e2-48e9-a0cd-94aeb79fab43","bidid":"35c22289-06e2-48e9-a0cd-94aeb79fab43"}

[2015-12-10 18:16:30.385] - 5 - ben-OptiPlex-780:8080 - CampaignProcessor:run:creative-failed - ben:payday:iAmAnAppWall Creative is native content, request is not
[2015-12-10 18:16:30.385] - 5 - ben-OptiPlex-780:8080 - CampaignProcessor:run:campaign:is-candidate - ben:fyber
[2015-12-10 18:16:30.385] - 5 - ben-OptiPlex-780:8080 - CampaignProcessor:run:creative-failed - ben:payday:iAmStreamingContentVideo Creative is native content, request is not
[2015-12-10 18:16:30.386] - 5 - ben-OptiPlex-780:8080 - CampaignProcessor:run:creative-failed - ben:payday:23skiddoo Creative is banner, request is not

{"seatbid":[{"seat":"seat1","bid":[{"impid":"1","id":"fb11f7e7-23af-4dda-ae7a-265e14dd006c","price":6.91156,"adid":"ben:fyber","nurl":"http://localhost:8080/rtb/win/fyber/6.91156/0.0/0.0/ben:fyber/1/fb11f7e7-23af-4dda-ae7a-265e14dd006c/null/null","cid":"ben:fyber","crid":"1","iurl":"null","adomain": ["originator.com"],"adm":"http%3A%2F%2Flocalhost%3A8080%2Fvast%2Fonion270.xml"}]}],"id":"fb11f7e7-23af-4dda-ae7a-265e14dd006c","bidid":"fb11f7e7-23af-4dda-ae7a-265e14dd006c"}

[2015-12-10 18:16:30.386] - 5 - ben-OptiPlex-780:8080 - CampaignProcessor:run:creative-failed - ben:payday:66skiddoo Creative is banner, request is not
[2015-12-10 18:16:30.386] - 5 - ben-OptiPlex-780:8080 - CampaignProcessor:run:campaign-selected - ben:fyber
[2015-12-10 18:16:30.387] - 5 - ben-OptiPlex-780:8080 - CampaignProcessor:run:creative-failed - ben:payday:iAmVideo Creative  w or h attributes dont match
[2015-12-10 18:16:30.390] - 5 - ben-OptiPlex-780:8080 - Handler:response - {"seatbid":[{"seat":"seat1","bid":[{"impid":"1","id":"fb11f7e7-23af-4dda-ae7a-265e14dd006c","price":6.91156,"adid":"ben:fyber","nurl":"http://localhost:8080/rtb/win/fyber/6.91156/0.0/0.0/ben:fyber/1/fb11f7e7-23af-4dda-ae7a-265e14dd006c/null/null","cid":"ben:fyber","crid":"1","iurl":"null","adomain": ["originator.com"],"adm":"http%3A%2F%2Flocalhost%3A8080%2Fvast%2Fonion270.xml"}]}],"id":"fb11f7e7-23af-4dda-ae7a-265e14dd006c","bidid":"fb11f7e7-23af-4dda-ae7a-265e14dd006c"}
[2015-12-10 18:16:30.395] - 5 - ben-OptiPlex-780:8080 - CampaignProcessor:run:creative-failed - ben:payday:iAmAnAppWall Creative is native content, request is not
[2015-12-10 18:16:30.395] - 5 - ben-OptiPlex-780:8080 - CampaignProcessor:run:campaign:is-candidate - ben:fyber
[2015-12-10 18:16:30.395] - 5 - ben-OptiPlex-780:8080 - CampaignProcessor:run:creative-failed - ben:payday:iAmStreamingContentVideo Creative is native content, request is not
[2015-12-10 18:16:30.397] - 5 - ben-OptiPlex-780:8080 - CampaignProcessor:run:creative-failed - ben:payday:23skiddoo Creative is banner, request is not
[2015-12-10 18:16:30.397] - 5 - ben-OptiPlex-780:8080 - CampaignProcessor:run:creative-failed - ben:payday:66skiddoo Creative is banner, request is not
[2015-12-10 18:16:30.397] - 5 - ben-OptiPlex-780:8080 - CampaignProcessor:run:creative-failed - ben:payday:iAmVideo Creative  w or h attributes dont match

{"seatbid":[{"seat":"seat1","bid":[{"impid":"1","id":"fb11f7e7-23af-4dda-ae7a-265e14dd006c","price":6.91156,"adid":"ben:fyber","nurl":"http://localhost:8080/rtb/win/fyber/6.91156/0.0/0.0/ben:fyber/1/fb11f7e7-23af-4dda-ae7a-265e14dd006c/null/null","cid":"ben:fyber","crid":"1","iurl":"null","adomain": ["originator.com"],"adm":"http%3A%2F%2Flocalhost%3A8080%2Fvast%2Fonion270.xml"}]}],"id":"fb11f7e7-23af-4dda-ae7a-265e14dd006c","bidid":"fb11f7e7-23af-4dda-ae7a-265e14dd006c"}

[2015-12-10 18:16:30.397] - 5 - ben-OptiPlex-780:8080 - CampaignProcessor:run:campaign-selected - ben:fyber
[2015-12-10 18:16:30.398] - 5 - ben-OptiPlex-780:8080 - Handler:response - {"seatbid":[{"seat":"seat1","bid":[{"impid":"1","id":"fb11f7e7-23af-4dda-ae7a-265e14dd006c","price":6.91156,"adid":"ben:fyber","nurl":"http://localhost:8080/rtb/win/fyber/6.91156/0.0/0.0/ben:fyber/1/fb11f7e7-23af-4dda-ae7a-265e14dd006c/null/null","cid":"ben:fyber","crid":"1","iurl":"null","adomain": ["originator.com"],"adm":"http%3A%2F%2Flocalhost%3A8080%2Fvast%2Fonion270.xml"}]}],"id":"fb11f7e7-23af-4dda-ae7a-265e14dd006c","bidid":"fb11f7e7-23af-4dda-ae7a-265e14dd006c"}
[2015-12-10 18:16:30.402] - 5 - ben-OptiPlex-780:8080 - CampaignProcessor:run:creative-failed - ben:payday:iAmAnAppWall Creative is native content, request is not
[2015-12-10 18:16:30.402] - 5 - ben-OptiPlex-780:8080 - CampaignProcessor:run:creative-failed - ben:fyber:1 Creative is video, request is not
[2015-12-10 18:16:30.402] - 5 - ben-OptiPlex-780:8080 - CampaignProcessor:run:creative-failed - ben:payday:iAmStreamingContentVideo Creative is native content, request is not
[2015-12-10 18:16:30.404] - 5 - ben-OptiPlex-780:8080 - CampaignProcessor:run:campaign:is-candidate - ben:payday

{"seatbid":[{"seat":"99999999","bid":[{"impid":"23skiddoo","id":"35c22289-06e2-48e9-a0cd-94aeb79fab43","cat":["IAB1","IAB2"],"price":5.0,"adid":"ben:payday","nurl":"http://localhost:8080/rtb/win/nexage/5.0/42.378/-71.227/ben:payday/23skiddoo/35c22289-06e2-48e9-a0cd-94aeb79fab43/http%3A%2F%2Flocalhost%3A8080%2Fcontact.html%3F99201%26adid%3Dben:payday%26crid%3D23skiddoo/http%3A%2F%2Flocalhost%3A8080%2Fimages%2F320x50.jpg%3Fadid%3Dben:payday%26bidid%3D35c22289-06e2-48e9-a0cd-94aeb79fab43","cid":"ben:payday","crid":"23skiddoo","iurl":"http://localhost:8080/images/320x50.jpg?adid=ben:payday&bidid=35c22289-06e2-48e9-a0cd-94aeb79fab43","adomain": ["originator.com"],"adm":"%3Ca%20href%3D'http%3A%2F%2Flocalhost%3A8080%2Fredirect%2Fben%3Apayday%2Fnexage%2F35c22289-06e2-48e9-a0cd-94aeb79fab43%3Furl%3Dhttp%3A%2F%2Flocalhost%3A8080%2Fcontact.html%3F99201%26adid%3Dben%3Apayday%26crid%3D23skiddoo'%3E%3Cimg%20src%3D'http%3A%2F%2Flocalhost%3A8080%2Fpixel%2Fnexage%2Fben%3Apayday%2F35c22289-06e2-48e9-a0cd-94aeb79fab43%2F%24%7BAUCTION_PRICE%7D%2F23skiddoo'%20height%3D'1'%20width%3D'1'%3E%3C%2Fimg%3E%3Cimg%20src%3D'http%3A%2F%2Flocalhost%3A8080%2Fimages%2F320x50.jpg%3Fadid%3Dben%3Apayday%26bidid%3D35c22289-06e2-48e9-a0cd-94aeb79fab43'%20height%3D'50.0'%20width%3D'320.0'%3E%3C%2Fimg%3E%3C%2Fa%3E"}]}],"id":"35c22289-06e2-48e9-a0cd-94aeb79fab43","bidid":"35c22289-06e2-48e9-a0cd-94aeb79fab43"}

[2015-12-10 18:16:30.405] - 5 - ben-OptiPlex-780:8080 - CampaignProcessor:run:campaign-selected - ben:payday
[2015-12-10 18:16:30.406] - 5 - ben-OptiPlex-780:8080 - Handler:response - {"seatbid":[{"seat":"99999999","bid":[{"impid":"23skiddoo","id":"35c22289-06e2-48e9-a0cd-94aeb79fab43","cat":["IAB1","IAB2"],"price":5.0,"adid":"ben:payday","nurl":"http://localhost:8080/rtb/win/nexage/5.0/42.378/-71.227/ben:payday/23skiddoo/35c22289-06e2-48e9-a0cd-94aeb79fab43/http%3A%2F%2Flocalhost%3A8080%2Fcontact.html%3F99201%26adid%3Dben:payday%26crid%3D23skiddoo/http%3A%2F%2Flocalhost%3A8080%2Fimages%2F320x50.jpg%3Fadid%3Dben:payday%26bidid%3D35c22289-06e2-48e9-a0cd-94aeb79fab43","cid":"ben:payday","crid":"23skiddoo","iurl":"http://localhost:8080/images/320x50.jpg?adid=ben:payday&bidid=35c22289-06e2-48e9-a0cd-94aeb79fab43","adomain": ["originator.com"],"adm":"%3Ca%20href%3D'http%3A%2F%2Flocalhost%3A8080%2Fredirect%2Fben%3Apayday%2Fnexage%2F35c22289-06e2-48e9-a0cd-94aeb79fab43%3Furl%3Dhttp%3A%2F%2Flocalhost%3A8080%2Fcontact.html%3F99201%26adid%3Dben%3Apayday%26crid%3D23skiddoo'%3E%3Cimg%20src%3D'http%3A%2F%2Flocalhost%3A8080%2Fpixel%2Fnexage%2Fben%3Apayday%2F35c22289-06e2-48e9-a0cd-94aeb79fab43%2F%24%7BAUCTION_PRICE%7D%2F23skiddoo'%20height%3D'1'%20width%3D'1'%3E%3C%2Fimg%3E%3Cimg%20src%3D'http%3A%2F%2Flocalhost%3A8080%2Fimages%2F320x50.jpg%3Fadid%3Dben%3Apayday%26bidid%3D35c22289-06e2-48e9-a0cd-94aeb79fab43'%20height%3D'50.0'%20width%3D'320.0'%3E%3C%2Fimg%3E%3C%2Fa%3E"}]}],"id":"35c22289-06e2-48e9-a0cd-94aeb79fab43","bidid":"35c22289-06e2-48e9-a0cd-94aeb79fab43"}
[2015-12-10 18:16:30.409] - 5 - ben-OptiPlex-780:8080 - CampaignProcessor:run:creative-failed - ben:payday:iAmAnAppWall Creative is native content, request is not
[2015-12-10 18:16:30.409] - 5 - ben-OptiPlex-780:8080 - CampaignProcessor:run:creative-failed - ben:fyber:1 Creative is video, request is not
[2015-12-10 18:16:30.409] - 5 - ben-OptiPlex-780:8080 - CampaignProcessor:run:creative-failed - ben:payday:iAmStreamingContentVideo Creative is native content, request is not
[2015-12-10 18:16:30.410] - 5 - ben-OptiPlex-780:8080 - CampaignProcessor:run:campaign:is-candidate - ben:payday

{"seatbid":[{"seat":"99999999","bid":[{"impid":"23skiddoo","id":"35c22289-06e2-48e9-a0cd-94aeb79fab43","cat":["IAB1","IAB2"],"price":5.0,"adid":"ben:payday","nurl":"http://localhost:8080/rtb/win/nexage/5.0/42.378/-71.227/ben:payday/23skiddoo/35c22289-06e2-48e9-a0cd-94aeb79fab43/http%3A%2F%2Flocalhost%3A8080%2Fcontact.html%3F99201%26adid%3Dben:payday%26crid%3D23skiddoo/http%3A%2F%2Flocalhost%3A8080%2Fimages%2F320x50.jpg%3Fadid%3Dben:payday%26bidid%3D35c22289-06e2-48e9-a0cd-94aeb79fab43","cid":"ben:payday","crid":"23skiddoo","iurl":"http://localhost:8080/images/320x50.jpg?adid=ben:payday&bidid=35c22289-06e2-48e9-a0cd-94aeb79fab43","adomain": ["originator.com"],"adm":"%3Ca%20href%3D'http%3A%2F%2Flocalhost%3A8080%2Fredirect%2Fben%3Apayday%2Fnexage%2F35c22289-06e2-48e9-a0cd-94aeb79fab43%3Furl%3Dhttp%3A%2F%2Flocalhost%3A8080%2Fcontact.html%3F99201%26adid%3Dben%3Apayday%26crid%3D23skiddoo'%3E%3Cimg%20src%3D'http%3A%2F%2Flocalhost%3A8080%2Fpixel%2Fnexage%2Fben%3Apayday%2F35c22289-06e2-48e9-a0cd-94aeb79fab43%2F%24%7BAUCTION_PRICE%7D%2F23skiddoo'%20height%3D'1'%20width%3D'1'%3E%3C%2Fimg%3E%3Cimg%20src%3D'http%3A%2F%2Flocalhost%3A8080%2Fimages%2F320x50.jpg%3Fadid%3Dben%3Apayday%26bidid%3D35c22289-06e2-48e9-a0cd-94aeb79fab43'%20height%3D'50.0'%20width%3D'320.0'%3E%3C%2Fimg%3E%3C%2Fa%3E"}]}],"id":"35c22289-06e2-48e9-a0cd-94aeb79fab43","bidid":"35c22289-06e2-48e9-a0cd-94aeb79fab43"}

[2015-12-10 18:16:30.411] - 5 - ben-OptiPlex-780:8080 - CampaignProcessor:run:campaign-selected - ben:payday
[2015-12-10 18:16:30.412] - 5 - ben-OptiPlex-780:8080 - Handler:response - {"seatbid":[{"seat":"99999999","bid":[{"impid":"23skiddoo","id":"35c22289-06e2-48e9-a0cd-94aeb79fab43","cat":["IAB1","IAB2"],"price":5.0,"adid":"ben:payday","nurl":"http://localhost:8080/rtb/win/nexage/5.0/42.378/-71.227/ben:payday/23skiddoo/35c22289-06e2-48e9-a0cd-94aeb79fab43/http%3A%2F%2Flocalhost%3A8080%2Fcontact.html%3F99201%26adid%3Dben:payday%26crid%3D23skiddoo/http%3A%2F%2Flocalhost%3A8080%2Fimages%2F320x50.jpg%3Fadid%3Dben:payday%26bidid%3D35c22289-06e2-48e9-a0cd-94aeb79fab43","cid":"ben:payday","crid":"23skiddoo","iurl":"http://localhost:8080/images/320x50.jpg?adid=ben:payday&bidid=35c22289-06e2-48e9-a0cd-94aeb79fab43","adomain": ["originator.com"],"adm":"%3Ca%20href%3D'http%3A%2F%2Flocalhost%3A8080%2Fredirect%2Fben%3Apayday%2Fnexage%2F35c22289-06e2-48e9-a0cd-94aeb79fab43%3Furl%3Dhttp%3A%2F%2Flocalhost%3A8080%2Fcontact.html%3F99201%26adid%3Dben%3Apayday%26crid%3D23skiddoo'%3E%3Cimg%20src%3D'http%3A%2F%2Flocalhost%3A8080%2Fpixel%2Fnexage%2Fben%3Apayday%2F35c22289-06e2-48e9-a0cd-94aeb79fab43%2F%24%7BAUCTION_PRICE%7D%2F23skiddoo'%20height%3D'1'%20width%3D'1'%3E%3C%2Fimg%3E%3Cimg%20src%3D'http%3A%2F%2Flocalhost%3A8080%2Fimages%2F320x50.jpg%3Fadid%3Dben%3Apayday%26bidid%3D35c22289-06e2-48e9-a0cd-94aeb79fab43'%20height%3D'50.0'%20width%3D'320.0'%3E%3C%2Fimg%3E%3C%2Fa%3E"}]}],"id":"35c22289-06e2-48e9-a0cd-94aeb79fab43","bidid":"35c22289-06e2-48e9-a0cd-94aeb79fab43"}
XTIME: 3
RTTIME: 5
{"seatbid":[{"seat":"99999999","bid":[{"impid":"23skiddoo","id":"35c22289-06e2-48e9-a0cd-94aeb79fab43","cat":["IAB1","IAB2"],"price":5.0,"adid":"ben:payday","nurl":"http://localhost:8080/rtb/win/nexage/5.0/42.378/-71.227/ben:payday/23skiddoo/35c22289-06e2-48e9-a0cd-94aeb79fab43/http%3A%2F%2Flocalhost%3A8080%2Fcontact.html%3F99201%26adid%3Dben:payday%26crid%3D23skiddoo/http%3A%2F%2Flocalhost%3A8080%2Fimages%2F320x50.jpg%3Fadid%3Dben:payday%26bidid%3D35c22289-06e2-48e9-a0cd-94aeb79fab43","cid":"ben:payday","crid":"23skiddoo","iurl":"http://localhost:8080/images/320x50.jpg?adid=ben:payday&bidid=35c22289-06e2-48e9-a0cd-94aeb79fab43","adomain": ["originator.com"],"adm":"%3Ca%20href%3D'http%3A%2F%2Flocalhost%3A8080%2Fredirect%2Fben%3Apayday%2Fnexage%2F35c22289-06e2-48e9-a0cd-94aeb79fab43%3Furl%3Dhttp%3A%2F%2Flocalhost%3A8080%2Fcontact.html%3F99201%26adid%3Dben%3Apayday%26crid%3D23skiddoo'%3E%3Cimg%20src%3D'http%3A%2F%2Flocalhost%3A8080%2Fpixel%2Fnexage%2Fben%3Apayday%2F35c22289-06e2-48e9-a0cd-94aeb79fab43%2F%24%7BAUCTION_PRICE%7D%2F23skiddoo'%20height%3D'1'%20width%3D'1'%3E%3C%2Fimg%3E%3Cimg%20src%3D'http%3A%2F%2Flocalhost%3A8080%2Fimages%2F320x50.jpg%3Fadid%3Dben%3Apayday%26bidid%3D35c22289-06e2-48e9-a0cd-94aeb79fab43'%20height%3D'50.0'%20width%3D'320.0'%3E%3C%2Fimg%3E%3C%2Fa%3E"}]}],"id":"35c22289-06e2-48e9-a0cd-94aeb79fab43","bidid":"35c22289-06e2-48e9-a0cd-94aeb79fab43"}

[2015-12-10 18:16:30.415] - 5 - ben-OptiPlex-780:8080 - CampaignProcessor:run:creative-failed - ben:fyber:1 Creative  w or h attributes dont match
[2015-12-10 18:16:30.415] - 5 - ben-OptiPlex-780:8080 - CampaignProcessor:run:creative-failed - ben:payday:iAmAnAppWall Creative is native content, request is not
[2015-12-10 18:16:30.416] - 5 - ben-OptiPlex-780:8080 - CampaignProcessor:run:creative-failed - ben:payday:iAmStreamingContentVideo Creative is native content, request is not
[2015-12-10 18:16:30.416] - 5 - ben-OptiPlex-780:8080 - CampaignProcessor:run:creative-failed - ben:payday:23skiddoo Creative is banner, request is not
[2015-12-10 18:16:30.417] - 5 - ben-OptiPlex-780:8080 - CampaignProcessor:run:creative-failed - ben:payday:66skiddoo Creative is banner, request is not
[2015-12-10 18:16:30.417] - 5 - ben-OptiPlex-780:8080 - CampaignProcessor:run:campaign:is-candidate - ben:payday

{"seatbid":[{"seat":"99999999","bid":[{"impid":"iAmVideo","id":"35c22289-06e2-48e9-a0cd-94aeb79fab43","cat":["IAB1","IAB2"],"price":3.0,"adid":"ben:payday","nurl":"http://localhost:8080/rtb/win/nexage/3.0/42.378/-71.227/ben:payday/iAmVideo/35c22289-06e2-48e9-a0cd-94aeb79fab43/null/null","cid":"ben:payday","crid":"iAmVideo","iurl":"null","adomain": ["originator.com"],"adm":"http%3A%2F%2Flocalhost%3A8080%2Fvast%2Fonion270.xml"}]}],"id":"35c22289-06e2-48e9-a0cd-94aeb79fab43","bidid":"35c22289-06e2-48e9-a0cd-94aeb79fab43"}

[2015-12-10 18:16:30.417] - 5 - ben-OptiPlex-780:8080 - CampaignProcessor:run:campaign-selected - ben:payday
[2015-12-10 18:16:30.419] - 5 - ben-OptiPlex-780:8080 - Handler:response - {"seatbid":[{"seat":"99999999","bid":[{"impid":"iAmVideo","id":"35c22289-06e2-48e9-a0cd-94aeb79fab43","cat":["IAB1","IAB2"],"price":3.0,"adid":"ben:payday","nurl":"http://localhost:8080/rtb/win/nexage/3.0/42.378/-71.227/ben:payday/iAmVideo/35c22289-06e2-48e9-a0cd-94aeb79fab43/null/null","cid":"ben:payday","crid":"iAmVideo","iurl":"null","adomain": ["originator.com"],"adm":"http%3A%2F%2Flocalhost%3A8080%2Fvast%2Fonion270.xml"}]}],"id":"35c22289-06e2-48e9-a0cd-94aeb79fab43","bidid":"35c22289-06e2-48e9-a0cd-94aeb79fab43"}
[2015-12-10 18:16:30.421] - 5 - ben-OptiPlex-780:8080 - CampaignProcessor:run:creative-failed - ben:fyber:1 Creative  w or h attributes dont match
[2015-12-10 18:16:30.421] - 5 - ben-OptiPlex-780:8080 - CampaignProcessor:run:creative-failed - ben:payday:iAmAnAppWall Creative is native content, request is not
[2015-12-10 18:16:30.422] - 5 - ben-OptiPlex-780:8080 - CampaignProcessor:run:creative-failed - ben:payday:iAmStreamingContentVideo Creative is native content, request is not
[2015-12-10 18:16:30.422] - 5 - ben-OptiPlex-780:8080 - CampaignProcessor:run:creative-failed - ben:payday:23skiddoo Creative is banner, request is not
[2015-12-10 18:16:30.422] - 5 - ben-OptiPlex-780:8080 - CampaignProcessor:run:creative-failed - ben:payday:66skiddoo Creative is banner, request is not
[2015-12-10 18:16:30.422] - 5 - ben-OptiPlex-780:8080 - CampaignProcessor:run:campaign:is-candidate - ben:payday

{"seatbid":[{"seat":"99999999","bid":[{"impid":"iAmVideo","id":"35c22289-06e2-48e9-a0cd-94aeb79fab43","cat":["IAB1","IAB2"],"price":3.0,"adid":"ben:payday","nurl":"http://localhost:8080/rtb/win/nexage/3.0/42.378/-71.227/ben:payday/iAmVideo/35c22289-06e2-48e9-a0cd-94aeb79fab43/null/null","cid":"ben:payday","crid":"iAmVideo","iurl":"null","adomain": ["originator.com"],"adm":"http%3A%2F%2Flocalhost%3A8080%2Fvast%2Fonion270.xml"}]}],"id":"35c22289-06e2-48e9-a0cd-94aeb79fab43","bidid":"35c22289-06e2-48e9-a0cd-94aeb79fab43"}

[2015-12-10 18:16:30.422] - 5 - ben-OptiPlex-780:8080 - CampaignProcessor:run:campaign-selected - ben:payday
[2015-12-10 18:16:30.423] - 5 - ben-OptiPlex-780:8080 - Handler:response - {"seatbid":[{"seat":"99999999","bid":[{"impid":"iAmVideo","id":"35c22289-06e2-48e9-a0cd-94aeb79fab43","cat":["IAB1","IAB2"],"price":3.0,"adid":"ben:payday","nurl":"http://localhost:8080/rtb/win/nexage/3.0/42.378/-71.227/ben:payday/iAmVideo/35c22289-06e2-48e9-a0cd-94aeb79fab43/null/null","cid":"ben:payday","crid":"iAmVideo","iurl":"null","adomain": ["originator.com"],"adm":"http%3A%2F%2Flocalhost%3A8080%2Fvast%2Fonion270.xml"}]}],"id":"35c22289-06e2-48e9-a0cd-94aeb79fab43","bidid":"35c22289-06e2-48e9-a0cd-94aeb79fab43"}
{"seatbid":[{"seat":"99999999","bid":[{"impid":"iAmVideo","id":"35c22289-06e2-48e9-a0cd-94aeb79fab43","cat":["IAB1","IAB2"],"price":3.0,"adid":"ben:payday","nurl":"http://localhost:8080/rtb/win/nexage/3.0/42.378/-71.227/ben:payday/iAmVideo/35c22289-06e2-48e9-a0cd-94aeb79fab43/null/null","cid":"ben:payday","crid":"iAmVideo","iurl":"null","adomain": ["originator.com"],"adm":"http%3A%2F%2Flocalhost%3A8080%2Fvast%2Fonion270.xml"}]}],"id":"35c22289-06e2-48e9-a0cd-94aeb79fab43","bidid":"35c22289-06e2-48e9-a0cd-94aeb79fab43"}

----------
XTIME: 3
RTTIME: 5
{"seatbid":[{"seat":"99999999","bid":[{"impid":"iAmVideo","id":"35c22289-06e2-48e9-a0cd-94aeb79fab43","cat":["IAB1","IAB2"],"price":3.0,"adid":"ben:payday","nurl":"http://localhost:8080/rtb/win/nexage/3.0/42.378/-71.227/ben:payday/iAmVideo/35c22289-06e2-48e9-a0cd-94aeb79fab43/null/null","cid":"ben:payday","crid":"iAmVideo","iurl":"null","adomain": ["originator.com"],"adm":"http%3A%2F%2Flocalhost%3A8080%2Fvast%2Fonion270.xml"}]}],"id":"35c22289-06e2-48e9-a0cd-94aeb79fab43","bidid":"35c22289-06e2-48e9-a0cd-94aeb79fab43"}

[2015-12-10 18:16:30.424] - 1 - ben-OptiPlex-780:8080 - initialization - HALT: : java.lang.InterruptedException
[2015-12-10 18:16:30.425] - 3 - ben-OptiPlex-780:8080 - NameNode - INTERRUPT: ben-OptiPlex-780:8080
[2015-12-10 18:16:30.434] - 0 - ben-OptiPlex-780:8080 - initalization - System shutdown
]]></system-out>
  <system-err><![CDATA[java.lang.NullPointerException
	at com.xrtb.db.Database.<init>(Database.java:53)
	at com.xrtb.bidder.WebCampaign.<init>(WebCampaign.java:44)
	at com.xrtb.bidder.WebCampaign.getInstance(WebCampaign.java:59)
	at com.xrtb.common.Configuration.addCampaign(Configuration.java:398)
	at com.xrtb.common.Configuration.initialize(Configuration.java:245)
	at com.xrtb.common.Configuration.initialize(Configuration.java:142)
	at com.xrtb.common.Configuration.getInstance(Configuration.java:272)
	at com.xrtb.bidder.RTBServer.<init>(RTBServer.java:187)
	at com.xrtb.tests.Config.setup(Config.java:22)
	at com.xrtb.tests.TestValidBids.testSetup(TestValidBids.java:42)
	at sun.reflect.NativeMethodAccessorImpl.invoke0(Native Method)
	at sun.reflect.NativeMethodAccessorImpl.invoke(NativeMethodAccessorImpl.java:62)
	at sun.reflect.DelegatingMethodAccessorImpl.invoke(DelegatingMethodAccessorImpl.java:43)
	at java.lang.reflect.Method.invoke(Method.java:497)
	at org.junit.runners.model.FrameworkMethod$1.runReflectiveCall(FrameworkMethod.java:47)
	at org.junit.internal.runners.model.ReflectiveCallable.run(ReflectiveCallable.java:12)
	at org.junit.runners.model.FrameworkMethod.invokeExplosively(FrameworkMethod.java:44)
	at mockit.integration.junit4.internal.JUnit4TestRunnerDecorator.invokeExplosively(JUnit4TestRunnerDecorator.java:33)
	at mockit.integration.junit4.internal.MockFrameworkMethod.invokeExplosively(MockFrameworkMethod.java:40)
	at org.junit.runners.model.FrameworkMethod.invokeExplosively(FrameworkMethod.java)
	at org.junit.internal.runners.statements.RunBefores.evaluate(RunBefores.java:24)
	at org.junit.internal.runners.statements.RunAfters.evaluate(RunAfters.java:27)
	at org.junit.runners.ParentRunner.run(ParentRunner.java:309)
	at junit.framework.JUnit4TestAdapter.run(JUnit4TestAdapter.java:38)
	at org.apache.tools.ant.taskdefs.optional.junit.JUnitTestRunner.run(JUnitTestRunner.java:532)
	at org.apache.tools.ant.taskdefs.optional.junit.JUnitTestRunner.launch(JUnitTestRunner.java:1179)
	at org.apache.tools.ant.taskdefs.optional.junit.JUnitTestRunner.main(JUnitTestRunner.java:1030)
[Thread-9] INFO org.eclipse.jetty.util.log - Logging initialized @5036ms
[Thread-9] INFO org.eclipse.jetty.server.Server - jetty-9.3.1.v20150714
[Thread-9] INFO org.eclipse.jetty.server.ServerConnector - Started ServerConnector@16610161{HTTP/1.1,[http/1.1]}{0.0.0.0:8080}
[Thread-9] INFO org.eclipse.jetty.server.Server - Started @5144ms
java.lang.InterruptedException
	at java.util.concurrent.locks.AbstractQueuedSynchronizer.doAcquireSharedInterruptibly(AbstractQueuedSynchronizer.java:998)
	at java.util.concurrent.locks.AbstractQueuedSynchronizer.acquireSharedInterruptibly(AbstractQueuedSynchronizer.java:1304)
	at java.util.concurrent.CountDownLatch.await(CountDownLatch.java:231)
	at com.xrtb.db.DataBaseObject.run(DataBaseObject.java:129)
	at java.lang.Thread.run(Thread.java:745)
[main] INFO org.eclipse.jetty.server.ServerConnector - Stopped ServerConnector@16610161{HTTP/1.1,[http/1.1]}{0.0.0.0:8080}
]]></system-err>
</testsuite>
