<?xml version="1.0" encoding="UTF-8" ?>
<testsuite errors="0" failures="0" hostname="ben-OptiPlex-780" name="com.xrtb.tests.TestZZZRedis" skipped="0" tests="6" time="7.147" timestamp="2015-12-07T21:02:25">
  <properties>
    <property name="java.vendor" value="Oracle Corporation" />
    <property name="lib.dir" value="libs" />
    <property name="sun.java.launcher" value="SUN_STANDARD" />
    <property name="sun.management.compiler" value="HotSpot 64-Bit Tiered Compilers" />
    <property name="os.name" value="Linux" />
    <property name="sun.boot.class.path" value="/usr/lib/jvm/java-8-oracle/jre/lib/resources.jar:/usr/lib/jvm/java-8-oracle/jre/lib/rt.jar:/usr/lib/jvm/java-8-oracle/jre/lib/sunrsasign.jar:/usr/lib/jvm/java-8-oracle/jre/lib/jsse.jar:/usr/lib/jvm/java-8-oracle/jre/lib/jce.jar:/usr/lib/jvm/java-8-oracle/jre/lib/charsets.jar:/usr/lib/jvm/java-8-oracle/jre/lib/jfr.jar:/usr/lib/jvm/java-8-oracle/jre/classes" />
    <property name="sun.desktop" value="gnome" />
    <property name="java.vm.specification.vendor" value="Oracle Corporation" />
    <property name="ant.home" value="/usr/share/ant" />
    <property name="jar.dir" value="libs" />
    <property name="java.runtime.version" value="1.8.0_45-b14" />
    <property name="user.name" value="ben" />
    <property name="build.dir" value="build" />
    <property name="user.language" value="en" />
    <property name="sun.boot.library.path" value="/usr/lib/jvm/java-8-oracle/jre/lib/amd64" />
    <property name="ant.project.default-target" value="jar" />
    <property name="ant.project.name" value="xrtb" />
    <property name="java.version" value="1.8.0_45" />
    <property name="user.timezone" value="America/Los_Angeles" />
    <property name="sun.arch.data.model" value="64" />
    <property name="java.endorsed.dirs" value="/usr/lib/jvm/java-8-oracle/jre/lib/endorsed" />
    <property name="sun.cpu.isalist" value="" />
    <property name="sun.jnu.encoding" value="UTF-8" />
    <property name="file.encoding.pkg" value="sun.io" />
    <property name="file.separator" value="/" />
    <property name="java.specification.name" value="Java Platform API Specification" />
    <property name="classes.dir" value="build/classes" />
    <property name="java.class.version" value="52.0" />
    <property name="user.country" value="US" />
    <property name="java.home" value="/usr/lib/jvm/java-8-oracle/jre" />
    <property name="java.vm.info" value="mixed mode" />
    <property name="ant.file.xrtb" value="/home/ben/workspace/XRTB/build.xml" />
    <property name="main-class" value="com.xrtb.bidder.RTBServer" />
    <property name="ant.file" value="/home/ben/workspace/XRTB/build.xml" />
    <property name="os.version" value="3.19.0-37-generic" />
    <property name="ant.file.type.xrtb" value="file" />
    <property name="path.separator" value=":" />
    <property name="java.vm.version" value="25.45-b02" />
    <property name="report.dir" value="/home/ben/workspace/XRTB/reports" />
    <property name="ant.library.dir" value="/usr/share/ant/lib" />
    <property name="java.awt.printerjob" value="sun.print.PSPrinterJob" />
    <property name="sun.io.unicode.encoding" value="UnicodeLittle" />
    <property name="awt.toolkit" value="sun.awt.X11.XToolkit" />
    <property name="user.home" value="/home/ben" />
    <property name="java.specification.vendor" value="Oracle Corporation" />
    <property name="java.library.path" value="/usr/java/packages/lib/amd64:/usr/lib64:/lib64:/lib:/usr/lib" />
    <property name="java.vendor.url" value="http://java.oracle.com/" />
    <property name="java.vm.vendor" value="Oracle Corporation" />
    <property name="java.runtime.name" value="Java(TM) SE Runtime Environment" />
    <property name="sun.java.command" value="org.apache.tools.ant.taskdefs.optional.junit.JUnitTestRunner com.xrtb.tests.TestZZZRedis skipNonTests=false filtertrace=true haltOnError=false haltOnFailure=false formatter=org.apache.tools.ant.taskdefs.optional.junit.SummaryJUnitResultFormatter showoutput=true outputtoformatters=true logfailedtests=true threadid=0 logtestlistenerevents=false formatter=org.apache.tools.ant.taskdefs.optional.junit.XMLJUnitResultFormatter,/home/ben/workspace/XRTB/reports/TEST-com.xrtb.tests.TestZZZRedis.xml crashfile=/home/ben/workspace/XRTB/junitvmwatcher1933797634787452590.properties propsfile=/home/ben/workspace/XRTB/junit6666161160604370778.properties" />
    <property name="java.class.path" value="/home/ben/workspace/XRTB/libs/asm-4.2.jar:/home/ben/workspace/XRTB/libs/cdi-core-9.3.1.v20150714.jar:/home/ben/workspace/XRTB/libs/cdi-servlet-9.3.1.v20150714.jar:/home/ben/workspace/XRTB/libs/cdi-websocket-9.3.1.v20150714.jar:/home/ben/workspace/XRTB/libs/devicemap-client-java-1.1.0.jar:/home/ben/workspace/XRTB/libs/devicemap-data-1.0.3.jar:/home/ben/workspace/XRTB/libs/gson-2.4.jar:/home/ben/workspace/XRTB/libs/hamcrest-all-1.3.jar:/home/ben/workspace/XRTB/libs/hamcrest-core-1.3.jar:/home/ben/workspace/XRTB/libs/hamcrest-library-1.3.jar:/home/ben/workspace/XRTB/libs/jackson-annotations-2.4.0.jar:/home/ben/workspace/XRTB/libs/jackson-core-2.4.4.jar:/home/ben/workspace/XRTB/libs/jackson-databind-2.4.4.jar:/home/ben/workspace/XRTB/libs/jedis-2.7.2.jar:/home/ben/workspace/XRTB/libs/jetty-alpn-server-9.3.1.v20150714.jar:/home/ben/workspace/XRTB/libs/jetty-annotations-9.3.1.v20150714.jar:/home/ben/workspace/XRTB/libs/jetty-client-9.3.1.v20150714.jar:/home/ben/workspace/XRTB/libs/jetty-continuation-9.3.1.v20150714.jar:/home/ben/workspace/XRTB/libs/jetty-deploy-9.3.1.v20150714.jar:/home/ben/workspace/XRTB/libs/jetty-http-9.3.1.v20150714.jar:/home/ben/workspace/XRTB/libs/jetty-infinispan-9.3.1.v20150714.jar:/home/ben/workspace/XRTB/libs/jetty-io-9.3.1.v20150714.jar:/home/ben/workspace/XRTB/libs/jetty-jaas-9.3.1.v20150714.jar:/home/ben/workspace/XRTB/libs/jetty-jaspi-9.3.1.v20150714.jar:/home/ben/workspace/XRTB/libs/jetty-jmx-9.3.1.v20150714.jar:/home/ben/workspace/XRTB/libs/jetty-jndi-9.3.1.v20150714.jar:/home/ben/workspace/XRTB/libs/jetty-nosql-9.3.1.v20150714.jar:/home/ben/workspace/XRTB/libs/jetty-plus-9.3.1.v20150714.jar:/home/ben/workspace/XRTB/libs/jetty-proxy-9.3.1.v20150714.jar:/home/ben/workspace/XRTB/libs/jetty-quickstart-9.3.1.v20150714.jar:/home/ben/workspace/XRTB/libs/jetty-rewrite-9.3.1.v20150714.jar:/home/ben/workspace/XRTB/libs/jetty-schemas-3.1.jar:/home/ben/workspace/XRTB/libs/jetty-security-9.3.1.v20150714.jar:/home/ben/workspace/XRTB/libs/jetty-server-9.3.1.v20150714.jar:/home/ben/workspace/XRTB/libs/jetty-servlet-9.3.1.v20150714.jar:/home/ben/workspace/XRTB/libs/jetty-servlets-9.3.1.v20150714.jar:/home/ben/workspace/XRTB/libs/jetty-util-9.3.1.v20150714.jar:/home/ben/workspace/XRTB/libs/jetty-webapp-9.3.1.v20150714.jar:/home/ben/workspace/XRTB/libs/jetty-xml-9.3.1.v20150714.jar:/home/ben/workspace/XRTB/libs/jmockit-1.12.jar:/home/ben/workspace/XRTB/libs/junit-4.11.jar:/home/ben/workspace/XRTB/libs/kryo-3.0.0.jar:/home/ben/workspace/XRTB/libs/minlog-1.3.0.jar:/home/ben/workspace/XRTB/libs/netty-buffer-4.0.27.Final.jar:/home/ben/workspace/XRTB/libs/netty-codec-4.0.27.Final.jar:/home/ben/workspace/XRTB/libs/netty-codec-http-4.0.27.Final.jar:/home/ben/workspace/XRTB/libs/netty-common-4.0.27.Final.jar:/home/ben/workspace/XRTB/libs/netty-handler-4.0.27.Final.jar:/home/ben/workspace/XRTB/libs/netty-transport-4.0.27.Final.jar:/home/ben/workspace/XRTB/libs/objenesis-2.1.jar:/home/ben/workspace/XRTB/libs/privatex.jar:/home/ben/workspace/XRTB/libs/redisson-2.2.0.jar:/home/ben/workspace/XRTB/libs/reflectasm-1.10.0.jar:/home/ben/workspace/XRTB/libs/servlet-api-3.1.jar:/home/ben/workspace/XRTB/libs/slf4j-api-1.7.10.jar:/home/ben/workspace/XRTB/libs/slf4j-simple-1.7.10.jar:/home/ben/workspace/XRTB/libs/xrtb.jar:/home/ben/workspace/XRTB/build/classes:/usr/share/ant/lib/junit.jar:/usr/share/java/ant-launcher-1.9.4.jar:/usr/share/ant/lib/ant.jar:/usr/share/ant/lib/ant-junit.jar:/usr/share/ant/lib/ant-junit4.jar" />
    <property name="ant.version" value="Apache Ant(TM) version 1.9.4 compiled on January 27 2015" />
    <property name="java.vm.specification.name" value="Java Virtual Machine Specification" />
    <property name="ant.file.type" value="file" />
    <property name="java.vm.specification.version" value="1.8" />
    <property name="sun.cpu.endian" value="little" />
    <property name="sun.os.patch.level" value="unknown" />
    <property name="java.io.tmpdir" value="/tmp" />
    <property name="java.vendor.url.bug" value="http://bugreport.sun.com/bugreport/" />
    <property name="os.arch" value="amd64" />
    <property name="java.awt.graphicsenv" value="sun.awt.X11GraphicsEnvironment" />
    <property name="java.ext.dirs" value="/usr/lib/jvm/java-8-oracle/jre/lib/ext:/usr/java/packages/lib/ext" />
    <property name="user.dir" value="/home/ben/workspace/XRTB" />
    <property name="line.separator" value="&#xa;" />
    <property name="java.vm.name" value="Java HotSpot(TM) 64-Bit Server VM" />
    <property name="basedir" value="/home/ben/workspace/XRTB" />
    <property name="ant.java.version" value="1.8" />
    <property name="ant.core.lib" value="/usr/share/ant/lib/ant.jar" />
    <property name="file.encoding" value="UTF-8" />
    <property name="java.specification.version" value="1.8" />
    <property name="src.dir" value="src" />
    <property name="ant.project.invoked-targets" value="junitreport" />
  </properties>
  <testcase classname="com.xrtb.tests.TestZZZRedis" name="testEcho" time="0.108" />
  <testcase classname="com.xrtb.tests.TestZZZRedis" name="testStub" time="0.0" />
  <testcase classname="com.xrtb.tests.TestZZZRedis" name="addCampaign" time="1.028" />
  <testcase classname="com.xrtb.tests.TestZZZRedis" name="testSetLogLevel" time="0.049" />
  <testcase classname="com.xrtb.tests.TestZZZRedis" name="deleteUnknownCampaign" time="0.012" />
  <testcase classname="com.xrtb.tests.TestZZZRedis" name="stopStartBidder" time="0.125" />
  <system-out><![CDATA[[2015-12-07 13:02:28.349] - 5 - ben-OptiPlex-780:8080 - BidRequest:compile - Compiling for domain: : originator.com
[2015-12-07 13:02:28.350] - 5 - ben-OptiPlex-780:8080 - BidRequest:compile - Compile unit: originator.com:site.domain, values: [site, domain]
[2015-12-07 13:02:28.350] - 5 - ben-OptiPlex-780:8080 - BidRequest:compile - Compile unit: originator.com:user.geo.country, values: [user, geo, country]
[2015-12-07 13:02:28.351] - 5 - ben-OptiPlex-780:8080 - BidRequest:compile - Compile unit: originator.com:rtb4free.geocode.state, values: [rtb4free, geocode, state]
[2015-12-07 13:02:28.351] - 5 - ben-OptiPlex-780:8080 - BidRequest:compile - Compiling creatives for: originator.com:iAmAnAppWall
[2015-12-07 13:02:28.351] - 5 - ben-OptiPlex-780:8080 - BidRequest:compile - Compiling creatives for: originator.com:iAmStreamingContentVideo
[2015-12-07 13:02:28.352] - 5 - ben-OptiPlex-780:8080 - BidRequest:compile - Compiling creatives for: originator.com:23skiddoo
[2015-12-07 13:02:28.352] - 5 - ben-OptiPlex-780:8080 - BidRequest:compile - Compiling creatives for: originator.com:66skiddoo
[2015-12-07 13:02:28.352] - 5 - ben-OptiPlex-780:8080 - BidRequest:compile - Compiling creatives for: originator.com:iAmVideo
[2015-12-07 13:02:28.353] - 1 - ben-OptiPlex-780:8080 - initialization:campaign - ben:ben:payday
[2015-12-07 13:02:29.358] - 5 - ben-OptiPlex-780:8080 - BidRequest:compile - Compiling for domain: : originator.com
[2015-12-07 13:02:29.359] - 5 - ben-OptiPlex-780:8080 - BidRequest:compile - Compile unit: originator.com:site.domain, values: [site, domain]
[2015-12-07 13:02:29.359] - 5 - ben-OptiPlex-780:8080 - BidRequest:compile - Compile unit: originator.com:user.geo.country, values: [user, geo, country]
[2015-12-07 13:02:29.360] - 5 - ben-OptiPlex-780:8080 - BidRequest:compile - Compile unit: originator.com:rtb4free.geocode.state, values: [rtb4free, geocode, state]
[2015-12-07 13:02:29.360] - 5 - ben-OptiPlex-780:8080 - BidRequest:compile - Compiling creatives for: originator.com:iAmAnAppWall
[2015-12-07 13:02:29.360] - 5 - ben-OptiPlex-780:8080 - BidRequest:compile - Compiling creatives for: originator.com:iAmStreamingContentVideo
[2015-12-07 13:02:29.361] - 5 - ben-OptiPlex-780:8080 - BidRequest:compile - Compiling creatives for: originator.com:23skiddoo
[2015-12-07 13:02:29.361] - 5 - ben-OptiPlex-780:8080 - BidRequest:compile - Compiling creatives for: originator.com:66skiddoo
[2015-12-07 13:02:29.362] - 5 - ben-OptiPlex-780:8080 - BidRequest:compile - Compiling creatives for: originator.com:iAmVideo
[2015-12-07 13:02:29.362] - 5 - ben-OptiPlex-780:8080 - BidRequest:compile - Compiling for domain: : originator.com
[2015-12-07 13:02:29.362] - 5 - ben-OptiPlex-780:8080 - BidRequest:compile - Compile unit: originator.com:cur, values: [cur]
[2015-12-07 13:02:29.363] - 5 - ben-OptiPlex-780:8080 - BidRequest:compile - Compile unit: originator.com:wseat, values: [wseat]
[2015-12-07 13:02:29.363] - 5 - ben-OptiPlex-780:8080 - BidRequest:compile - Compiling creatives for: originator.com:1
[2015-12-07 13:02:29.364] - 1 - ben-OptiPlex-780:8080 - initialization:campaign - ben:ben:fyber
[2015-12-07 13:02:30.009] - 5 - ben-OptiPlex-780:8080 - BidRequest:compile - Compiling for domain: : originator.com
[2015-12-07 13:02:30.009] - 5 - ben-OptiPlex-780:8080 - BidRequest:compile - Compile unit: originator.com:site.domain, values: [site, domain]
[2015-12-07 13:02:30.009] - 5 - ben-OptiPlex-780:8080 - BidRequest:compile - Compile unit: originator.com:user.geo.country, values: [user, geo, country]
[2015-12-07 13:02:30.010] - 5 - ben-OptiPlex-780:8080 - BidRequest:compile - Compile unit: originator.com:rtb4free.geocode.state, values: [rtb4free, geocode, state]
[2015-12-07 13:02:30.010] - 5 - ben-OptiPlex-780:8080 - BidRequest:compile - Compiling creatives for: originator.com:iAmAnAppWall
[2015-12-07 13:02:30.010] - 5 - ben-OptiPlex-780:8080 - BidRequest:compile - Compiling creatives for: originator.com:iAmStreamingContentVideo
[2015-12-07 13:02:30.010] - 5 - ben-OptiPlex-780:8080 - BidRequest:compile - Compiling creatives for: originator.com:23skiddoo
[2015-12-07 13:02:30.010] - 5 - ben-OptiPlex-780:8080 - BidRequest:compile - Compiling creatives for: originator.com:66skiddoo
[2015-12-07 13:02:30.011] - 5 - ben-OptiPlex-780:8080 - BidRequest:compile - Compiling creatives for: originator.com:iAmVideo
[2015-12-07 13:02:30.011] - 5 - ben-OptiPlex-780:8080 - BidRequest:compile - Compiling for domain: : originator.com
[2015-12-07 13:02:30.011] - 5 - ben-OptiPlex-780:8080 - BidRequest:compile - Compile unit: originator.com:cur, values: [cur]
[2015-12-07 13:02:30.012] - 5 - ben-OptiPlex-780:8080 - BidRequest:compile - Compile unit: originator.com:wseat, values: [wseat]
[2015-12-07 13:02:30.012] - 5 - ben-OptiPlex-780:8080 - BidRequest:compile - Compiling creatives for: originator.com:1
[2015-12-07 13:02:30.022] - 1 - ben-OptiPlex-780:8080 - initialization - System start on port: 8080
================>{"name":null,"cmd":5,"from":null,"to":"*","id":"ECHO-ID","msg":"undefined","status":"ok","type":"status","target":"na","campaigns":[],"percentage":0,"stopped":false,"bid":0,"nobid":0,"win":0,"error":0,"handled":0,"unknown":0,"loglevel":0,"clicks":0,"pixel":0,"adspend":0.0}
<<<<<<<<<<<<<<<<<{"name":null,"cmd":5,"from":"ben-OptiPlex-780:8080","to":"*","id":"ECHO-ID","msg":"undefined","status":"ok","type":"status","target":"na","campaigns":[{"owner":"ben","adId":"ben:payday","name":null,"adomain":"originator.com","template":{"default":"<a href='{redirect_url}/{ad_id}/{pub}/{bid_id}?url={campaign_forward_url}'><img src='{pixel_url}/{pub}/{ad_id}/{bid_id}/${AUCTION_PRICE}/{creative_id}' height='1' width='1'></img><img src='{campaign_image_url}' height='{campaign_ad_height}' width='{campaign_ad_width}'></img></a>","exchange":{"mopub":"<a href='mopub template here' </a>","mobclix":"<a href='mobclix template here' </a>","nexage":"<a href='{redirect_url}/{ad_id}/{pub}/{bid_id}?url={campaign_forward_url}'><img src='{pixel_url}/{pub}/{ad_id}/{bid_id}/${AUCTION_PRICE}/{creative_id}' height='1' width='1'></img><img src='{campaign_image_url}' height='{campaign_ad_height}' width='{campaign_ad_width}'></img></a>","privatex":"<a href='{redirect_urlL}/{ad_id}/{pub}/{bid_id}?url={campaign_forward_url}'><img src='{pixel_url}/{pub}/{ad_id}/{bid_id}/${AUCTION_PRICE}/{creative_id}' height='1' width='1'></img><img src='{campaign_image_url}' height='{campaign_ad_height}' width='{campaign_ad_width}'></img></a>"}},"attributes":[{"name":null,"value":["chive.com","junk.com"],"shell":null,"op":"NOT_MEMBER","notPresentOk":true,"bidRequestValues":["site","domain"],"brvalue":null},{"name":null,"value":["USA","MEX"],"shell":null,"op":"MEMBER","notPresentOk":true,"bidRequestValues":["user","geo","country"],"brvalue":null},{"name":null,"value":["CA","NY","MA"],"shell":null,"op":"MEMBER","notPresentOk":true,"bidRequestValues":["rtb4free","geocode","state"],"brvalue":null}],"creatives":[{"forwardurl":null,"imageurl":null,"impid":"iAmAnAppWall","w":0.0,"h":0.0,"attributes":[],"adm":null,"currency":null,"videoProtocol":null,"videoDuration":null,"videoLinearity":null,"videoMimeType":null,"vasturl":null,"price":10.0,"nativead":{"assets":[{"title":{"text":"Install BOA","value":null,"url":null,"fallback":null,"w":null,"h":null,"type":null,"duration":null,"linearity":null,"protocol":null,"clicktrackers":null,"callToAction":"http://i.am.a/URL"},"link":{"text":null,"value":null,"url":"http://i.am.a/URL","fallback":null,"w":null,"h":null,"type":null,"duration":null,"linearity":null,"protocol":null,"clicktrackers":null,"callToAction":null},"img":null,"data":null,"video":null},{"title":null,"link":null,"img":{"text":null,"value":null,"url":"http://cdn.mobad.com/ad.png","fallback":null,"w":64,"h":64,"type":null,"duration":null,"linearity":null,"protocol":null,"clicktrackers":null,"callToAction":null},"data":null,"video":null},{"title":null,"link":{"text":null,"value":null,"url":"http://i.am.a/URL","fallback":null,"w":null,"h":null,"type":null,"duration":null,"linearity":null,"protocol":null,"clicktrackers":null,"callToAction":null},"img":null,"data":{"text":null,"value":"Install","url":null,"fallback":null,"w":null,"h":null,"type":2,"duration":null,"linearity":null,"protocol":null,"clicktrackers":null,"callToAction":"http://i.am.a/URL"},"video":null},{"title":null,"link":null,"img":null,"data":{"text":null,"value":"5","url":null,"fallback":null,"w":null,"h":null,"type":3,"duration":null,"linearity":null,"protocol":null,"clicktrackers":null,"callToAction":null},"video":null}],"link":{"url":"deeplink://deeplink/url/into/app","fallback":"http: //i.am.a/URL","clicktrackers":["http: //a.com/a","http: //b.com/b"]},"imptrackers":["http: //a.com/a","http: //b.com/b"],"nativeAdType":2}},{"forwardurl":null,"imageurl":null,"impid":"iAmStreamingContentVideo","w":0.0,"h":0.0,"attributes":[],"adm":null,"currency":null,"videoProtocol":null,"videoDuration":null,"videoLinearity":null,"videoMimeType":null,"vasturl":null,"price":10.5,"nativead":{"assets":[{"title":{"text":"Install BOA","value":null,"url":null,"fallback":null,"w":null,"h":null,"type":null,"duration":null,"linearity":null,"protocol":null,"clicktrackers":null,"callToAction":null},"link":null,"img":null,"data":null,"video":null},{"title":null,"link":null,"img":{"text":null,"value":null,"url":"http://cdn.mobad.com/ad.png","fallback":null,"w":64,"h":64,"type":null,"duration":null,"linearity":null,"protocol":null,"clicktrackers":null,"callToAction":null},"data":null,"video":null},{"title":null,"link":null,"img":null,"data":null,"video":{"text":null,"value":"<VAST version='2.0'></VAST>","url":null,"fallback":null,"w":null,"h":null,"type":null,"duration":25,"linearity":1,"protocol":"VAST 2.0","clicktrackers":null,"callToAction":null}},{"title":null,"link":null,"img":null,"data":{"text":null,"value":"Click","url":null,"fallback":null,"w":null,"h":null,"type":2,"duration":null,"linearity":null,"protocol":null,"clicktrackers":null,"callToAction":null},"video":null}],"link":{"url":"deeplink://deeplink/url/into/app","fallback":"http: //i.am.a/URL","clicktrackers":["http: //a.com/a","http: //b.com/b"]},"imptrackers":["http: //a.com/a","http: //b.com/b"],"nativeAdType":6}},{"forwardurl":"http://localhost:8080/contact.html?{site_id}&adid={ad_id}&crid={creative_id}","imageurl":"http://localhost:8080/images/320x50.jpg?adid={ad_id}&bidid={bid_id}","impid":"23skiddoo","w":320.0,"h":50.0,"attributes":[],"adm":null,"currency":null,"videoProtocol":null,"videoDuration":null,"videoLinearity":null,"videoMimeType":null,"vasturl":null,"price":5.0,"nativead":null},{"forwardurl":"http://localhost:8080/contact.html?{site_id}&adid={ad_id}&crid={creative_id}","imageurl":"http://localhost:8080/images/320x50.gif?adid={ad_id}&bidid={bid_id}","impid":"66skiddoo","w":640.0,"h":480.0,"attributes":[],"adm":null,"currency":null,"videoProtocol":null,"videoDuration":null,"videoLinearity":null,"videoMimeType":null,"vasturl":null,"price":4.0,"nativead":null},{"forwardurl":null,"imageurl":null,"impid":"iAmVideo","w":400.0,"h":200.0,"attributes":[],"adm":["http://localhost:8080/vast/onion270.xml"],"currency":null,"videoProtocol":2,"videoDuration":30,"videoLinearity":1,"videoMimeType":"application/x-shockwave-flash","vasturl":null,"price":3.0,"nativead":null}],"date":[20130205,20200101]},{"owner":"ben","adId":"ben:fyber","name":null,"adomain":"originator.com","template":{"default":"999","exchange":{"mopub":"<a href='mopub template here' </a>","mobclix":"<a href='mobclix template here' </a>","nexage":"<a href='{redirect_url}/{ad_id}/{pub}/{bid_id}?url={campaign_forward_url}'><img src='{pixel_url}/{pub}/{ad_id}/{bid_id}/${AUCTION_PRICE}/{creative_id}' height='1' width='1'></img><img src='{campaign_image_url}' height='{campaign_ad_height}' width='{campaign_ad_width}'></img></a>"}},"attributes":[{"name":null,"value":"EUR","shell":null,"op":"MEMBER","notPresentOk":true,"bidRequestValues":["cur"],"brvalue":null},{"name":null,"value":"seat1","shell":null,"op":"MEMBER","notPresentOk":true,"bidRequestValues":["wseat"],"brvalue":null}],"creatives":[{"forwardurl":null,"imageurl":null,"impid":"1","w":640.0,"h":480.0,"attributes":[],"adm":["http://localhost:8080/vast/onion270.xml"],"currency":null,"videoProtocol":3,"videoDuration":10,"videoLinearity":1,"videoMimeType":null,"vasturl":null,"price":6.91156,"nativead":null}],"date":[20130205,20200101]}],"percentage":100,"stopped":false,"bid":0,"nobid":0,"win":0,"error":0,"handled":0,"unknown":0,"loglevel":-5,"clicks":0,"pixel":0,"adspend":0.0}
================>{"name":"ben","cmd":0,"from":null,"to":"","id":"ADDCAMP-ID","msg":"undefined","status":"ok","type":"status","target":"ben:payday"}
ADDING ben/ben:payday
[2015-12-07 13:02:32.619] - 5 - ben-OptiPlex-780:8080 - BidRequest:compile - Compiling for domain: : originator.com
[2015-12-07 13:02:32.619] - 5 - ben-OptiPlex-780:8080 - BidRequest:compile - Compile unit: originator.com:site.domain, values: [site, domain]
[2015-12-07 13:02:32.620] - 5 - ben-OptiPlex-780:8080 - BidRequest:compile - Compile unit: originator.com:user.geo.country, values: [user, geo, country]
[2015-12-07 13:02:32.620] - 5 - ben-OptiPlex-780:8080 - BidRequest:compile - Compile unit: originator.com:rtb4free.geocode.state, values: [rtb4free, geocode, state]
[2015-12-07 13:02:32.620] - 5 - ben-OptiPlex-780:8080 - BidRequest:compile - Compiling creatives for: originator.com:iAmAnAppWall
[2015-12-07 13:02:32.621] - 5 - ben-OptiPlex-780:8080 - BidRequest:compile - Compiling creatives for: originator.com:iAmStreamingContentVideo
[2015-12-07 13:02:32.621] - 5 - ben-OptiPlex-780:8080 - BidRequest:compile - Compiling creatives for: originator.com:23skiddoo
[2015-12-07 13:02:32.622] - 5 - ben-OptiPlex-780:8080 - BidRequest:compile - Compiling creatives for: originator.com:66skiddoo
[2015-12-07 13:02:32.622] - 5 - ben-OptiPlex-780:8080 - BidRequest:compile - Compiling creatives for: originator.com:iAmVideo
[2015-12-07 13:02:32.622] - 5 - ben-OptiPlex-780:8080 - BidRequest:compile - Compiling for domain: : originator.com
[2015-12-07 13:02:32.623] - 5 - ben-OptiPlex-780:8080 - BidRequest:compile - Compile unit: originator.com:cur, values: [cur]
[2015-12-07 13:02:32.623] - 5 - ben-OptiPlex-780:8080 - BidRequest:compile - Compile unit: originator.com:wseat, values: [wseat]
[2015-12-07 13:02:32.623] - 5 - ben-OptiPlex-780:8080 - BidRequest:compile - Compiling creatives for: originator.com:1
[2015-12-07 13:02:32.624] - 5 - ben-OptiPlex-780:8080 - BidRequest:compile - Compiling for domain: : originator.com
[2015-12-07 13:02:32.624] - 5 - ben-OptiPlex-780:8080 - BidRequest:compile - Compile unit: originator.com:site.domain, values: [site, domain]
[2015-12-07 13:02:32.624] - 5 - ben-OptiPlex-780:8080 - BidRequest:compile - Compile unit: originator.com:user.geo.country, values: [user, geo, country]
[2015-12-07 13:02:32.624] - 5 - ben-OptiPlex-780:8080 - BidRequest:compile - Compile unit: originator.com:rtb4free.geocode.state, values: [rtb4free, geocode, state]
[2015-12-07 13:02:32.625] - 5 - ben-OptiPlex-780:8080 - BidRequest:compile - Compiling creatives for: originator.com:iAmAnAppWall
[2015-12-07 13:02:32.625] - 5 - ben-OptiPlex-780:8080 - BidRequest:compile - Compiling creatives for: originator.com:iAmStreamingContentVideo
[2015-12-07 13:02:32.625] - 5 - ben-OptiPlex-780:8080 - BidRequest:compile - Compiling creatives for: originator.com:23skiddoo
[2015-12-07 13:02:32.625] - 5 - ben-OptiPlex-780:8080 - BidRequest:compile - Compiling creatives for: originator.com:66skiddoo
[2015-12-07 13:02:32.626] - 5 - ben-OptiPlex-780:8080 - BidRequest:compile - Compiling creatives for: originator.com:iAmVideo
Campaign null/ben:payday loaded ok
<<<<<<<<<<<<<<<<<{"name":null,"cmd":-1,"from":"ben-OptiPlex-780:8080","to":"*","id":"ADDCAMP-ID","msg":"Campaign null/ben:payday loaded ok","status":"ok","type":"status","target":"na"}
================>{"name":null,"cmd":6,"from":null,"to":"*","id":"SETLOG-ID","msg":"undefined","status":"ok","type":"status","target":"-3"}
[2015-12-07 13:02:32.642] - 1 - ben-OptiPlex-780:8080 - loglevel - ok
<<<<<<<<<<<<<<<<<{"name":null,"cmd":5,"from":"ben-OptiPlex-780:8080","to":"*","id":"SETLOG-ID","msg":"Log level changed from -5 to -3","status":"ok","type":"status","target":"na","campaigns":[{"owner":"ben","adId":"ben:payday","name":null,"adomain":"originator.com","template":{"default":"<a href='{redirect_url}/{ad_id}/{pub}/{bid_id}?url={campaign_forward_url}'><img src='{pixel_url}/{pub}/{ad_id}/{bid_id}/${AUCTION_PRICE}/{creative_id}' height='1' width='1'></img><img src='{campaign_image_url}' height='{campaign_ad_height}' width='{campaign_ad_width}'></img></a>","exchange":{"mopub":"<a href='mopub template here' </a>","mobclix":"<a href='mobclix template here' </a>","nexage":"<a href='{redirect_url}/{ad_id}/{pub}/{bid_id}?url={campaign_forward_url}'><img src='{pixel_url}/{pub}/{ad_id}/{bid_id}/${AUCTION_PRICE}/{creative_id}' height='1' width='1'></img><img src='{campaign_image_url}' height='{campaign_ad_height}' width='{campaign_ad_width}'></img></a>","privatex":"<a href='{redirect_urlL}/{ad_id}/{pub}/{bid_id}?url={campaign_forward_url}'><img src='{pixel_url}/{pub}/{ad_id}/{bid_id}/${AUCTION_PRICE}/{creative_id}' height='1' width='1'></img><img src='{campaign_image_url}' height='{campaign_ad_height}' width='{campaign_ad_width}'></img></a>"}},"attributes":[{"name":null,"value":["chive.com","junk.com"],"shell":null,"op":"NOT_MEMBER","notPresentOk":true,"bidRequestValues":["site","domain"],"brvalue":null},{"name":null,"value":["USA","MEX"],"shell":null,"op":"MEMBER","notPresentOk":true,"bidRequestValues":["user","geo","country"],"brvalue":null},{"name":null,"value":["CA","NY","MA"],"shell":null,"op":"MEMBER","notPresentOk":true,"bidRequestValues":["rtb4free","geocode","state"],"brvalue":null}],"creatives":[{"forwardurl":null,"imageurl":null,"impid":"iAmAnAppWall","w":0.0,"h":0.0,"attributes":[],"adm":null,"currency":null,"videoProtocol":null,"videoDuration":null,"videoLinearity":null,"videoMimeType":null,"vasturl":null,"price":10.0,"nativead":{"assets":[{"title":{"text":"Install BOA","value":null,"url":null,"fallback":null,"w":null,"h":null,"type":null,"duration":null,"linearity":null,"protocol":null,"clicktrackers":null,"callToAction":"http://i.am.a/URL"},"link":{"text":null,"value":null,"url":"http://i.am.a/URL","fallback":null,"w":null,"h":null,"type":null,"duration":null,"linearity":null,"protocol":null,"clicktrackers":null,"callToAction":null},"img":null,"data":null,"video":null},{"title":null,"link":null,"img":{"text":null,"value":null,"url":"http://cdn.mobad.com/ad.png","fallback":null,"w":64,"h":64,"type":null,"duration":null,"linearity":null,"protocol":null,"clicktrackers":null,"callToAction":null},"data":null,"video":null},{"title":null,"link":{"text":null,"value":null,"url":"http://i.am.a/URL","fallback":null,"w":null,"h":null,"type":null,"duration":null,"linearity":null,"protocol":null,"clicktrackers":null,"callToAction":null},"img":null,"data":{"text":null,"value":"Install","url":null,"fallback":null,"w":null,"h":null,"type":2,"duration":null,"linearity":null,"protocol":null,"clicktrackers":null,"callToAction":"http://i.am.a/URL"},"video":null},{"title":null,"link":null,"img":null,"data":{"text":null,"value":"5","url":null,"fallback":null,"w":null,"h":null,"type":3,"duration":null,"linearity":null,"protocol":null,"clicktrackers":null,"callToAction":null},"video":null}],"link":{"url":"deeplink://deeplink/url/into/app","fallback":"http: //i.am.a/URL","clicktrackers":["http: //a.com/a","http: //b.com/b"]},"imptrackers":["http: //a.com/a","http: //b.com/b"],"nativeAdType":2}},{"forwardurl":null,"imageurl":null,"impid":"iAmStreamingContentVideo","w":0.0,"h":0.0,"attributes":[],"adm":null,"currency":null,"videoProtocol":null,"videoDuration":null,"videoLinearity":null,"videoMimeType":null,"vasturl":null,"price":10.5,"nativead":{"assets":[{"title":{"text":"Install BOA","value":null,"url":null,"fallback":null,"w":null,"h":null,"type":null,"duration":null,"linearity":null,"protocol":null,"clicktrackers":null,"callToAction":null},"link":null,"img":null,"data":null,"video":null},{"title":null,"link":null,"img":{"text":null,"value":null,"url":"http://cdn.mobad.com/ad.png","fallback":null,"w":64,"h":64,"type":null,"duration":null,"linearity":null,"protocol":null,"clicktrackers":null,"callToAction":null},"data":null,"video":null},{"title":null,"link":null,"img":null,"data":null,"video":{"text":null,"value":"<VAST version='2.0'></VAST>","url":null,"fallback":null,"w":null,"h":null,"type":null,"duration":25,"linearity":1,"protocol":"VAST 2.0","clicktrackers":null,"callToAction":null}},{"title":null,"link":null,"img":null,"data":{"text":null,"value":"Click","url":null,"fallback":null,"w":null,"h":null,"type":2,"duration":null,"linearity":null,"protocol":null,"clicktrackers":null,"callToAction":null},"video":null}],"link":{"url":"deeplink://deeplink/url/into/app","fallback":"http: //i.am.a/URL","clicktrackers":["http: //a.com/a","http: //b.com/b"]},"imptrackers":["http: //a.com/a","http: //b.com/b"],"nativeAdType":6}},{"forwardurl":"http://localhost:8080/contact.html?{site_id}&adid={ad_id}&crid={creative_id}","imageurl":"http://localhost:8080/images/320x50.jpg?adid={ad_id}&bidid={bid_id}","impid":"23skiddoo","w":320.0,"h":50.0,"attributes":[],"adm":null,"currency":null,"videoProtocol":null,"videoDuration":null,"videoLinearity":null,"videoMimeType":null,"vasturl":null,"price":5.0,"nativead":null},{"forwardurl":"http://localhost:8080/contact.html?{site_id}&adid={ad_id}&crid={creative_id}","imageurl":"http://localhost:8080/images/320x50.gif?adid={ad_id}&bidid={bid_id}","impid":"66skiddoo","w":640.0,"h":480.0,"attributes":[],"adm":null,"currency":null,"videoProtocol":null,"videoDuration":null,"videoLinearity":null,"videoMimeType":null,"vasturl":null,"price":4.0,"nativead":null},{"forwardurl":null,"imageurl":null,"impid":"iAmVideo","w":400.0,"h":200.0,"attributes":[],"adm":["http://localhost:8080/vast/onion270.xml"],"currency":null,"videoProtocol":2,"videoDuration":30,"videoLinearity":1,"videoMimeType":"application/x-shockwave-flash","vasturl":null,"price":3.0,"nativead":null}],"date":[20130205,20200101]},{"owner":"ben","adId":"ben:fyber","name":null,"adomain":"originator.com","template":{"default":"999","exchange":{"mopub":"<a href='mopub template here' </a>","mobclix":"<a href='mobclix template here' </a>","nexage":"<a href='{redirect_url}/{ad_id}/{pub}/{bid_id}?url={campaign_forward_url}'><img src='{pixel_url}/{pub}/{ad_id}/{bid_id}/${AUCTION_PRICE}/{creative_id}' height='1' width='1'></img><img src='{campaign_image_url}' height='{campaign_ad_height}' width='{campaign_ad_width}'></img></a>"}},"attributes":[{"name":null,"value":"EUR","shell":null,"op":"MEMBER","notPresentOk":true,"bidRequestValues":["cur"],"brvalue":null},{"name":null,"value":"seat1","shell":null,"op":"MEMBER","notPresentOk":true,"bidRequestValues":["wseat"],"brvalue":null}],"creatives":[{"forwardurl":null,"imageurl":null,"impid":"1","w":640.0,"h":480.0,"attributes":[],"adm":["http://localhost:8080/vast/onion270.xml"],"currency":null,"videoProtocol":3,"videoDuration":10,"videoLinearity":1,"videoMimeType":null,"vasturl":null,"price":6.91156,"nativead":null}],"date":[20130205,20200101]},{"owner":"ben","adId":"ben:payday","name":null,"adomain":"originator.com","template":{"default":"<a href='{redirect_url}/{ad_id}/{pub}/{bid_id}?url={campaign_forward_url}'><img src='{pixel_url}/{pub}/{ad_id}/{bid_id}/${AUCTION_PRICE}/{creative_id}' height='1' width='1'></img><img src='{campaign_image_url}' height='{campaign_ad_height}' width='{campaign_ad_width}'></img></a>","exchange":{"mopub":"<a href='mopub template here' </a>","mobclix":"<a href='mobclix template here' </a>","nexage":"<a href='{redirect_url}/{ad_id}/{pub}/{bid_id}?url={campaign_forward_url}'><img src='{pixel_url}/{pub}/{ad_id}/{bid_id}/${AUCTION_PRICE}/{creative_id}' height='1' width='1'></img><img src='{campaign_image_url}' height='{campaign_ad_height}' width='{campaign_ad_width}'></img></a>","privatex":"<a href='{redirect_urlL}/{ad_id}/{pub}/{bid_id}?url={campaign_forward_url}'><img src='{pixel_url}/{pub}/{ad_id}/{bid_id}/${AUCTION_PRICE}/{creative_id}' height='1' width='1'></img><img src='{campaign_image_url}' height='{campaign_ad_height}' width='{campaign_ad_width}'></img></a>"}},"attributes":[{"name":null,"value":["chive.com","junk.com"],"shell":null,"op":"NOT_MEMBER","notPresentOk":true,"bidRequestValues":["site","domain"],"brvalue":null},{"name":null,"value":["USA","MEX"],"shell":null,"op":"MEMBER","notPresentOk":true,"bidRequestValues":["user","geo","country"],"brvalue":null},{"name":null,"value":["CA","NY","MA"],"shell":null,"op":"MEMBER","notPresentOk":true,"bidRequestValues":["rtb4free","geocode","state"],"brvalue":null}],"creatives":[{"forwardurl":null,"imageurl":null,"impid":"iAmAnAppWall","w":0.0,"h":0.0,"attributes":[],"adm":null,"currency":null,"videoProtocol":null,"videoDuration":null,"videoLinearity":null,"videoMimeType":null,"vasturl":null,"price":10.0,"nativead":{"assets":[{"title":{"text":"Install BOA","value":null,"url":null,"fallback":null,"w":null,"h":null,"type":null,"duration":null,"linearity":null,"protocol":null,"clicktrackers":null,"callToAction":"http://i.am.a/URL"},"link":{"text":null,"value":null,"url":"http://i.am.a/URL","fallback":null,"w":null,"h":null,"type":null,"duration":null,"linearity":null,"protocol":null,"clicktrackers":null,"callToAction":null},"img":null,"data":null,"video":null},{"title":null,"link":null,"img":{"text":null,"value":null,"url":"http://cdn.mobad.com/ad.png","fallback":null,"w":64,"h":64,"type":null,"duration":null,"linearity":null,"protocol":null,"clicktrackers":null,"callToAction":null},"data":null,"video":null},{"title":null,"link":{"text":null,"value":null,"url":"http://i.am.a/URL","fallback":null,"w":null,"h":null,"type":null,"duration":null,"linearity":null,"protocol":null,"clicktrackers":null,"callToAction":null},"img":null,"data":{"text":null,"value":"Install","url":null,"fallback":null,"w":null,"h":null,"type":2,"duration":null,"linearity":null,"protocol":null,"clicktrackers":null,"callToAction":"http://i.am.a/URL"},"video":null},{"title":null,"link":null,"img":null,"data":{"text":null,"value":"5","url":null,"fallback":null,"w":null,"h":null,"type":3,"duration":null,"linearity":null,"protocol":null,"clicktrackers":null,"callToAction":null},"video":null}],"link":{"url":"deeplink://deeplink/url/into/app","fallback":"http: //i.am.a/URL","clicktrackers":["http: //a.com/a","http: //b.com/b"]},"imptrackers":["http: //a.com/a","http: //b.com/b"],"nativeAdType":2}},{"forwardurl":null,"imageurl":null,"impid":"iAmStreamingContentVideo","w":0.0,"h":0.0,"attributes":[],"adm":null,"currency":null,"videoProtocol":null,"videoDuration":null,"videoLinearity":null,"videoMimeType":null,"vasturl":null,"price":10.5,"nativead":{"assets":[{"title":{"text":"Install BOA","value":null,"url":null,"fallback":null,"w":null,"h":null,"type":null,"duration":null,"linearity":null,"protocol":null,"clicktrackers":null,"callToAction":null},"link":null,"img":null,"data":null,"video":null},{"title":null,"link":null,"img":{"text":null,"value":null,"url":"http://cdn.mobad.com/ad.png","fallback":null,"w":64,"h":64,"type":null,"duration":null,"linearity":null,"protocol":null,"clicktrackers":null,"callToAction":null},"data":null,"video":null},{"title":null,"link":null,"img":null,"data":null,"video":{"text":null,"value":"<VAST version='2.0'></VAST>","url":null,"fallback":null,"w":null,"h":null,"type":null,"duration":25,"linearity":1,"protocol":"VAST 2.0","clicktrackers":null,"callToAction":null}},{"title":null,"link":null,"img":null,"data":{"text":null,"value":"Click","url":null,"fallback":null,"w":null,"h":null,"type":2,"duration":null,"linearity":null,"protocol":null,"clicktrackers":null,"callToAction":null},"video":null}],"link":{"url":"deeplink://deeplink/url/into/app","fallback":"http: //i.am.a/URL","clicktrackers":["http: //a.com/a","http: //b.com/b"]},"imptrackers":["http: //a.com/a","http: //b.com/b"],"nativeAdType":6}},{"forwardurl":"http://localhost:8080/contact.html?{site_id}&adid={ad_id}&crid={creative_id}","imageurl":"http://localhost:8080/images/320x50.jpg?adid={ad_id}&bidid={bid_id}","impid":"23skiddoo","w":320.0,"h":50.0,"attributes":[],"adm":null,"currency":null,"videoProtocol":null,"videoDuration":null,"videoLinearity":null,"videoMimeType":null,"vasturl":null,"price":5.0,"nativead":null},{"forwardurl":"http://localhost:8080/contact.html?{site_id}&adid={ad_id}&crid={creative_id}","imageurl":"http://localhost:8080/images/320x50.gif?adid={ad_id}&bidid={bid_id}","impid":"66skiddoo","w":640.0,"h":480.0,"attributes":[],"adm":null,"currency":null,"videoProtocol":null,"videoDuration":null,"videoLinearity":null,"videoMimeType":null,"vasturl":null,"price":4.0,"nativead":null},{"forwardurl":null,"imageurl":null,"impid":"iAmVideo","w":400.0,"h":200.0,"attributes":[],"adm":["http://localhost:8080/vast/onion270.xml"],"currency":null,"videoProtocol":2,"videoDuration":30,"videoLinearity":1,"videoMimeType":"application/x-shockwave-flash","vasturl":null,"price":3.0,"nativead":null}],"date":[20130205,20200101]}],"percentage":100,"stopped":false,"bid":0,"nobid":0,"win":0,"error":0,"handled":0,"unknown":0,"loglevel":-3,"clicks":0,"pixel":0,"adspend":0.0}
[2015-12-07 13:02:32.693] - 1 - ben-OptiPlex-780:8080 - deleteCampaign - Campaifn deleted by command from null
<<<<<<<<<<<<<<<<<{"name":null,"cmd":-1,"from":"ben-OptiPlex-780:8080","to":"*","id":"DELETECAMP-ID","msg":"error, no such campaign null/id123","status":"error","type":"status","target":"na"}
[2015-12-07 13:02:32.704] - 1 - ben-OptiPlex-780:8080 - stopBidder - Bidder stopped by command from null
<<<<<<<<<<<<<<<<<{"name":null,"cmd":-1,"from":"ben-OptiPlex-780:8080","to":"*","id":"STOPBIDDER-ID","msg":"stopped","status":"ok","type":"status","target":"na"}
------------>{"name":null,"cmd":-1,"from":"ben-OptiPlex-780:8080","to":"*","id":"STOPBIDDER-ID","msg":"stopped","status":"ok","type":"status","target":"na"}
[2015-12-07 13:02:32.817] - 1 - ben-OptiPlex-780:8080 - startBidder - Bidder started by command from null
<<<<<<<<<<<<<<<<<{"name":null,"cmd":-1,"from":"ben-OptiPlex-780:8080","to":"*","id":"STARTBIDDER-ID","msg":"running","status":"ok","type":"status","target":"na"}
[2015-12-07 13:02:32.823] - 1 - ben-OptiPlex-780:8080 - initialization - HALT: : java.lang.InterruptedException
[2015-12-07 13:02:32.823] - 3 - ben-OptiPlex-780:8080 - NameNode - INTERRUPT: ben-OptiPlex-780:8080
[2015-12-07 13:02:32.834] - 0 - ben-OptiPlex-780:8080 - initalization - System shutdown
]]></system-out>
  <system-err><![CDATA[[Thread-9] INFO org.eclipse.jetty.util.log - Logging initialized @4900ms
[Thread-9] INFO org.eclipse.jetty.server.Server - jetty-9.3.1.v20150714
[Thread-9] INFO org.eclipse.jetty.server.ServerConnector - Started ServerConnector@6c4b72d2{HTTP/1.1,[http/1.1]}{0.0.0.0:8080}
[Thread-9] INFO org.eclipse.jetty.server.Server - Started @5000ms
java.lang.InterruptedException
	at java.util.concurrent.locks.AbstractQueuedSynchronizer.doAcquireSharedInterruptibly(AbstractQueuedSynchronizer.java:998)
	at java.util.concurrent.locks.AbstractQueuedSynchronizer.acquireSharedInterruptibly(AbstractQueuedSynchronizer.java:1304)
	at java.util.concurrent.CountDownLatch.await(CountDownLatch.java:231)
	at com.xrtb.db.DataBaseObject.run(DataBaseObject.java:116)
	at java.lang.Thread.run(Thread.java:745)
[main] INFO org.eclipse.jetty.server.ServerConnector - Stopped ServerConnector@6c4b72d2{HTTP/1.1,[http/1.1]}{0.0.0.0:8080}
]]></system-err>
</testsuite>
