<?xml version="1.0" encoding="UTF-8" ?>
<testsuite errors="0" failures="0" hostname="ben-OptiPlex-780" name="com.xrtb.tests.TestGeoTag" skipped="0" tests="1" time="0.83" timestamp="2015-05-05T23:49:32">
  <properties>
    <property name="java.vendor" value="Oracle Corporation" />
    <property name="lib.dir" value="libs" />
    <property name="sun.java.launcher" value="SUN_STANDARD" />
    <property name="sun.management.compiler" value="HotSpot 64-Bit Tiered Compilers" />
    <property name="os.name" value="Linux" />
    <property name="sun.boot.class.path" value="/usr/lib/jvm/java-8-oracle/jre/lib/resources.jar:/usr/lib/jvm/java-8-oracle/jre/lib/rt.jar:/usr/lib/jvm/java-8-oracle/jre/lib/sunrsasign.jar:/usr/lib/jvm/java-8-oracle/jre/lib/jsse.jar:/usr/lib/jvm/java-8-oracle/jre/lib/jce.jar:/usr/lib/jvm/java-8-oracle/jre/lib/charsets.jar:/usr/lib/jvm/java-8-oracle/jre/lib/jfr.jar:/usr/lib/jvm/java-8-oracle/jre/classes" />
    <property name="sun.desktop" value="gnome" />
    <property name="java.vm.specification.vendor" value="Oracle Corporation" />
    <property name="ant.home" value="/usr/share/ant" />
    <property name="jar.dir" value="libs" />
    <property name="java.runtime.version" value="1.8.0_45-b14" />
    <property name="user.name" value="ben" />
    <property name="build.dir" value="build" />
    <property name="user.language" value="en" />
    <property name="sun.boot.library.path" value="/usr/lib/jvm/java-8-oracle/jre/lib/amd64" />
    <property name="ant.project.default-target" value="jar" />
    <property name="ant.project.name" value="xrtb" />
    <property name="java.version" value="1.8.0_45" />
    <property name="user.timezone" value="America/Los_Angeles" />
    <property name="sun.arch.data.model" value="64" />
    <property name="java.endorsed.dirs" value="/usr/lib/jvm/java-8-oracle/jre/lib/endorsed" />
    <property name="sun.cpu.isalist" value="" />
    <property name="sun.jnu.encoding" value="UTF-8" />
    <property name="file.encoding.pkg" value="sun.io" />
    <property name="file.separator" value="/" />
    <property name="java.specification.name" value="Java Platform API Specification" />
    <property name="classes.dir" value="build/classes" />
    <property name="java.class.version" value="52.0" />
    <property name="user.country" value="US" />
    <property name="java.home" value="/usr/lib/jvm/java-8-oracle/jre" />
    <property name="java.vm.info" value="mixed mode" />
    <property name="ant.file.xrtb" value="/home/ben/workspace/XRTB/build.xml" />
    <property name="main-class" value="com.xrtb.bidder.RTBServer" />
    <property name="ant.file" value="/home/ben/workspace/XRTB/build.xml" />
    <property name="os.version" value="3.16.0-34-generic" />
    <property name="ant.file.type.xrtb" value="file" />
    <property name="path.separator" value=":" />
    <property name="java.vm.version" value="25.45-b02" />
    <property name="report.dir" value="/home/ben/workspace/XRTB/reports" />
    <property name="ant.library.dir" value="/usr/share/ant/lib" />
    <property name="java.awt.printerjob" value="sun.print.PSPrinterJob" />
    <property name="sun.io.unicode.encoding" value="UnicodeLittle" />
    <property name="awt.toolkit" value="sun.awt.X11.XToolkit" />
    <property name="user.home" value="/home/ben" />
    <property name="java.specification.vendor" value="Oracle Corporation" />
    <property name="java.library.path" value="/usr/java/packages/lib/amd64:/usr/lib64:/lib64:/lib:/usr/lib" />
    <property name="java.vendor.url" value="http://java.oracle.com/" />
    <property name="java.vm.vendor" value="Oracle Corporation" />
    <property name="java.runtime.name" value="Java(TM) SE Runtime Environment" />
    <property name="sun.java.command" value="org.apache.tools.ant.taskdefs.optional.junit.JUnitTestRunner com.xrtb.tests.TestGeoTag skipNonTests=false filtertrace=true haltOnError=false haltOnFailure=false formatter=org.apache.tools.ant.taskdefs.optional.junit.SummaryJUnitResultFormatter showoutput=true outputtoformatters=true logfailedtests=true threadid=0 logtestlistenerevents=false formatter=org.apache.tools.ant.taskdefs.optional.junit.XMLJUnitResultFormatter,/home/ben/workspace/XRTB/reports/TEST-com.xrtb.tests.TestGeoTag.xml crashfile=/home/ben/workspace/XRTB/junitvmwatcher6266221803911164548.properties propsfile=/home/ben/workspace/XRTB/junit3598716299019655552.properties" />
    <property name="java.class.path" value="/home/ben/workspace/XRTB/libs/devicemap-client-java-1.1.0.jar:/home/ben/workspace/XRTB/libs/devicemap-data-1.0.2.jar:/home/ben/workspace/XRTB/libs/gson-2.2.4.jar:/home/ben/workspace/XRTB/libs/hamcrest-all-1.3.jar:/home/ben/workspace/XRTB/libs/jackson-all-1.8.10.jar:/home/ben/workspace/XRTB/libs/jedis-2.1.0.jar:/home/ben/workspace/XRTB/libs/jetty-ajp-8.1.13.v20130916.jar:/home/ben/workspace/XRTB/libs/jetty-annotations-8.1.13.v20130916.jar:/home/ben/workspace/XRTB/libs/jetty-client-8.1.13.v20130916.jar:/home/ben/workspace/XRTB/libs/jetty-continuation-8.1.13.v20130916.jar:/home/ben/workspace/XRTB/libs/jetty-deploy-8.1.13.v20130916.jar:/home/ben/workspace/XRTB/libs/jetty-http-8.1.13.v20130916.jar:/home/ben/workspace/XRTB/libs/jetty-io-8.1.13.v20130916.jar:/home/ben/workspace/XRTB/libs/jetty-jmx-8.1.13.v20130916.jar:/home/ben/workspace/XRTB/libs/jetty-jndi-8.1.13.v20130916.jar:/home/ben/workspace/XRTB/libs/jetty-overlay-deployer-8.1.13.v20130916.jar:/home/ben/workspace/XRTB/libs/jetty-plus-8.1.13.v20130916.jar:/home/ben/workspace/XRTB/libs/jetty-policy-8.1.13.v20130916.jar:/home/ben/workspace/XRTB/libs/jetty-rewrite-8.1.13.v20130916.jar:/home/ben/workspace/XRTB/libs/jetty-security-8.1.13.v20130916.jar:/home/ben/workspace/XRTB/libs/jetty-server-8.1.13.v20130916.jar:/home/ben/workspace/XRTB/libs/jetty-servlet-8.1.13.v20130916.jar:/home/ben/workspace/XRTB/libs/jetty-servlets-8.1.13.v20130916.jar:/home/ben/workspace/XRTB/libs/jetty-util-8.1.13.v20130916.jar:/home/ben/workspace/XRTB/libs/jetty-webapp-8.1.13.v20130916.jar:/home/ben/workspace/XRTB/libs/jetty-websocket-8.1.13.v20130916.jar:/home/ben/workspace/XRTB/libs/jetty-xml-8.1.13.v20130916.jar:/home/ben/workspace/XRTB/libs/junit-4.11.jar:/home/ben/workspace/XRTB/libs/servlet-api-3.0.jar:/home/ben/workspace/XRTB/libs/xrtb.jar:/home/ben/workspace/XRTB/build/classes:/usr/share/java/ant-launcher-1.9.4.jar:/usr/share/ant/lib/ant.jar:/usr/share/ant/lib/ant-junit.jar:/usr/share/ant/lib/ant-junit4.jar" />
    <property name="ant.version" value="Apache Ant(TM) version 1.9.4 compiled on May 9 2014" />
    <property name="java.vm.specification.name" value="Java Virtual Machine Specification" />
    <property name="ant.file.type" value="file" />
    <property name="java.vm.specification.version" value="1.8" />
    <property name="sun.cpu.endian" value="little" />
    <property name="sun.os.patch.level" value="unknown" />
    <property name="java.io.tmpdir" value="/tmp" />
    <property name="java.vendor.url.bug" value="http://bugreport.sun.com/bugreport/" />
    <property name="os.arch" value="amd64" />
    <property name="java.awt.graphicsenv" value="sun.awt.X11GraphicsEnvironment" />
    <property name="java.ext.dirs" value="/usr/lib/jvm/java-8-oracle/jre/lib/ext:/usr/java/packages/lib/ext" />
    <property name="user.dir" value="/home/ben/workspace/XRTB" />
    <property name="line.separator" value="&#xa;" />
    <property name="java.vm.name" value="Java HotSpot(TM) 64-Bit Server VM" />
    <property name="basedir" value="/home/ben/workspace/XRTB" />
    <property name="ant.java.version" value="1.8" />
    <property name="ant.core.lib" value="/usr/share/ant/lib/ant.jar" />
    <property name="file.encoding" value="UTF-8" />
    <property name="java.specification.version" value="1.8" />
    <property name="src.dir" value="src" />
    <property name="ant.project.invoked-targets" value="junitreport" />
  </properties>
  <testcase classname="com.xrtb.tests.TestGeoTag" name="testHaversignCalc" time="0.796" />
  <system-out><![CDATA[]]></system-out>
  <system-err><![CDATA[]]></system-err>
</testsuite>
