<?xml version="1.0" encoding="UTF-8" ?>
<testsuite errors="0" failures="0" hostname="ben-K53E" name="com.xrtb.tests.TestValidBids" skipped="0" tests="4" time="3.86" timestamp="2015-01-31T21:09:11">
  <properties>
    <property name="ant.project.invoked-targets" value="junitreport" />
    <property name="java.runtime.name" value="Java(TM) SE Runtime Environment" />
    <property name="sun.boot.library.path" value="/usr/lib/jvm/java-8-oracle/jre/lib/amd64" />
    <property name="java.vm.version" value="25.31-b07" />
    <property name="ant.library.dir" value="/usr/share/ant/lib" />
    <property name="ant.version" value="Apache Ant(TM) version 1.9.3 compiled on April 8 2014" />
    <property name="ant.file.xrtb" value="/home/ben/workspace/XRTB/build.xml" />
    <property name="ant.java.version" value="1.8" />
    <property name="java.vm.vendor" value="Oracle Corporation" />
    <property name="java.vendor.url" value="http://java.oracle.com/" />
    <property name="path.separator" value=":" />
    <property name="java.vm.name" value="Java HotSpot(TM) 64-Bit Server VM" />
    <property name="file.encoding.pkg" value="sun.io" />
    <property name="user.country" value="US" />
    <property name="sun.java.launcher" value="SUN_STANDARD" />
    <property name="sun.os.patch.level" value="unknown" />
    <property name="java.vm.specification.name" value="Java Virtual Machine Specification" />
    <property name="user.dir" value="/home/ben/workspace/XRTB" />
    <property name="java.runtime.version" value="1.8.0_31-b13" />
    <property name="java.awt.graphicsenv" value="sun.awt.X11GraphicsEnvironment" />
    <property name="basedir" value="/home/ben/workspace/XRTB" />
    <property name="java.endorsed.dirs" value="/usr/lib/jvm/java-8-oracle/jre/lib/endorsed" />
    <property name="os.arch" value="amd64" />
    <property name="ant.project.default-target" value="jar" />
    <property name="java.io.tmpdir" value="/tmp" />
    <property name="ant.core.lib" value="/usr/share/ant/lib/ant.jar" />
    <property name="line.separator" value="&#xa;" />
    <property name="java.vm.specification.vendor" value="Oracle Corporation" />
    <property name="os.name" value="Linux" />
    <property name="ant.home" value="/usr/share/ant" />
    <property name="ant.project.name" value="xrtb" />
    <property name="sun.jnu.encoding" value="UTF-8" />
    <property name="java.library.path" value="/usr/java/packages/lib/amd64:/usr/lib64:/lib64:/lib:/usr/lib" />
    <property name="java.specification.name" value="Java Platform API Specification" />
    <property name="java.class.version" value="52.0" />
    <property name="lib.dir" value="libs" />
    <property name="sun.management.compiler" value="HotSpot 64-Bit Tiered Compilers" />
    <property name="ant.file.type.xrtb" value="file" />
    <property name="os.version" value="3.13.0-32-generic" />
    <property name="ant.file" value="/home/ben/workspace/XRTB/build.xml" />
    <property name="user.home" value="/home/ben" />
    <property name="user.timezone" value="America/Los_Angeles" />
    <property name="java.awt.printerjob" value="sun.print.PSPrinterJob" />
    <property name="java.specification.version" value="1.8" />
    <property name="file.encoding" value="UTF-8" />
    <property name="java.class.path" value="/home/ben/workspace/XRTB/libs/gson-2.2.4.jar:/home/ben/workspace/XRTB/libs/hamcrest-all-1.3.jar:/home/ben/workspace/XRTB/libs/jackson-all-1.8.10.jar:/home/ben/workspace/XRTB/libs/jedis-2.1.0.jar:/home/ben/workspace/XRTB/libs/jetty-ajp-8.1.13.v20130916.jar:/home/ben/workspace/XRTB/libs/jetty-annotations-8.1.13.v20130916.jar:/home/ben/workspace/XRTB/libs/jetty-client-8.1.13.v20130916.jar:/home/ben/workspace/XRTB/libs/jetty-continuation-8.1.13.v20130916.jar:/home/ben/workspace/XRTB/libs/jetty-deploy-8.1.13.v20130916.jar:/home/ben/workspace/XRTB/libs/jetty-http-8.1.13.v20130916.jar:/home/ben/workspace/XRTB/libs/jetty-io-8.1.13.v20130916.jar:/home/ben/workspace/XRTB/libs/jetty-jmx-8.1.13.v20130916.jar:/home/ben/workspace/XRTB/libs/jetty-jndi-8.1.13.v20130916.jar:/home/ben/workspace/XRTB/libs/jetty-overlay-deployer-8.1.13.v20130916.jar:/home/ben/workspace/XRTB/libs/jetty-plus-8.1.13.v20130916.jar:/home/ben/workspace/XRTB/libs/jetty-policy-8.1.13.v20130916.jar:/home/ben/workspace/XRTB/libs/jetty-rewrite-8.1.13.v20130916.jar:/home/ben/workspace/XRTB/libs/jetty-security-8.1.13.v20130916.jar:/home/ben/workspace/XRTB/libs/jetty-server-8.1.13.v20130916.jar:/home/ben/workspace/XRTB/libs/jetty-servlet-8.1.13.v20130916.jar:/home/ben/workspace/XRTB/libs/jetty-servlets-8.1.13.v20130916.jar:/home/ben/workspace/XRTB/libs/jetty-util-8.1.13.v20130916.jar:/home/ben/workspace/XRTB/libs/jetty-webapp-8.1.13.v20130916.jar:/home/ben/workspace/XRTB/libs/jetty-websocket-8.1.13.v20130916.jar:/home/ben/workspace/XRTB/libs/jetty-xml-8.1.13.v20130916.jar:/home/ben/workspace/XRTB/libs/junit-4.11.jar:/home/ben/workspace/XRTB/libs/servlet-api-3.0.jar:/home/ben/workspace/XRTB/libs/xrtb.jar:/home/ben/workspace/XRTB/${build.dir}/classes:/usr/share/java/ant-launcher-1.9.3.jar:/usr/share/ant/lib/ant.jar:/usr/share/ant/lib/ant-junit.jar:/usr/share/ant/lib/ant-junit4.jar" />
    <property name="user.name" value="ben" />
    <property name="report.dir" value="/home/ben/workspace/XRTB/reports" />
    <property name="java.vm.specification.version" value="1.8" />
    <property name="sun.java.command" value="org.apache.tools.ant.taskdefs.optional.junit.JUnitTestRunner com.xrtb.tests.TestValidBids skipNonTests=false filtertrace=true haltOnError=false haltOnFailure=false formatter=org.apache.tools.ant.taskdefs.optional.junit.SummaryJUnitResultFormatter showoutput=true outputtoformatters=true logfailedtests=true logtestlistenerevents=false formatter=org.apache.tools.ant.taskdefs.optional.junit.XMLJUnitResultFormatter,/home/ben/workspace/XRTB/reports/TEST-com.xrtb.tests.TestValidBids.xml crashfile=/home/ben/workspace/XRTB/junitvmwatcher2178031251651826690.properties propsfile=/home/ben/workspace/XRTB/junit8092278609583308242.properties" />
    <property name="sun.arch.data.model" value="64" />
    <property name="java.home" value="/usr/lib/jvm/java-8-oracle/jre" />
    <property name="java.specification.vendor" value="Oracle Corporation" />
    <property name="user.language" value="en" />
    <property name="classes.dir" value="${build.dir}/classes" />
    <property name="awt.toolkit" value="sun.awt.X11.XToolkit" />
    <property name="java.vm.info" value="mixed mode" />
    <property name="java.version" value="1.8.0_31" />
    <property name="java.ext.dirs" value="/usr/lib/jvm/java-8-oracle/jre/lib/ext:/usr/java/packages/lib/ext" />
    <property name="sun.boot.class.path" value="/usr/lib/jvm/java-8-oracle/jre/lib/resources.jar:/usr/lib/jvm/java-8-oracle/jre/lib/rt.jar:/usr/lib/jvm/java-8-oracle/jre/lib/sunrsasign.jar:/usr/lib/jvm/java-8-oracle/jre/lib/jsse.jar:/usr/lib/jvm/java-8-oracle/jre/lib/jce.jar:/usr/lib/jvm/java-8-oracle/jre/lib/charsets.jar:/usr/lib/jvm/java-8-oracle/jre/lib/jfr.jar:/usr/lib/jvm/java-8-oracle/jre/classes" />
    <property name="java.vendor" value="Oracle Corporation" />
    <property name="file.separator" value="/" />
    <property name="src.dir" value="src" />
    <property name="java.vendor.url.bug" value="http://bugreport.sun.com/bugreport/" />
    <property name="sun.cpu.endian" value="little" />
    <property name="sun.io.unicode.encoding" value="UnicodeLittle" />
    <property name="main-class" value="com.xrtb.bidder.RTBServer" />
    <property name="ant.file.type" value="file" />
    <property name="sun.desktop" value="gnome" />
    <property name="jar.dir" value="${build.dir}/libs" />
    <property name="sun.cpu.isalist" value="" />
  </properties>
  <testcase classname="com.xrtb.tests.TestValidBids" name="testSetup" time="3.501" />
  <testcase classname="com.xrtb.tests.TestValidBids" name="testRespondWithNoBid" time="0.173" />
  <testcase classname="com.xrtb.tests.TestValidBids" name="testRespondWithBid" time="0.061" />
  <testcase classname="com.xrtb.tests.TestValidBids" name="testCleanup" time="0.069" />
  <system-out><![CDATA[No bid: No matching campaign
===============>99999999
XTIME: 12
RTTIME: 14
{"seatbid":[{"seat":"99999999","bid":[{"impid":"23skiddoo","id":"35c22289-06e2-48e9-a0cd-94aeb79fab43","price":5.0,"adid":"id123","nurl":"http://localhost:8080/rtb/win/nexage/5.0/42.378/-71.227/id123/35c22289-06e2-48e9-a0cd-94aeb79fab43/http%3A%2F%2Flocalhost%3A8080%2Fforward%3F99201/http%3A%2F%2Flocalhost%3A8080%2Fimages%2F320x50.jpg%3Fadid%3Did123%26%2338%3Bbidid%3D35c22289-06e2-48e9-a0cd-94aeb79fab43","cid":"id123","crid":"23skiddoo","iurl":"http://localhost:8080/images/320x50.jpg?adid=id123&#38;bidid=35c22289-06e2-48e9-a0cd-94aeb79fab43","adomain":"originator.com","adm":"<a href='http://localhost:8080/redirect/???/nexage/35c22289-06e2-48e9-a0cd-94aeb79fab43?url=http://localhost:8080/forward?99201'><img src='http://localhost:8080/pixel/nexage/id123/35c22289-06e2-48e9-a0cd-94aeb79fab43/${AUCTION_PRICE}/23skiddoo' height='1' width='1'></img><img src='http://localhost:8080/images/320x50.jpg?adid=id123&#38;bidid=35c22289-06e2-48e9-a0cd-94aeb79fab43' height='50.0' width='320.0'></img></a>"}]}],"id":"35c22289-06e2-48e9-a0cd-94aeb79fab43","bidid":"35c22289-06e2-48e9-a0cd-94aeb79fab43"}

]]></system-out>
  <system-err><![CDATA[2015-01-31 13:09:13.455:INFO:oejs.Server:jetty-8.1.13.v20130916
2015-01-31 13:09:13.506:INFO:oejs.AbstractConnector:Started SelectChannelConnector@0.0.0.0:8080
]]></system-err>
</testsuite>
