<?xml version="1.0" encoding="UTF-8" ?>
<testsuite errors="0" failures="0" hostname="ben-OptiPlex-755" name="com.xrtb.tests.TestDatabase" skipped="0" tests="2" time="4.958" timestamp="2015-05-16T17:53:23">
  <properties>
    <property name="java.vendor" value="Oracle Corporation" />
    <property name="lib.dir" value="libs" />
    <property name="sun.java.launcher" value="SUN_STANDARD" />
    <property name="sun.management.compiler" value="HotSpot 64-Bit Tiered Compilers" />
    <property name="os.name" value="Linux" />
    <property name="sun.boot.class.path" value="/usr/lib/jvm/java-8-oracle/jre/lib/resources.jar:/usr/lib/jvm/java-8-oracle/jre/lib/rt.jar:/usr/lib/jvm/java-8-oracle/jre/lib/sunrsasign.jar:/usr/lib/jvm/java-8-oracle/jre/lib/jsse.jar:/usr/lib/jvm/java-8-oracle/jre/lib/jce.jar:/usr/lib/jvm/java-8-oracle/jre/lib/charsets.jar:/usr/lib/jvm/java-8-oracle/jre/lib/jfr.jar:/usr/lib/jvm/java-8-oracle/jre/classes" />
    <property name="sun.desktop" value="gnome" />
    <property name="java.vm.specification.vendor" value="Oracle Corporation" />
    <property name="ant.home" value="/usr/share/ant" />
    <property name="jar.dir" value="libs" />
    <property name="java.runtime.version" value="1.8.0_45-b14" />
    <property name="user.name" value="ben" />
    <property name="build.dir" value="build" />
    <property name="user.language" value="en" />
    <property name="sun.boot.library.path" value="/usr/lib/jvm/java-8-oracle/jre/lib/amd64" />
    <property name="ant.project.default-target" value="jar" />
    <property name="ant.project.name" value="xrtb" />
    <property name="java.version" value="1.8.0_45" />
    <property name="user.timezone" value="America/Los_Angeles" />
    <property name="sun.arch.data.model" value="64" />
    <property name="java.endorsed.dirs" value="/usr/lib/jvm/java-8-oracle/jre/lib/endorsed" />
    <property name="sun.cpu.isalist" value="" />
    <property name="sun.jnu.encoding" value="UTF-8" />
    <property name="file.encoding.pkg" value="sun.io" />
    <property name="file.separator" value="/" />
    <property name="java.specification.name" value="Java Platform API Specification" />
    <property name="classes.dir" value="build/classes" />
    <property name="java.class.version" value="52.0" />
    <property name="user.country" value="US" />
    <property name="java.home" value="/usr/lib/jvm/java-8-oracle/jre" />
    <property name="java.vm.info" value="mixed mode" />
    <property name="ant.file.xrtb" value="/home/ben/workspace/XRTB/build.xml" />
    <property name="main-class" value="com.xrtb.bidder.RTBServer" />
    <property name="ant.file" value="/home/ben/workspace/XRTB/build.xml" />
    <property name="os.version" value="3.13.0-52-generic" />
    <property name="ant.file.type.xrtb" value="file" />
    <property name="path.separator" value=":" />
    <property name="java.vm.version" value="25.45-b02" />
    <property name="report.dir" value="/home/ben/workspace/XRTB/reports" />
    <property name="ant.library.dir" value="/usr/share/ant/lib" />
    <property name="java.awt.printerjob" value="sun.print.PSPrinterJob" />
    <property name="sun.io.unicode.encoding" value="UnicodeLittle" />
    <property name="awt.toolkit" value="sun.awt.X11.XToolkit" />
    <property name="user.home" value="/home/ben" />
    <property name="java.specification.vendor" value="Oracle Corporation" />
    <property name="java.library.path" value=":/usr/local/lib:/usr/java/packages/lib/amd64:/usr/lib64:/lib64:/lib:/usr/lib" />
    <property name="java.vendor.url" value="http://java.oracle.com/" />
    <property name="java.vm.vendor" value="Oracle Corporation" />
    <property name="java.runtime.name" value="Java(TM) SE Runtime Environment" />
    <property name="sun.java.command" value="org.apache.tools.ant.taskdefs.optional.junit.JUnitTestRunner com.xrtb.tests.TestDatabase skipNonTests=false filtertrace=true haltOnError=false haltOnFailure=false formatter=org.apache.tools.ant.taskdefs.optional.junit.SummaryJUnitResultFormatter showoutput=true outputtoformatters=true logfailedtests=true logtestlistenerevents=false formatter=org.apache.tools.ant.taskdefs.optional.junit.XMLJUnitResultFormatter,/home/ben/workspace/XRTB/reports/TEST-com.xrtb.tests.TestDatabase.xml crashfile=/home/ben/workspace/XRTB/junitvmwatcher7143614811160409960.properties propsfile=/home/ben/workspace/XRTB/junit2126140502848579065.properties" />
    <property name="java.class.path" value="/home/ben/workspace/XRTB/libs/asm-4.2.jar:/home/ben/workspace/XRTB/libs/devicemap-client-java-1.1.0.jar:/home/ben/workspace/XRTB/libs/devicemap-data-1.0.2.jar:/home/ben/workspace/XRTB/libs/gson-2.2.4.jar:/home/ben/workspace/XRTB/libs/hamcrest-all-1.3.jar:/home/ben/workspace/XRTB/libs/hamcrest-core-1.3.jar:/home/ben/workspace/XRTB/libs/hamcrest-library-1.3.jar:/home/ben/workspace/XRTB/libs/jackson-all-1.8.10.jar:/home/ben/workspace/XRTB/libs/jackson-annotations-2.4.0.jar:/home/ben/workspace/XRTB/libs/jackson-core-2.4.4.jar:/home/ben/workspace/XRTB/libs/jackson-databind-2.4.4.jar:/home/ben/workspace/XRTB/libs/jedis-2.1.0.jar:/home/ben/workspace/XRTB/libs/jetty-ajp-8.1.13.v20130916.jar:/home/ben/workspace/XRTB/libs/jetty-annotations-8.1.13.v20130916.jar:/home/ben/workspace/XRTB/libs/jetty-client-8.1.13.v20130916.jar:/home/ben/workspace/XRTB/libs/jetty-continuation-8.1.13.v20130916.jar:/home/ben/workspace/XRTB/libs/jetty-deploy-8.1.13.v20130916.jar:/home/ben/workspace/XRTB/libs/jetty-http-8.1.13.v20130916.jar:/home/ben/workspace/XRTB/libs/jetty-io-8.1.13.v20130916.jar:/home/ben/workspace/XRTB/libs/jetty-jmx-8.1.13.v20130916.jar:/home/ben/workspace/XRTB/libs/jetty-jndi-8.1.13.v20130916.jar:/home/ben/workspace/XRTB/libs/jetty-overlay-deployer-8.1.13.v20130916.jar:/home/ben/workspace/XRTB/libs/jetty-plus-8.1.13.v20130916.jar:/home/ben/workspace/XRTB/libs/jetty-policy-8.1.13.v20130916.jar:/home/ben/workspace/XRTB/libs/jetty-rewrite-8.1.13.v20130916.jar:/home/ben/workspace/XRTB/libs/jetty-security-8.1.13.v20130916.jar:/home/ben/workspace/XRTB/libs/jetty-server-8.1.13.v20130916.jar:/home/ben/workspace/XRTB/libs/jetty-servlet-8.1.13.v20130916.jar:/home/ben/workspace/XRTB/libs/jetty-servlets-8.1.13.v20130916.jar:/home/ben/workspace/XRTB/libs/jetty-util-8.1.13.v20130916.jar:/home/ben/workspace/XRTB/libs/jetty-webapp-8.1.13.v20130916.jar:/home/ben/workspace/XRTB/libs/jetty-websocket-8.1.13.v20130916.jar:/home/ben/workspace/XRTB/libs/jetty-xml-8.1.13.v20130916.jar:/home/ben/workspace/XRTB/libs/jmockit-1.12.jar:/home/ben/workspace/XRTB/libs/junit-4.11.jar:/home/ben/workspace/XRTB/libs/kryo-3.0.0.jar:/home/ben/workspace/XRTB/libs/minlog-1.3.0.jar:/home/ben/workspace/XRTB/libs/netty-buffer-4.0.27.Final.jar:/home/ben/workspace/XRTB/libs/netty-codec-4.0.27.Final.jar:/home/ben/workspace/XRTB/libs/netty-codec-http-4.0.27.Final.jar:/home/ben/workspace/XRTB/libs/netty-common-4.0.27.Final.jar:/home/ben/workspace/XRTB/libs/netty-handler-4.0.27.Final.jar:/home/ben/workspace/XRTB/libs/netty-transport-4.0.27.Final.jar:/home/ben/workspace/XRTB/libs/objenesis-2.1.jar:/home/ben/workspace/XRTB/libs/redisson-1.2.2-SNAPSHOT.jar:/home/ben/workspace/XRTB/libs/reflectasm-1.10.0.jar:/home/ben/workspace/XRTB/libs/servlet-api-3.0.jar:/home/ben/workspace/XRTB/libs/slf4j-api-1.7.10.jar:/home/ben/workspace/XRTB/libs/slf4j-simple-1.7.10.jar:/home/ben/workspace/XRTB/libs/xrtb.jar:/home/ben/workspace/XRTB/build/classes:/usr/share/ant/lib/junit.jar:/usr/share/java/ant-launcher-1.9.3.jar:/usr/share/ant/lib/ant.jar:/usr/share/ant/lib/ant-junit.jar:/usr/share/ant/lib/ant-junit4.jar" />
    <property name="ant.version" value="Apache Ant(TM) version 1.9.3 compiled on April 8 2014" />
    <property name="java.vm.specification.name" value="Java Virtual Machine Specification" />
    <property name="ant.file.type" value="file" />
    <property name="java.vm.specification.version" value="1.8" />
    <property name="sun.cpu.endian" value="little" />
    <property name="sun.os.patch.level" value="unknown" />
    <property name="java.io.tmpdir" value="/tmp" />
    <property name="java.vendor.url.bug" value="http://bugreport.sun.com/bugreport/" />
    <property name="os.arch" value="amd64" />
    <property name="java.awt.graphicsenv" value="sun.awt.X11GraphicsEnvironment" />
    <property name="java.ext.dirs" value="/usr/lib/jvm/java-8-oracle/jre/lib/ext:/usr/java/packages/lib/ext" />
    <property name="user.dir" value="/home/ben/workspace/XRTB" />
    <property name="line.separator" value="&#xa;" />
    <property name="java.vm.name" value="Java HotSpot(TM) 64-Bit Server VM" />
    <property name="basedir" value="/home/ben/workspace/XRTB" />
    <property name="ant.java.version" value="1.8" />
    <property name="ant.core.lib" value="/usr/share/ant/lib/ant.jar" />
    <property name="file.encoding" value="UTF-8" />
    <property name="java.specification.version" value="1.8" />
    <property name="src.dir" value="src" />
    <property name="ant.project.invoked-targets" value="junitreport" />
  </properties>
  <testcase classname="com.xrtb.tests.TestDatabase" name="rawCampaign" time="0.008" />
  <testcase classname="com.xrtb.tests.TestDatabase" name="makeFile" time="0.014" />
  <system-out><![CDATA[[
  {
    "name": "ben",
    "origin": 1431798808851,
    "lastAccess": 1431798808851,
    "campaigns": [
      {
        "adId": "ben:new-campaign",
        "price": 5.0,
        "adomain": "originator.com",
        "template": {
          "default": "999",
          "exchange": {
            "mopub": "\u003ca href\u003d\u0027mopub template here\u0027 \u003c/a\u003e",
            "mobclix": "\u003ca href\u003d\u0027mobclix template here\u0027 \u003c/a\u003e",
            "nexage": "\u003ca href\u003d\u0027{RTB_REDIRECT_URL}/{RTB_CAMPAIGN_ADID}/{pub}/{bid_id}?url\u003d{campaign_forward_url}\u0027\u003e\u003cimg src\u003d\u0027{RTB_PIXEL_URL}/{pub}/{ad_id}/{bid_id}/${AUCTION_PRICE}/{creative_id}\u0027 height\u003d\u00271\u0027 width\u003d\u00271\u0027\u003e\u003c/img\u003e\u003cimg src\u003d\u0027{campaign_image_url}\u0027 height\u003d\u0027{campaign_ad_height}\u0027 width\u003d\u0027{campaign_ad_width}\u0027\u003e\u003c/img\u003e\u003c/a\u003e"
          }
        },
        "attributes": [
          {
            "operator": 4,
            "value": [
              "chive.com",
              "junk.com"
            ],
            "lval": [
              "chive.com",
              "junk.com"
            ],
            "op": "NOT_MEMBER",
            "notPresentOk": true,
            "bidRequestValues": [
              "site",
              "domain"
            ]
          },
          {
            "operator": 3,
            "value": [
              "USA",
              "MEX"
            ],
            "lval": [
              "USA",
              "MEX"
            ],
            "op": "MEMBER",
            "notPresentOk": true,
            "bidRequestValues": [
              "user",
              "geo",
              "country"
            ]
          },
          {
            "operator": 3,
            "value": [
              "CA",
              "NY",
              "MA"
            ],
            "lval": [
              "CA",
              "NY",
              "MA"
            ],
            "op": "MEMBER",
            "notPresentOk": true,
            "bidRequestValues": [
              "rtb4free",
              "geocode",
              "state"
            ]
          }
        ],
        "creatives": [
          {
            "forwardurl": "http://localhost:8080/forward?{site_id}",
            "encodedFurl": "http%3A%2F%2Flocalhost%3A8080%2Fforward%3F%7Bsite_id%7D",
            "imageurl": "http://localhost:8080/images/320x50.jpg?adid\u003d{ad_id}\u0026#38;bidid\u003d{bid_id}",
            "encodedIurl": "http%3A%2F%2Flocalhost%3A8080%2Fimages%2F320x50.jpg%3Fadid%3D%7Bad_id%7D%26%2338%3Bbidid%3D%7Bbid_id%7D",
            "impid": "23skiddoo",
            "w": 320.0,
            "h": 50.0
          },
          {
            "forwardurl": "http://localhost:8080/forward?{site_id}",
            "encodedFurl": "http%3A%2F%2Flocalhost%3A8080%2Fforward%3F%7Bsite_id%7D",
            "imageurl": "http://localhost:8080/images/320x50.gif?adid\u003d{ad_id}\u0026#38;bidid\u003d{bid_id}",
            "encodedIurl": "http%3A%2F%2Flocalhost%3A8080%2Fimages%2F320x50.gif%3Fadid%3D%7Bad_id%7D%26%2338%3Bbidid%3D%7Bbid_id%7D",
            "impid": "66skiddoo",
            "w": 640.0,
            "h": 480.0
          }
        ],
        "date": [
          20130205,
          20200101
        ]
      }
    ]
  }
]
com.xrtb.db.User@4b213651
]]></system-out>
  <system-err><![CDATA[[Thread-1] INFO org.eclipse.jetty.server.Server - jetty-8.1.13.v20130916
[Thread-1] INFO org.eclipse.jetty.server.AbstractConnector - Started SelectChannelConnector@0.0.0.0:8080
]]></system-err>
</testsuite>
