<?xml version="1.0" encoding="UTF-8" ?>
<testsuite errors="0" failures="0" hostname="ben-OptiPlex-755" name="com.xrtb.tests.TestValidBids" skipped="0" tests="7" time="8.706" timestamp="2015-11-29T16:28:58">
  <properties>
    <property name="java.vendor" value="Oracle Corporation" />
    <property name="lib.dir" value="libs" />
    <property name="sun.java.launcher" value="SUN_STANDARD" />
    <property name="sun.management.compiler" value="HotSpot 64-Bit Tiered Compilers" />
    <property name="os.name" value="Linux" />
    <property name="sun.boot.class.path" value="/usr/lib/jvm/java-8-oracle/jre/lib/resources.jar:/usr/lib/jvm/java-8-oracle/jre/lib/rt.jar:/usr/lib/jvm/java-8-oracle/jre/lib/sunrsasign.jar:/usr/lib/jvm/java-8-oracle/jre/lib/jsse.jar:/usr/lib/jvm/java-8-oracle/jre/lib/jce.jar:/usr/lib/jvm/java-8-oracle/jre/lib/charsets.jar:/usr/lib/jvm/java-8-oracle/jre/lib/jfr.jar:/usr/lib/jvm/java-8-oracle/jre/classes" />
    <property name="sun.desktop" value="gnome" />
    <property name="java.vm.specification.vendor" value="Oracle Corporation" />
    <property name="ant.home" value="/usr/share/ant" />
    <property name="jar.dir" value="libs" />
    <property name="java.runtime.version" value="1.8.0_66-b17" />
    <property name="user.name" value="ben" />
    <property name="build.dir" value="build" />
    <property name="user.language" value="en" />
    <property name="sun.boot.library.path" value="/usr/lib/jvm/java-8-oracle/jre/lib/amd64" />
    <property name="ant.project.default-target" value="jar" />
    <property name="ant.project.name" value="xrtb" />
    <property name="java.version" value="1.8.0_66" />
    <property name="user.timezone" value="" />
    <property name="sun.arch.data.model" value="64" />
    <property name="java.endorsed.dirs" value="/usr/lib/jvm/java-8-oracle/jre/lib/endorsed" />
    <property name="sun.cpu.isalist" value="" />
    <property name="sun.jnu.encoding" value="UTF-8" />
    <property name="file.encoding.pkg" value="sun.io" />
    <property name="file.separator" value="/" />
    <property name="java.specification.name" value="Java Platform API Specification" />
    <property name="classes.dir" value="build/classes" />
    <property name="java.class.version" value="52.0" />
    <property name="user.country" value="US" />
    <property name="java.home" value="/usr/lib/jvm/java-8-oracle/jre" />
    <property name="java.vm.info" value="mixed mode" />
    <property name="ant.file.xrtb" value="/home/ben/workspace/XRTB/build.xml" />
    <property name="main-class" value="com.xrtb.bidder.RTBServer" />
    <property name="ant.file" value="/home/ben/workspace/XRTB/build.xml" />
    <property name="os.version" value="3.13.0-68-generic" />
    <property name="ant.file.type.xrtb" value="file" />
    <property name="path.separator" value=":" />
    <property name="java.vm.version" value="25.66-b17" />
    <property name="report.dir" value="/home/ben/workspace/XRTB/reports" />
    <property name="ant.library.dir" value="/usr/share/ant/lib" />
    <property name="java.awt.printerjob" value="sun.print.PSPrinterJob" />
    <property name="sun.io.unicode.encoding" value="UnicodeLittle" />
    <property name="awt.toolkit" value="sun.awt.X11.XToolkit" />
    <property name="user.home" value="/home/ben" />
    <property name="java.specification.vendor" value="Oracle Corporation" />
    <property name="java.library.path" value=":/usr/local/lib:/usr/java/packages/lib/amd64:/usr/lib64:/lib64:/lib:/usr/lib" />
    <property name="java.vendor.url" value="http://java.oracle.com/" />
    <property name="java.vm.vendor" value="Oracle Corporation" />
    <property name="java.runtime.name" value="Java(TM) SE Runtime Environment" />
    <property name="sun.java.command" value="org.apache.tools.ant.taskdefs.optional.junit.JUnitTestRunner com.xrtb.tests.TestValidBids skipNonTests=false filtertrace=true haltOnError=false haltOnFailure=false formatter=org.apache.tools.ant.taskdefs.optional.junit.SummaryJUnitResultFormatter showoutput=true outputtoformatters=true logfailedtests=true logtestlistenerevents=false formatter=org.apache.tools.ant.taskdefs.optional.junit.XMLJUnitResultFormatter,/home/ben/workspace/XRTB/reports/TEST-com.xrtb.tests.TestValidBids.xml crashfile=/home/ben/workspace/XRTB/junitvmwatcher187118897405385222.properties propsfile=/home/ben/workspace/XRTB/junit1062361464391172744.properties" />
    <property name="java.class.path" value="/home/ben/workspace/XRTB/libs/asm-4.2.jar:/home/ben/workspace/XRTB/libs/cdi-core-9.3.1.v20150714.jar:/home/ben/workspace/XRTB/libs/cdi-servlet-9.3.1.v20150714.jar:/home/ben/workspace/XRTB/libs/cdi-websocket-9.3.1.v20150714.jar:/home/ben/workspace/XRTB/libs/devicemap-client-java-1.1.0.jar:/home/ben/workspace/XRTB/libs/devicemap-data-1.0.3.jar:/home/ben/workspace/XRTB/libs/gson-2.4.jar:/home/ben/workspace/XRTB/libs/hamcrest-all-1.3.jar:/home/ben/workspace/XRTB/libs/hamcrest-core-1.3.jar:/home/ben/workspace/XRTB/libs/hamcrest-library-1.3.jar:/home/ben/workspace/XRTB/libs/jackson-annotations-2.4.0.jar:/home/ben/workspace/XRTB/libs/jackson-core-2.4.4.jar:/home/ben/workspace/XRTB/libs/jackson-databind-2.4.4.jar:/home/ben/workspace/XRTB/libs/jedis-2.7.2.jar:/home/ben/workspace/XRTB/libs/jetty-alpn-server-9.3.1.v20150714.jar:/home/ben/workspace/XRTB/libs/jetty-annotations-9.3.1.v20150714.jar:/home/ben/workspace/XRTB/libs/jetty-client-9.3.1.v20150714.jar:/home/ben/workspace/XRTB/libs/jetty-continuation-9.3.1.v20150714.jar:/home/ben/workspace/XRTB/libs/jetty-deploy-9.3.1.v20150714.jar:/home/ben/workspace/XRTB/libs/jetty-http-9.3.1.v20150714.jar:/home/ben/workspace/XRTB/libs/jetty-infinispan-9.3.1.v20150714.jar:/home/ben/workspace/XRTB/libs/jetty-io-9.3.1.v20150714.jar:/home/ben/workspace/XRTB/libs/jetty-jaas-9.3.1.v20150714.jar:/home/ben/workspace/XRTB/libs/jetty-jaspi-9.3.1.v20150714.jar:/home/ben/workspace/XRTB/libs/jetty-jmx-9.3.1.v20150714.jar:/home/ben/workspace/XRTB/libs/jetty-jndi-9.3.1.v20150714.jar:/home/ben/workspace/XRTB/libs/jetty-nosql-9.3.1.v20150714.jar:/home/ben/workspace/XRTB/libs/jetty-plus-9.3.1.v20150714.jar:/home/ben/workspace/XRTB/libs/jetty-proxy-9.3.1.v20150714.jar:/home/ben/workspace/XRTB/libs/jetty-quickstart-9.3.1.v20150714.jar:/home/ben/workspace/XRTB/libs/jetty-rewrite-9.3.1.v20150714.jar:/home/ben/workspace/XRTB/libs/jetty-schemas-3.1.jar:/home/ben/workspace/XRTB/libs/jetty-security-9.3.1.v20150714.jar:/home/ben/workspace/XRTB/libs/jetty-server-9.3.1.v20150714.jar:/home/ben/workspace/XRTB/libs/jetty-servlet-9.3.1.v20150714.jar:/home/ben/workspace/XRTB/libs/jetty-servlets-9.3.1.v20150714.jar:/home/ben/workspace/XRTB/libs/jetty-util-9.3.1.v20150714.jar:/home/ben/workspace/XRTB/libs/jetty-webapp-9.3.1.v20150714.jar:/home/ben/workspace/XRTB/libs/jetty-xml-9.3.1.v20150714.jar:/home/ben/workspace/XRTB/libs/jmockit-1.12.jar:/home/ben/workspace/XRTB/libs/junit-4.11.jar:/home/ben/workspace/XRTB/libs/kryo-3.0.0.jar:/home/ben/workspace/XRTB/libs/minlog-1.3.0.jar:/home/ben/workspace/XRTB/libs/netty-buffer-4.0.27.Final.jar:/home/ben/workspace/XRTB/libs/netty-codec-4.0.27.Final.jar:/home/ben/workspace/XRTB/libs/netty-codec-http-4.0.27.Final.jar:/home/ben/workspace/XRTB/libs/netty-common-4.0.27.Final.jar:/home/ben/workspace/XRTB/libs/netty-handler-4.0.27.Final.jar:/home/ben/workspace/XRTB/libs/netty-transport-4.0.27.Final.jar:/home/ben/workspace/XRTB/libs/objenesis-2.1.jar:/home/ben/workspace/XRTB/libs/privatex.jar:/home/ben/workspace/XRTB/libs/redisson-2.1.5-SNAPSHOT.jar:/home/ben/workspace/XRTB/libs/reflectasm-1.10.0.jar:/home/ben/workspace/XRTB/libs/servlet-api-3.1.jar:/home/ben/workspace/XRTB/libs/slf4j-api-1.7.10.jar:/home/ben/workspace/XRTB/libs/slf4j-simple-1.7.10.jar:/home/ben/workspace/XRTB/libs/xrtb.jar:/home/ben/workspace/XRTB/build/classes:/usr/share/ant/lib/junit.jar:/usr/share/java/ant-launcher-1.9.3.jar:/usr/share/ant/lib/ant.jar:/usr/share/ant/lib/ant-junit.jar:/usr/share/ant/lib/ant-junit4.jar" />
    <property name="ant.version" value="Apache Ant(TM) version 1.9.3 compiled on April 8 2014" />
    <property name="java.vm.specification.name" value="Java Virtual Machine Specification" />
    <property name="ant.file.type" value="file" />
    <property name="java.vm.specification.version" value="1.8" />
    <property name="sun.cpu.endian" value="little" />
    <property name="sun.os.patch.level" value="unknown" />
    <property name="java.io.tmpdir" value="/tmp" />
    <property name="java.vendor.url.bug" value="http://bugreport.sun.com/bugreport/" />
    <property name="os.arch" value="amd64" />
    <property name="java.awt.graphicsenv" value="sun.awt.X11GraphicsEnvironment" />
    <property name="java.ext.dirs" value="/usr/lib/jvm/java-8-oracle/jre/lib/ext:/usr/java/packages/lib/ext" />
    <property name="user.dir" value="/home/ben/workspace/XRTB" />
    <property name="line.separator" value="&#xa;" />
    <property name="java.vm.name" value="Java HotSpot(TM) 64-Bit Server VM" />
    <property name="basedir" value="/home/ben/workspace/XRTB" />
    <property name="ant.java.version" value="1.8" />
    <property name="ant.core.lib" value="/usr/share/ant/lib/ant.jar" />
    <property name="file.encoding" value="UTF-8" />
    <property name="java.specification.version" value="1.8" />
    <property name="src.dir" value="src" />
    <property name="ant.project.invoked-targets" value="junitreport" />
  </properties>
  <testcase classname="com.xrtb.tests.TestValidBids" name="testNativeContentStreaming" time="0.168" />
  <testcase classname="com.xrtb.tests.TestValidBids" name="testRespondWithNoBid" time="0.008" />
  <testcase classname="com.xrtb.tests.TestValidBids" name="testNativeAppWall" time="0.112" />
  <testcase classname="com.xrtb.tests.TestValidBids" name="testVideoRespondWithBidAfterRecompile" time="1.039" />
  <testcase classname="com.xrtb.tests.TestValidBids" name="testFyberPrivateMkt" time="0.031" />
  <testcase classname="com.xrtb.tests.TestValidBids" name="testBannerRespondWithBid" time="0.022" />
  <testcase classname="com.xrtb.tests.TestValidBids" name="testVideoRespondWithBid" time="0.025" />
  <system-out><![CDATA[{"seatbid":[{"seat":"99999999","bid":[{"impid":"iAmStreamingContentVideo","id":"35c22289-06e2-48e9-a0cd-94aeb79fab43","price":10.5,"adid":"ben:payday","nurl":"http://localhost:8080/rtb/win/nexage/10.5/42.378/-71.227/ben:payday/35c22289-06e2-48e9-a0cd-94aeb79fab43/null/null","cid":"ben:payday","crid":"iAmStreamingContentVideo","iurl":"null","adomain": ["originator.com"],"adm":"%7B%22native%22%3A%7B%22ver%22%3A1%2C%22link%22%3A%7B%22ur%22%3A%22deeplink%3A%2F%2Fdeeplink%2Furl%2Finto%2Fapp%22%2C%22fallback%22%3A%22http%3A%20%2F%2Fi.am.a%2FURL%22%2C%22clicktrackers%22%3A%5B%22http%3A%20%2F%2Fa.com%2Fa%22%2C%22http%3A%20%2F%2Fb.com%2Fb%22%5D%7D%2C%22assets%22%3A%5B%7B%22id%22%3A1%2C%22title%22%3A%7B%22text%22%3A%22Install%20BOA%22%7D%7D%2C%7B%22id%22%3A3%2C%22img%22%3A%7B%22url%22%3A%22http%3A%2F%2Fcdn.mobad.com%2Fad.png%22%2C%22w%22%3A64%2C%22h%22%3A64%7D%7D%2C%7B%22id%22%3A4%2C%22video%22%3A%7B%22vasttag%22%3A%22%3CVAST%20version%3D'2.0'%3E%3C%2FVAST%3E%22%7D%7D%2C%7B%22id%22%3A5%2C%22data%22%3A%7B%22value%22%3A%22Click%22%7D%7D%5D%7D%7D"}]}],"id":"35c22289-06e2-48e9-a0cd-94aeb79fab43","bidid":"35c22289-06e2-48e9-a0cd-94aeb79fab43"}

----------
XTIME: 6
RTTIME: 10
{"seatbid":[{"seat":"99999999","bid":[{"impid":"iAmStreamingContentVideo","id":"35c22289-06e2-48e9-a0cd-94aeb79fab43","price":10.5,"adid":"ben:payday","nurl":"http://localhost:8080/rtb/win/nexage/10.5/42.378/-71.227/ben:payday/35c22289-06e2-48e9-a0cd-94aeb79fab43/null/null","cid":"ben:payday","crid":"iAmStreamingContentVideo","iurl":"null","adomain": ["originator.com"],"adm":"%7B%22native%22%3A%7B%22ver%22%3A1%2C%22link%22%3A%7B%22ur%22%3A%22deeplink%3A%2F%2Fdeeplink%2Furl%2Finto%2Fapp%22%2C%22fallback%22%3A%22http%3A%20%2F%2Fi.am.a%2FURL%22%2C%22clicktrackers%22%3A%5B%22http%3A%20%2F%2Fa.com%2Fa%22%2C%22http%3A%20%2F%2Fb.com%2Fb%22%5D%7D%2C%22assets%22%3A%5B%7B%22id%22%3A1%2C%22title%22%3A%7B%22text%22%3A%22Install%20BOA%22%7D%7D%2C%7B%22id%22%3A3%2C%22img%22%3A%7B%22url%22%3A%22http%3A%2F%2Fcdn.mobad.com%2Fad.png%22%2C%22w%22%3A64%2C%22h%22%3A64%7D%7D%2C%7B%22id%22%3A4%2C%22video%22%3A%7B%22vasttag%22%3A%22%3CVAST%20version%3D'2.0'%3E%3C%2FVAST%3E%22%7D%7D%2C%7B%22id%22%3A5%2C%22data%22%3A%7B%22value%22%3A%22Click%22%7D%7D%5D%7D%7D"}]}],"id":"35c22289-06e2-48e9-a0cd-94aeb79fab43","bidid":"35c22289-06e2-48e9-a0cd-94aeb79fab43"}

{"seatbid":[{"seat":"99999999","bid":[{"impid":"iAmAnAppWall","id":"35c22289-06e2-48e9-a0cd-94aeb79fab43","price":10.0,"adid":"ben:payday","nurl":"http://localhost:8080/rtb/win/nexage/10.0/42.378/-71.227/ben:payday/35c22289-06e2-48e9-a0cd-94aeb79fab43/null/null","cid":"ben:payday","crid":"iAmAnAppWall","iurl":"null","adomain": ["originator.com"],"adm":"%7B%22native%22%3A%7B%22ver%22%3A1%2C%22link%22%3A%7B%22ur%22%3A%22deeplink%3A%2F%2Fdeeplink%2Furl%2Finto%2Fapp%22%2C%22fallback%22%3A%22http%3A%20%2F%2Fi.am.a%2FURL%22%2C%22clicktrackers%22%3A%5B%22http%3A%20%2F%2Fa.com%2Fa%22%2C%22http%3A%20%2F%2Fb.com%2Fb%22%5D%7D%2C%22assets%22%3A%5B%7B%22id%22%3A1%2C%22title%22%3A%7B%22text%22%3A%22Install%20BOA%22%7D%2C%22link%22%3A%7B%22url%22%3A%22http%3A%2F%2Fi.am.a%2FURL%22%7D%7D%2C%7B%22id%22%3A3%2C%22img%22%3A%7B%22url%22%3A%22http%3A%2F%2Fcdn.mobad.com%2Fad.png%22%2C%22w%22%3A64%2C%22h%22%3A64%7D%7D%2C%7B%22id%22%3A4%2C%22data%22%3A%7B%22value%22%3A%22Install%22%7D%2C%22link%22%3A%7B%22url%22%3A%22http%3A%2F%2Fi.am.a%2FURL%22%7D%7D%2C%7B%22id%22%3A2%2C%22data%22%3A%7B%22value%22%3A%225%22%7D%7D%5D%7D%7D"}]}],"id":"35c22289-06e2-48e9-a0cd-94aeb79fab43","bidid":"35c22289-06e2-48e9-a0cd-94aeb79fab43"}

----------
XTIME: 10
RTTIME: 13
{"seatbid":[{"seat":"99999999","bid":[{"impid":"iAmAnAppWall","id":"35c22289-06e2-48e9-a0cd-94aeb79fab43","price":10.0,"adid":"ben:payday","nurl":"http://localhost:8080/rtb/win/nexage/10.0/42.378/-71.227/ben:payday/35c22289-06e2-48e9-a0cd-94aeb79fab43/null/null","cid":"ben:payday","crid":"iAmAnAppWall","iurl":"null","adomain": ["originator.com"],"adm":"%7B%22native%22%3A%7B%22ver%22%3A1%2C%22link%22%3A%7B%22ur%22%3A%22deeplink%3A%2F%2Fdeeplink%2Furl%2Finto%2Fapp%22%2C%22fallback%22%3A%22http%3A%20%2F%2Fi.am.a%2FURL%22%2C%22clicktrackers%22%3A%5B%22http%3A%20%2F%2Fa.com%2Fa%22%2C%22http%3A%20%2F%2Fb.com%2Fb%22%5D%7D%2C%22assets%22%3A%5B%7B%22id%22%3A1%2C%22title%22%3A%7B%22text%22%3A%22Install%20BOA%22%7D%2C%22link%22%3A%7B%22url%22%3A%22http%3A%2F%2Fi.am.a%2FURL%22%7D%7D%2C%7B%22id%22%3A3%2C%22img%22%3A%7B%22url%22%3A%22http%3A%2F%2Fcdn.mobad.com%2Fad.png%22%2C%22w%22%3A64%2C%22h%22%3A64%7D%7D%2C%7B%22id%22%3A4%2C%22data%22%3A%7B%22value%22%3A%22Install%22%7D%2C%22link%22%3A%7B%22url%22%3A%22http%3A%2F%2Fi.am.a%2FURL%22%7D%7D%2C%7B%22id%22%3A2%2C%22data%22%3A%7B%22value%22%3A%225%22%7D%7D%5D%7D%7D"}]}],"id":"35c22289-06e2-48e9-a0cd-94aeb79fab43","bidid":"35c22289-06e2-48e9-a0cd-94aeb79fab43"}

{
  "id": "35c22289-06e2-48e9-a0cd-94aeb79fab43",
  "at": 2.0,
  "imp": [
    {
      "id": "39c22289-06e2-48e9-a0cd-94aeb79fab43-1\u003d3",
      "instl": 0.0,
      "native": {
        "layout": 2.0,
        "assets": [
          {
            "id": 1.0,
            "required": 1.0,
            "title": {
              "len": 1
            }
          },
          {
            "id": 2.0,
            "required": 0.0,
            "data": {
              "type": 3.0,
              "len": 5.0
            }
          },
          {
            "id": 3.0,
            "required": 1.0,
            "img": {
              "type": 1.0,
              "w": 64.0,
              "h": 64.0,
              "mimes": [
                "image/png"
              ]
            }
          },
          {
            "id": 4.0,
            "required": 0.0,
            "data": {
              "type": 2.0,
              "len": 10.0
            }
          }
        ]
      },
      "ext": {
        "nex_screen": 0.0
      }
    }
  ],
  "site": {
    "id": "99201",
    "name": "Bidder Test Mobile WEB",
    "domain": "junk1.com",
    "cat": [
      "IAB1"
    ],
    "keywords": "radiation",
    "page": "http://www.nexage.com",
    "ref": "http://www.iab.net",
    "search": "radiation",
    "publisher": {
      "id": "98401",
      "name": "RTB Bidder Integration Test Publisher"
    },
    "ext": {
      "nex_coppa": 0.0
    }
  },
  "device": {
    "didsha1": "132079238ec783b0b89dff308e1f9bdd08576273",
    "dpidsha1": "f22711a823044bb9ce7ace097955de0286eb0182",
    "ip": "166.137.138.18",
    "carrier": "ATT",
    "ua": "Mozilla/5.0 (iPhone; U; CPU iPhone OS 4_2_1 like Mac OS X; el-gr) AppleWebKit/533.17.9 (KHTML, like Gecko) Version/5.0.2 Mobile/8C148 Safari/6533.18.5",
    "make": "Apple",
    "model": "iPhone",
    "osv": "3.1.2",
    "connectiontype": 3.0,
    "devicetype": 1.0,
    "geo": {
      "lat": 42.378,
      "lon": -71.227,
      "country": "USA"
    }
  },
  "user": {
    "id": "ASDFJKL",
    "yob": 1961.0,
    "gender": "F",
    "keywords": "sports",
    "geo": {
      "country": "USA",
      "city": "Waltham",
      "zip": "02451",
      "region": "MA",
      "type": 3.0
    },
    "ext": {
      "nex_eth": "4",
      "nex_marital": "M",
      "nex_kids": "N",
      "nex_hhi": 75000.0,
      "nex_dma": "Boston"
    }
  }
}
{"seatbid":[{"seat":"99999999","bid":[{"impid":"iAmVideo","id":"35c22289-06e2-48e9-a0cd-94aeb79fab43","price":3.0,"adid":"ben:payday","nurl":"http://localhost:8080/rtb/win/nexage/3.0/42.378/-71.227/ben:payday/35c22289-06e2-48e9-a0cd-94aeb79fab43/null/null","cid":"ben:payday","crid":"iAmVideo","iurl":"null","adomain": ["originator.com"],"adm":"http%3A%2F%2Flocalhost%3A8080%2Fvast%2Fonion270.xml"}]}],"id":"35c22289-06e2-48e9-a0cd-94aeb79fab43","bidid":"35c22289-06e2-48e9-a0cd-94aeb79fab43"}

----------
XTIME: 13
RTTIME: 14
{"seatbid":[{"seat":"99999999","bid":[{"impid":"iAmVideo","id":"35c22289-06e2-48e9-a0cd-94aeb79fab43","price":3.0,"adid":"ben:payday","nurl":"http://localhost:8080/rtb/win/nexage/3.0/42.378/-71.227/ben:payday/35c22289-06e2-48e9-a0cd-94aeb79fab43/null/null","cid":"ben:payday","crid":"iAmVideo","iurl":"null","adomain": ["originator.com"],"adm":"http%3A%2F%2Flocalhost%3A8080%2Fvast%2Fonion270.xml"}]}],"id":"35c22289-06e2-48e9-a0cd-94aeb79fab43","bidid":"35c22289-06e2-48e9-a0cd-94aeb79fab43"}

XTIME: 7
RTTIME: 9
{"seatbid":[{"seat":"99999999","bid":[{"impid":"23skiddoo","id":"35c22289-06e2-48e9-a0cd-94aeb79fab43","price":5.0,"adid":"ben:payday","nurl":"http://localhost:8080/rtb/win/nexage/5.0/42.378/-71.227/ben:payday/35c22289-06e2-48e9-a0cd-94aeb79fab43/http%3A%2F%2Flocalhost%3A8080%2Fcontact.html%3F99201%26adid%3Dben:payday%26crid%3D23skiddoo/http%3A%2F%2Flocalhost%3A8080%2Fimages%2F320x50.jpg%3Fadid%3Dben:payday%26bidid%3D35c22289-06e2-48e9-a0cd-94aeb79fab43","cid":"ben:payday","crid":"23skiddoo","iurl":"http://localhost:8080/images/320x50.jpg?adid=ben:payday&bidid=35c22289-06e2-48e9-a0cd-94aeb79fab43","adomain": ["originator.com"],"adm":"<a href='http://localhost:8080/redirect/ben:payday/nexage/35c22289-06e2-48e9-a0cd-94aeb79fab43?url=http://localhost:8080/contact.html?99201&adid=ben:payday&crid=23skiddoo'><img src='http://localhost:8080/pixel/nexage/ben:payday/35c22289-06e2-48e9-a0cd-94aeb79fab43/${AUCTION_PRICE}/23skiddoo' height='1' width='1'></img><img src='http://localhost:8080/images/320x50.jpg?adid=ben:payday&bidid=35c22289-06e2-48e9-a0cd-94aeb79fab43' height='50.0' width='320.0'></img></a>"}]}],"id":"35c22289-06e2-48e9-a0cd-94aeb79fab43","bidid":"35c22289-06e2-48e9-a0cd-94aeb79fab43"}

{"seatbid":[{"seat":"99999999","bid":[{"impid":"iAmVideo","id":"35c22289-06e2-48e9-a0cd-94aeb79fab43","price":3.0,"adid":"ben:payday","nurl":"http://localhost:8080/rtb/win/nexage/3.0/42.378/-71.227/ben:payday/35c22289-06e2-48e9-a0cd-94aeb79fab43/null/null","cid":"ben:payday","crid":"iAmVideo","iurl":"null","adomain": ["originator.com"],"adm":"http%3A%2F%2Flocalhost%3A8080%2Fvast%2Fonion270.xml"}]}],"id":"35c22289-06e2-48e9-a0cd-94aeb79fab43","bidid":"35c22289-06e2-48e9-a0cd-94aeb79fab43"}

----------
XTIME: 8
RTTIME: 9
{"seatbid":[{"seat":"99999999","bid":[{"impid":"iAmVideo","id":"35c22289-06e2-48e9-a0cd-94aeb79fab43","price":3.0,"adid":"ben:payday","nurl":"http://localhost:8080/rtb/win/nexage/3.0/42.378/-71.227/ben:payday/35c22289-06e2-48e9-a0cd-94aeb79fab43/null/null","cid":"ben:payday","crid":"iAmVideo","iurl":"null","adomain": ["originator.com"],"adm":"http%3A%2F%2Flocalhost%3A8080%2Fvast%2Fonion270.xml"}]}],"id":"35c22289-06e2-48e9-a0cd-94aeb79fab43","bidid":"35c22289-06e2-48e9-a0cd-94aeb79fab43"}

]]></system-out>
  <system-err><![CDATA[[Thread-8] INFO org.eclipse.jetty.util.log - Logging initialized @5410ms
[Thread-8] INFO org.eclipse.jetty.server.Server - jetty-9.3.1.v20150714
[Thread-8] INFO org.eclipse.jetty.server.ServerConnector - Started ServerConnector@683bb790{HTTP/1.1,[http/1.1]}{0.0.0.0:8080}
[Thread-8] INFO org.eclipse.jetty.server.Server - Started @5791ms
]]></system-err>
</testsuite>
